Copyright 1986-2020 Xilinx, Inc. All Rights Reserved.
---------------------------------------------------------------------------------------------
| Tool Version : Vivado v.2020.2 (lin64) Build 3064766 Wed Nov 18 09:12:47 MST 2020
| Date         : Sun Sep 19 11:19:00 2021
| Host         : mconsonni-HP-ProBook-440-G7 running 64-bit Ubuntu 20.04.3 LTS
| Command      : report_control_sets -verbose -file design_1_wrapper_control_sets_placed.rpt
| Design       : design_1_wrapper
| Device       : xc7a35t
---------------------------------------------------------------------------------------------

Control Set Information

Table of Contents
-----------------
1. Summary
2. Histogram
3. Flip-Flop Distribution
4. Detailed Control Set Information

1. Summary
----------

+----------------------------------------------------------+-------+
|                          Status                          | Count |
+----------------------------------------------------------+-------+
| Total control sets                                       |    43 |
|    Minimum number of control sets                        |    43 |
|    Addition due to synthesis replication                 |     0 |
|    Addition due to physical synthesis replication        |     0 |
| Unused register locations in slices containing registers |   150 |
+----------------------------------------------------------+-------+
* Control sets can be merged at opt_design using control_set_merge or merge_equivalent_drivers
** Run report_qor_suggestions for automated merging and remapping suggestions


2. Histogram
------------

+--------------------+-------+
|       Fanout       | Count |
+--------------------+-------+
| Total control sets |    43 |
| >= 0 to < 4        |     8 |
| >= 4 to < 6        |     5 |
| >= 6 to < 8        |     4 |
| >= 8 to < 10       |     4 |
| >= 10 to < 12      |     2 |
| >= 12 to < 14      |     2 |
| >= 14 to < 16      |     2 |
| >= 16              |    16 |
+--------------------+-------+
* Control sets can be remapped at either synth_design or opt_design


3. Flip-Flop Distribution
-------------------------

+--------------+-----------------------+------------------------+-----------------+--------------+
| Clock Enable | Synchronous Set/Reset | Asynchronous Set/Reset | Total Registers | Total Slices |
+--------------+-----------------------+------------------------+-----------------+--------------+
| No           | No                    | No                     |             181 |           47 |
| No           | No                    | Yes                    |              16 |           11 |
| No           | Yes                   | No                     |              89 |           32 |
| Yes          | No                    | No                     |             132 |           47 |
| Yes          | No                    | Yes                    |              66 |           15 |
| Yes          | Yes                   | No                     |             182 |           45 |
+--------------+-----------------------+------------------------+-----------------+--------------+


4. Detailed Control Set Information
-----------------------------------

+----------------------------------------------------------+----------------------------------------------------------------------------------------------------------+------------------------------------------------------------------------------------------------------------------------------------------------------+------------------+----------------+--------------+
|                       Clock Signal                       |                                               Enable Signal                                              |                                                                   Set/Reset Signal                                                                   | Slice Load Count | Bel Load Count | Bels / Slice |
+----------------------------------------------------------+----------------------------------------------------------------------------------------------------------+------------------------------------------------------------------------------------------------------------------------------------------------------+------------------+----------------+--------------+
|  design_1_i/debouncer_0/U0/debounced_int_reg_LDC_i_1_n_0 |                                                                                                          | design_1_i/debouncer_0/U0/debounced_int_reg_LDC_i_2_n_0                                                                                              |                1 |              1 |         1.00 |
|  design_1_i/debouncer_1/U0/debounced_int_reg_LDC_i_1_n_0 |                                                                                                          | design_1_i/debouncer_1/U0/debounced_int_reg_LDC_i_2_n_0                                                                                              |                1 |              1 |         1.00 |
|  design_1_i/clk_wiz_0/inst/clk_out2                      |                                                                                                          | design_1_i/debouncer_1/U0/debounced_int_reg_LDC_i_1_n_0                                                                                              |                1 |              1 |         1.00 |
|  design_1_i/clk_wiz_0/inst/clk_out2                      |                                                                                                          | design_1_i/debouncer_1/U0/debounced_int_reg_LDC_i_2_n_0                                                                                              |                1 |              1 |         1.00 |
|  design_1_i/clk_wiz_0/inst/clk_out2                      |                                                                                                          | design_1_i/debouncer_0/U0/debounced_int_reg_LDC_i_1_n_0                                                                                              |                1 |              1 |         1.00 |
|  design_1_i/clk_wiz_0/inst/clk_out2                      |                                                                                                          | design_1_i/debouncer_0/U0/debounced_int_reg_LDC_i_2_n_0                                                                                              |                1 |              1 |         1.00 |
|  design_1_i/clk_wiz_0/inst/clk_out2                      | design_1_i/depacketizer_0/U0/FSM_sequential_state[2]_i_1_n_0                                             | reset_IBUF                                                                                                                                           |                1 |              3 |         3.00 |
|  design_1_i/clk_wiz_0/inst/clk_out2                      | design_1_i/packetizer_0/U0/FSM_sequential_state[2]_i_1_n_0                                               | reset_IBUF                                                                                                                                           |                1 |              3 |         3.00 |
|  design_1_i/clk_wiz_0/inst/clk_out2                      |                                                                                                          | design_1_i/AXI4Stream_UART_0/U0/FIFO_DATA_TX/gnuram_async_fifo.xpm_fifo_base_inst/xpm_fifo_rst_inst/FSM_onehot_gen_rst_ic.curr_wrst_state[4]_i_1_n_0 |                1 |              4 |         4.00 |
|  design_1_i/clk_wiz_0/inst/clk_out1                      | design_1_i/AXI4Stream_UART_0/U0/UART_Manager_inst/Inst_uart/rx_baud_tick                                 |                                                                                                                                                      |                1 |              4 |         4.00 |
|  design_1_i/clk_wiz_0/inst/clk_out1                      |                                                                                                          | design_1_i/AXI4Stream_UART_0/U0/FIFO_DATA_RX/gnuram_async_fifo.xpm_fifo_base_inst/xpm_fifo_rst_inst/FSM_onehot_gen_rst_ic.curr_wrst_state[4]_i_1_n_0 |                2 |              4 |         2.00 |
|  design_1_i/clk_wiz_0/inst/clk_out2                      | design_1_i/volume_controller_0/U0/volume_value[3]_i_1_n_0                                                | reset_IBUF                                                                                                                                           |                1 |              4 |         4.00 |
|  design_1_i/clk_wiz_0/inst/clk_out2                      | design_1_i/depacketizer_0/U0/m_axis_tlast_int0                                                           | design_1_i/depacketizer_0/U0/tx_words_counter[4]_i_1_n_0                                                                                             |                1 |              5 |         5.00 |
|  design_1_i/clk_wiz_0/inst/clk_out2                      | design_1_i/depacketizer_0/U0/rx_bytes_counter0                                                           |                                                                                                                                                      |                2 |              6 |         3.00 |
|  design_1_i/clk_wiz_0/inst/clk_out2                      | design_1_i/packetizer_0/U0/words_counter0                                                                |                                                                                                                                                      |                3 |              6 |         2.00 |
|  design_1_i/clk_wiz_0/inst/clk_out2                      | design_1_i/depacketizer_0/U0/p_0_in[15]                                                                  | design_1_i/depacketizer_0/U0/data_sr[0][15]_i_1_n_0                                                                                                  |                1 |              7 |         7.00 |
|  design_1_i/clk_wiz_0/inst/clk_out2                      |                                                                                                          | reset_IBUF                                                                                                                                           |                4 |              7 |         1.75 |
|  design_1_i/clk_wiz_0/inst/clk_out1                      | design_1_i/AXI4Stream_UART_0/U0/UART_Manager_inst/data_stream_in[7]_i_1_n_0                              | reset_IBUF                                                                                                                                           |                1 |              8 |         8.00 |
|  design_1_i/clk_wiz_0/inst/clk_out1                      | design_1_i/AXI4Stream_UART_0/U0/UART_Manager_inst/Inst_uart/E[0]                                         | reset_IBUF                                                                                                                                           |                1 |              8 |         8.00 |
|  design_1_i/clk_wiz_0/inst/clk_out2                      | design_1_i/depacketizer_0/U0/p_0_in[7]                                                                   |                                                                                                                                                      |                3 |              8 |         2.67 |
|  design_1_i/clk_wiz_0/inst/clk_out2                      | design_1_i/AXI4Stream_UART_0/U0/FIFO_DATA_RX/gnuram_async_fifo.xpm_fifo_base_inst/gen_fwft.ram_regout_en | design_1_i/AXI4Stream_UART_0/U0/FIFO_DATA_RX/gnuram_async_fifo.xpm_fifo_base_inst/xpm_fifo_rst_inst/gen_rst_ic.fifo_rd_rst_ic_reg_0                  |                2 |              8 |         4.00 |
|  design_1_i/clk_wiz_0/inst/clk_out1                      | design_1_i/AXI4Stream_UART_0/U0/UART_Manager_inst/Inst_uart/uart_tx_count[2]_i_1_n_0                     | reset_IBUF                                                                                                                                           |                3 |             10 |         3.33 |
|  design_1_i/clk_wiz_0/inst/clk_out1                      | design_1_i/AXI4Stream_UART_0/U0/UART_Manager_inst/Inst_uart/uart_rx_data_vec                             | reset_IBUF                                                                                                                                           |                2 |             11 |         5.50 |
|  design_1_i/clk_wiz_0/inst/clk_out2                      |                                                                                                          | design_1_i/AXI4Stream_UART_0/U0/FIFO_DATA_TX/gnuram_async_fifo.xpm_fifo_base_inst/xpm_fifo_rst_inst/wrst_busy                                        |                4 |             12 |         3.00 |
|  design_1_i/clk_wiz_0/inst/clk_out1                      |                                                                                                          | design_1_i/AXI4Stream_UART_0/U0/FIFO_DATA_RX/gnuram_async_fifo.xpm_fifo_base_inst/xpm_fifo_rst_inst/wrst_busy                                        |                5 |             12 |         2.40 |
|  design_1_i/clk_wiz_0/inst/clk_out2                      |                                                                                                          | design_1_i/AXI4Stream_UART_0/U0/FIFO_DATA_RX/gnuram_async_fifo.xpm_fifo_base_inst/xpm_fifo_rst_inst/gen_rst_ic.fifo_rd_rst_ic_reg_0                  |                5 |             15 |         3.00 |
|  design_1_i/clk_wiz_0/inst/clk_out1                      |                                                                                                          | design_1_i/AXI4Stream_UART_0/U0/FIFO_DATA_TX/gnuram_async_fifo.xpm_fifo_base_inst/xpm_fifo_rst_inst/gen_rst_ic.fifo_rd_rst_ic_reg_0                  |                6 |             15 |         2.50 |
|  design_1_i/clk_wiz_0/inst/clk_out2                      | design_1_i/mute_controller_0/U0/m_axis_tlast_reg0                                                        | design_1_i/mute_controller_0/U0/databuf[15]_i_1_n_0                                                                                                  |                3 |             16 |         5.33 |
|  design_1_i/clk_wiz_0/inst/clk_out2                      | design_1_i/packetizer_0/U0/high_byte0                                                                    |                                                                                                                                                      |                3 |             16 |         5.33 |
|  design_1_i/clk_wiz_0/inst/clk_out2                      | design_1_i/volume_controller_0/U0/m_axis_tlast_i_1_n_0                                                   |                                                                                                                                                      |               14 |             17 |         1.21 |
|  design_1_i/clk_wiz_0/inst/clk_out2                      | design_1_i/moving_average_filter_0/U0/m_axis_tlast_reg0                                                  |                                                                                                                                                      |                5 |             17 |         3.40 |
|  design_1_i/clk_wiz_0/inst/clk_out2                      | design_1_i/debouncer_0/U0/counter_0                                                                      | reset_IBUF                                                                                                                                           |                5 |             20 |         4.00 |
|  design_1_i/clk_wiz_0/inst/clk_out2                      | design_1_i/debouncer_1/U0/counter_0                                                                      | reset_IBUF                                                                                                                                           |                5 |             20 |         4.00 |
|  design_1_i/clk_wiz_0/inst/clk_out2                      | design_1_i/moving_average_filter_0/U0/left_sum0                                                          |                                                                                                                                                      |                6 |             21 |         3.50 |
|  design_1_i/clk_wiz_0/inst/clk_out2                      | design_1_i/moving_average_filter_0/U0/right_sum0                                                         |                                                                                                                                                      |                6 |             21 |         3.50 |
|  design_1_i/clk_wiz_0/inst/clk_out2                      | design_1_i/AXI4Stream_UART_0/U0/FIFO_DATA_RX/gnuram_async_fifo.xpm_fifo_base_inst/rdp_inst/E[0]          | design_1_i/AXI4Stream_UART_0/U0/FIFO_DATA_RX/gnuram_async_fifo.xpm_fifo_base_inst/xpm_fifo_rst_inst/gen_rst_ic.fifo_rd_rst_ic_reg_0                  |                6 |             23 |         3.83 |
|  design_1_i/clk_wiz_0/inst/clk_out1                      | design_1_i/AXI4Stream_UART_0/U0/FIFO_DATA_TX/gnuram_async_fifo.xpm_fifo_base_inst/rdp_inst/E[0]          | design_1_i/AXI4Stream_UART_0/U0/FIFO_DATA_TX/gnuram_async_fifo.xpm_fifo_base_inst/xpm_fifo_rst_inst/gen_rst_ic.fifo_rd_rst_ic_reg_0                  |                6 |             23 |         3.83 |
|  design_1_i/clk_wiz_0/inst/clk_out1                      |                                                                                                          | reset_IBUF                                                                                                                                           |               10 |             30 |         3.00 |
|  design_1_i/clk_wiz_0/inst/clk_out2                      | design_1_i/depacketizer_0/U0/data_sr_reg[1]0                                                             |                                                                                                                                                      |                4 |             32 |         8.00 |
|  design_1_i/clk_wiz_0/inst/clk_out1                      | design_1_i/AXI4Stream_UART_0/U0/FIFO_DATA_RX/gnuram_async_fifo.xpm_fifo_base_inst/xpm_fifo_rst_inst/E[0] | design_1_i/AXI4Stream_UART_0/U0/FIFO_DATA_RX/gnuram_async_fifo.xpm_fifo_base_inst/xpm_fifo_rst_inst/wrst_busy                                        |                9 |             34 |         3.78 |
|  design_1_i/clk_wiz_0/inst/clk_out2                      | design_1_i/AXI4Stream_UART_0/U0/FIFO_DATA_TX/gnuram_async_fifo.xpm_fifo_base_inst/xpm_fifo_rst_inst/E[0] | design_1_i/AXI4Stream_UART_0/U0/FIFO_DATA_TX/gnuram_async_fifo.xpm_fifo_base_inst/xpm_fifo_rst_inst/wrst_busy                                        |               12 |             45 |         3.75 |
|  design_1_i/clk_wiz_0/inst/clk_out1                      |                                                                                                          |                                                                                                                                                      |               18 |             82 |         4.56 |
|  design_1_i/clk_wiz_0/inst/clk_out2                      |                                                                                                          |                                                                                                                                                      |               29 |             99 |         3.41 |
+----------------------------------------------------------+----------------------------------------------------------------------------------------------------------+------------------------------------------------------------------------------------------------------------------------------------------------------+------------------+----------------+--------------+


