#
# An unexpected error has occurred (11)
#
Stack:
/tools/Xilinx_Vitis/Vivado/2020.2/tps/lnx64/jre11.0.2/lib//server/libjvm.so(+0xc04c3b) [0x7f09fc244c3b]
/tools/Xilinx_Vitis/Vivado/2020.2/tps/lnx64/jre11.0.2/lib//server/libjvm.so(JVM_handle_linux_signal+0x14e) [0x7f09fc2498de]
/tools/Xilinx_Vitis/Vivado/2020.2/tps/lnx64/jre11.0.2/lib//server/libjvm.so(+0xbfd538) [0x7f09fc23d538]
/lib/x86_64-linux-gnu/libc.so.6(+0x46210) [0x7f0a51d68210]
/tools/Xilinx_Vitis/Vivado/2020.2/lib/lnx64.o/librdi_simbridge_kernel.so(SimBridge::CArray::empty() const+0) [0x7f0a02dbda00]
/tools/Xilinx_Vitis/Vivado/2020.2/lib/lnx64.o/librdi_simbridge_kernel.so(SimBridge::WdbEventBlock::addBlock(SimBridge::WdbIBlockManager&, unsigned int&) const+0x1c) [0x7f0a02dbe0dc]
/tools/Xilinx_Vitis/Vivado/2020.2/lib/lnx64.o/librdi_simbridge_kernel.so(SimBridge::WdbMultipleBucketEventDatabase::getEventBlockDatabaseIterator(std::vector<SimBridge::WdbScalarBTree*, std::allocator<SimBridge::WdbScalarBTree*> > const&, std::vector<boost::shared_ptr<SimBridge::WdbIEventBlockIterator>, std::allocator<boost::shared_ptr<SimBridge::WdbIEventBlockIterator> > >&, std::vector<std::vector<SimBridge::WdbScalarBTree*, std::allocator<SimBridge::WdbScalarBTree*> >, std::allocator<std::vector<SimBridge::WdbScalarBTree*, std::allocator<SimBridge::WdbScalarBTree*> > > >&) const+0x691) [0x7f0a02dd8071]
/tools/Xilinx_Vitis/Vivado/2020.2/lib/lnx64.o/librdi_simbridge_kernel.so(SimBridge::WdbAddressBTreeManager::scanWdbDatabaseMultiThread(std::vector<SimBridge::WdbScalarBTree*, std::allocator<SimBridge::WdbScalarBTree*> > const&, ISIM::IGuiStatus*)+0xf0) [0x7f0a02db4ee0]
/tools/Xilinx_Vitis/Vivado/2020.2/lib/lnx64.o/librdi_wavedata.so(SimBridge::DataObjMgr::createDrawingBTree(std::vector<SimBridge::IDataObj const*, std::allocator<SimBridge::IDataObj const*> > const&, ISIM::IGuiStatus*, bool)+0x32a) [0x7f0a0e13e58a]
/tools/Xilinx_Vitis/Vivado/2020.2/lib/lnx64.o/librdi_wavedata.so(+0x2df6b2) [0x7f0a0e1fd6b2]
/tools/Xilinx_Vitis/Vivado/2020.2/lib/lnx64.o/librdi_wavedata.so(+0x2df95c) [0x7f0a0e1fd95c]
/tools/Xilinx_Vitis/Vivado/2020.2/lib/lnx64.o/librdi_wavedata.so(SG_Model::ModelImp::updateData(SG_Model::WVDataObject*, bool)+0x30f) [0x7f0a0e1f790f]
/tools/Xilinx_Vitis/Vivado/2020.2/lib/lnx64.o/librdi_wavedata.so(SG_Model::ModelImp::updateData(SG_Model::WVDataObject*, bool)+0x18f) [0x7f0a0e1f778f]
/tools/Xilinx_Vitis/Vivado/2020.2/lib/lnx64.o/librdi_wavedata.so(SG_Model::ModelImp::updateData()+0x96b) [0x7f0a0e1f85fb]
/tools/Xilinx_Vitis/Vivado/2020.2/lib/lnx64.o/librdi_wavedata.so(SG_Model::Model::read(std::__cxx11::basic_string<char, std::char_traits<char>, std::allocator<char> > const&, SG_Model::IReporter&, ISIM::IGuiStatus*)+0x20d) [0x7f0a0e1f9d8d]
/tools/Xilinx_Vitis/Vivado/2020.2/lib/lnx64.o/librdi_wavedata.so(WVDAppInterface::WVDWindowManager::openWcfg(std::__cxx11::basic_string<char, std::char_traits<char>, std::allocator<char> > const&, SG_Model::IDesignManager::ConnectMode, ISIM::IGuiStatus*)+0x143) [0x7f0a0e0c1e03]
/tools/Xilinx_Vitis/Vivado/2020.2/lib/lnx64.o/librdi_wavedatatasks.so(+0xa2ad3) [0x7f09c1c13ad3]
/tools/Xilinx_Vitis/Vivado/2020.2/lib/lnx64.o/librdi_common.so(+0x9cfb1d) [0x7f0a530a1b1d]
/tools/Xilinx_Vitis/Vivado/2020.2/lib/lnx64.o/libtcl8.5.so(+0x3356f) [0x7f0a4d44b56f]
/tools/Xilinx_Vitis/Vivado/2020.2/lib/lnx64.o/libtcl8.5.so(Tcl_EvalObjv+0x32) [0x7f0a4d44b6a2]
/tools/Xilinx_Vitis/Vivado/2020.2/lib/lnx64.o/libtcl8.5.so(TclEvalObjEx+0x322) [0x7f0a4d44d4c2]
/tools/Xilinx_Vitis/Vivado/2020.2/lib/lnx64.o/librdi_common.so(hdi::tcltasks::task_manager::eval_in_tcl(Tcl_Interp*, Tcl_Obj*, char const*, bool)+0xb59) [0x7f0a530a3929]
/tools/Xilinx_Vitis/Vivado/2020.2/lib/lnx64.o/librdi_simtcltasks.so(+0x13b056) [0x7f09c2072056]
/tools/Xilinx_Vitis/Vivado/2020.2/lib/lnx64.o/librdi_common.so(+0x9cfb1d) [0x7f0a530a1b1d]
/tools/Xilinx_Vitis/Vivado/2020.2/lib/lnx64.o/libtcl8.5.so(+0x3356f) [0x7f0a4d44b56f]
/tools/Xilinx_Vitis/Vivado/2020.2/lib/lnx64.o/libtcl8.5.so(+0x34bf8) [0x7f0a4d44cbf8]
/tools/Xilinx_Vitis/Vivado/2020.2/lib/lnx64.o/libtcl8.5.so(Tcl_EvalEx+0x13) [0x7f0a4d44d163]
/tools/Xilinx_Vitis/Vivado/2020.2/lib/lnx64.o/libtcl8.5.so(TclEvalObjEx+0x1e0) [0x7f0a4d44d380]
/tools/Xilinx_Vitis/Vivado/2020.2/lib/lnx64.o/libtcl8.5.so(+0x3b445) [0x7f0a4d453445]
/tools/Xilinx_Vitis/Vivado/2020.2/lib/lnx64.o/libtcl8.5.so(+0x3356f) [0x7f0a4d44b56f]
/tools/Xilinx_Vitis/Vivado/2020.2/lib/lnx64.o/libtcl8.5.so(+0x76945) [0x7f0a4d48e945]
/tools/Xilinx_Vitis/Vivado/2020.2/lib/lnx64.o/libtcl8.5.so(+0x7e0f9) [0x7f0a4d4960f9]
/tools/Xilinx_Vitis/Vivado/2020.2/lib/lnx64.o/libtcl8.5.so(TclEvalObjEx+0x76) [0x7f0a4d44d216]
/tools/Xilinx_Vitis/Vivado/2020.2/lib/lnx64.o/librdi_commontasks.so(+0x1dba74) [0x7f0a45feda74]
/tools/Xilinx_Vitis/Vivado/2020.2/lib/lnx64.o/libtcl8.5.so(+0x3356f) [0x7f0a4d44b56f]
/tools/Xilinx_Vitis/Vivado/2020.2/lib/lnx64.o/libtcl8.5.so(+0x76945) [0x7f0a4d48e945]
/tools/Xilinx_Vitis/Vivado/2020.2/lib/lnx64.o/libtcl8.5.so(TclObjInterpProcCore+0x420) [0x7f0a4d4cfed0]
/tools/Xilinx_Vitis/Vivado/2020.2/lib/lnx64.o/libtcl8.5.so(+0x3356f) [0x7f0a4d44b56f]
/tools/Xilinx_Vitis/Vivado/2020.2/lib/lnx64.o/libtcl8.5.so(Tcl_EvalObjv+0x32) [0x7f0a4d44b6a2]
/tools/Xilinx_Vitis/Vivado/2020.2/lib/lnx64.o/libtcl8.5.so(TclEvalObjEx+0x322) [0x7f0a4d44d4c2]
/tools/Xilinx_Vitis/Vivado/2020.2/lib/lnx64.o/librdi_tcltasks.so(SimUtils::detail::execStep(Tcl_Interp*, std::__cxx11::basic_ostringstream<char, std::char_traits<char>, std::allocator<char> >&, std::__cxx11::basic_string<char, std::char_traits<char>, std::allocator<char> > const&, std::__cxx11::basic_string<char, std::char_traits<char>, std::allocator<char> > const&, std::__cxx11::basic_string<char, std::char_traits<char>, std::allocator<char> >&, bool&)+0x1ee) [0x7f0a43d211fe]
/tools/Xilinx_Vitis/Vivado/2020.2/lib/lnx64.o/librdi_tcltasks.so(SimUtils::detail::execSimStep(Tcl_Interp*, std::__cxx11::basic_ostringstream<char, std::char_traits<char>, std::allocator<char> >&, HAPUFSimulator*, HAPUFSimulator::TclProc, std::__cxx11::basic_string<char, std::char_traits<char>, std::allocator<char> > const&, bool, HADAFileSet*, std::__cxx11::basic_string<char, std::char_traits<char>, std::allocator<char> > const&, HAPUFSimulator::SimulationStep, bool, HDGUIStatus*)+0x75) [0x7f0a43d21435]
/tools/Xilinx_Vitis/Vivado/2020.2/lib/lnx64.o/librdi_tcltasks.so(HTCSimUtils::executeStep(Tcl_Interp*, HADAFileSet*, HADAFileSet*, HAPUFSimulator*, HDGUIStatus*, std::__cxx11::basic_string<char, std::char_traits<char>, std::allocator<char> > const&, std::__cxx11::basic_string<char, std::char_traits<char>, std::allocator<char> > const&, std::__cxx11::basic_string<char, std::char_traits<char>, std::allocator<char> > const&, bool, bool, bool, std::__cxx11::basic_ostringstream<char, std::char_traits<char>, std::allocator<char> >&)+0x4b7) [0x7f0a43d21a97]
/tools/Xilinx_Vitis/Vivado/2020.2/lib/lnx64.o/librdi_tcltasks.so(+0x1927eec) [0x7f0a43cc7eec]
/tools/Xilinx_Vitis/Vivado/2020.2/lib/lnx64.o/librdi_common.so(+0x9cfb1d) [0x7f0a530a1b1d]
/tools/Xilinx_Vitis/Vivado/2020.2/lib/lnx64.o/libtcl8.5.so(+0x3356f) [0x7f0a4d44b56f]
/tools/Xilinx_Vitis/Vivado/2020.2/lib/lnx64.o/libtcl8.5.so(+0x76945) [0x7f0a4d48e945]
/tools/Xilinx_Vitis/Vivado/2020.2/lib/lnx64.o/libtcl8.5.so(+0x7e0f9) [0x7f0a4d4960f9]
/tools/Xilinx_Vitis/Vivado/2020.2/lib/lnx64.o/libtcl8.5.so(TclEvalObjEx+0x76) [0x7f0a4d44d216]
/tools/Xilinx_Vitis/Vivado/2020.2/lib/lnx64.o/librdi_common.so(+0x9ce041) [0x7f0a530a0041]
/tools/Xilinx_Vitis/Vivado/2020.2/lib/lnx64.o/libtcl8.5.so(Tcl_ServiceEvent+0x7f) [0x7f0a4d4bfbef]
/tools/Xilinx_Vitis/Vivado/2020.2/lib/lnx64.o/libtcl8.5.so(Tcl_DoOneEvent+0x154) [0x7f0a4d4bff24]
/tools/Xilinx_Vitis/Vivado/2020.2/lib/lnx64.o/librdi_commontasks.so(+0x23caa5) [0x7f0a4604eaa5]
/tools/Xilinx_Vitis/Vivado/2020.2/lib/lnx64.o/librdi_commontasks.so(+0x23fbb5) [0x7f0a46051bb5]
/tools/Xilinx_Vitis/Vivado/2020.2/lib/lnx64.o/librdi_commontasks.so(+0x240bde) [0x7f0a46052bde]
/tools/Xilinx_Vitis/Vivado/2020.2/lib/lnx64.o/librdi_common.so(+0x9cfb1d) [0x7f0a530a1b1d]
/tools/Xilinx_Vitis/Vivado/2020.2/lib/lnx64.o/libtcl8.5.so(+0x3356f) [0x7f0a4d44b56f]
/tools/Xilinx_Vitis/Vivado/2020.2/lib/lnx64.o/libtcl8.5.so(+0x76945) [0x7f0a4d48e945]
/tools/Xilinx_Vitis/Vivado/2020.2/lib/lnx64.o/libtcl8.5.so(+0x7e0f9) [0x7f0a4d4960f9]
/tools/Xilinx_Vitis/Vivado/2020.2/lib/lnx64.o/libtcl8.5.so(TclEvalObjEx+0x76) [0x7f0a4d44d216]
/tools/Xilinx_Vitis/Vivado/2020.2/lib/lnx64.o/librdi_commonmain.so(+0xad53) [0x7f0a524cad53]
/tools/Xilinx_Vitis/Vivado/2020.2/lib/lnx64.o/libtcl8.5.so(Tcl_Main+0x1d0) [0x7f0a4d4b82f0]
/tools/Xilinx_Vitis/Vivado/2020.2/lib/lnx64.o/librdi_common.so(+0xa1442b) [0x7f0a530e642b]
/lib/x86_64-linux-gnu/libpthread.so.0(+0x9609) [0x7f0a51d08609]
/lib/x86_64-linux-gnu/libc.so.6(clone+0x43) [0x7f0a51e44293]
