#-----------------------------------------------------------
# Vivado v2019.2 (64-bit)
# SW Build 2708876 on Wed Nov  6 21:40:23 MST 2019
# IP Build 2700528 on Thu Nov  7 00:09:20 MST 2019
# Start of session at: Sun Aug 23 19:04:17 2020
# Process ID: 11320
# Current directory: C:/DESD/Projects/LAB1_01_KittCar_proj.xpr/KittCar
# Command line: vivado.exe -gui_launcher_event rodinguilauncherevent9132 C:\DESD\Projects\LAB1_01_KittCar_proj.xpr\KittCar\KittCar.xpr
# Log file: C:/DESD/Projects/LAB1_01_KittCar_proj.xpr/KittCar/vivado.log
# Journal file: C:/DESD/Projects/LAB1_01_KittCar_proj.xpr/KittCar\vivado.jou
#-----------------------------------------------------------
start_gui
open_project C:/DESD/Projects/LAB1_01_KittCar_proj.xpr/KittCar/KittCar.xpr
INFO: [Project 1-313] Project file moved from 'C:/DESD/Project/LAB1 - 01 - KittCar/KittCar/.Xil/Vivado-24328-NicolaPC/PrjAr/_X_' since last save.
Scanning sources...
Finished scanning sources
INFO: [IP_Flow 19-234] Refreshing IP repositories
INFO: [IP_Flow 19-1704] No user IP repositories specified
INFO: [IP_Flow 19-2313] Loaded Vivado IP repository 'C:/Xilinx/Vivado/2019.2/data/ip'.
open_project: Time (s): cpu = 00:00:14 ; elapsed = 00:00:06 . Memory (MB): peak = 807.977 ; gain = 138.266
exit
INFO: [Common 17-206] Exiting Vivado at Sun Aug 23 19:13:06 2020...
