#-----------------------------------------------------------
# Vivado v2020.2 (64-bit)
# SW Build 3064766 on Wed Nov 18 09:12:45 MST 2020
# IP Build 3064653 on Wed Nov 18 14:17:31 MST 2020
# Start of session at: Mon Sep 13 16:43:45 2021
# Process ID: 14064
# Current directory: C:/DESD/Projects/LAB1_01_KittCar_proj.xpr/KittCar
# Command line: vivado.exe -gui_launcher_event rodinguilauncherevent12276 C:\DESD\Projects\LAB1_01_KittCar_proj.xpr\KittCar\KittCar.xpr
# Log file: C:/DESD/Projects/LAB1_01_KittCar_proj.xpr/KittCar/vivado.log
# Journal file: C:/DESD/Projects/LAB1_01_KittCar_proj.xpr/KittCar\vivado.jou
#-----------------------------------------------------------
start_gui
open_project C:/DESD/Projects/LAB1_01_KittCar_proj.xpr/KittCar/KittCar.xpr
Scanning sources...
Finished scanning sources
INFO: [Project 1-230] Project 'KittCar.xpr' upgraded for this version of Vivado.
INFO: [IP_Flow 19-234] Refreshing IP repositories
INFO: [IP_Flow 19-1704] No user IP repositories specified
INFO: [IP_Flow 19-2313] Loaded Vivado IP repository 'C:/Xilinx2/Vivado/2020.2/data/ip'.
open_project: Time (s): cpu = 00:00:19 ; elapsed = 00:00:08 . Memory (MB): peak = 1125.164 ; gain = 0.000
exit
INFO: [Common 17-206] Exiting Vivado at Mon Sep 13 17:03:40 2021...
