
*** Running vivado
    with args -log design_1_AXI4Stream_7Segment_0_0.vds -m64 -product Vivado -mode batch -messageDb vivado.pb -notrace -source design_1_AXI4Stream_7Segment_0_0.tcl


****** Vivado v2019.2 (64-bit)
  **** SW Build 2708876 on Wed Nov  6 21:40:23 MST 2019
  **** IP Build 2700528 on Thu Nov  7 00:09:20 MST 2019
    ** Copyright 1986-2019 Xilinx, Inc. All Rights Reserved.

source design_1_AXI4Stream_7Segment_0_0.tcl -notrace
INFO: [IP_Flow 19-234] Refreshing IP repositories
INFO: [IP_Flow 19-1700] Loaded user IP repository 'c:/DESD/DESD_20200901_template_OK.xpr/DESD20200901_template/DESD20200901_template.ipdefs/axi4-stream-uart_0_0'.
INFO: [IP_Flow 19-2313] Loaded Vivado IP repository 'C:/Xilinx/Vivado/2019.2/data/ip'.
WARNING: [IP_Flow 19-4995] The host OS only allows 260 characters in a normal path. The IP cache path is more than 80 characters. If you experience issues with IP caching, please consider changing the IP cache to a location with a shorter path. Alternately consider using the OS subst command to map part of the path to a drive letter. 
Current IP cache path is c:/DESD/DESD_20200901_template_OK.xpr/DESD20200901_template/DESD20200901_template.cache/ip 
Command: synth_design -top design_1_AXI4Stream_7Segment_0_0 -part xc7a35tcpg236-1 -mode out_of_context
Starting synth_design
WARNING: [IP_Flow 19-3571] IP 'design_1_AXI4Stream_7Segment_0_0' is restricted:
* Module reference is stale and needs refreshing.
Attempting to get a license for feature 'Synthesis' and/or device 'xc7a35t'
INFO: [Common 17-349] Got license for feature 'Synthesis' and/or device 'xc7a35t'
INFO: [Device 21-403] Loading part xc7a35tcpg236-1
INFO: Launching helper process for spawning children vivado processes
INFO: Helper process launched with PID 9444 
---------------------------------------------------------------------------------
Starting RTL Elaboration : Time (s): cpu = 00:00:12 ; elapsed = 00:00:15 . Memory (MB): peak = 863.734 ; gain = 234.289
---------------------------------------------------------------------------------
INFO: [Synth 8-638] synthesizing module 'design_1_AXI4Stream_7Segment_0_0' [c:/DESD/DESD_20200901_template_OK.xpr/DESD20200901_template/DESD20200901_template.srcs/sources_1/bd/design_1/ip/design_1_AXI4Stream_7Segment_0_0/synth/design_1_AXI4Stream_7Segment_0_0.vhd:68]
	Parameter NUM_OF_DIGITS bound to: 4 - type: integer 
	Parameter ANODE_TICKS bound to: 20000 - type: integer 
INFO: [Synth 8-3491] module 'AXI4Stream_7Segment' declared at 'C:/DESD/DESD_20200901_template_OK.xpr/DESD20200901_template/DESD20200901_template.srcs/sources_1/new/AXI4Stream_7Segment.vhd:5' bound to instance 'U0' of component 'AXI4Stream_7Segment' [c:/DESD/DESD_20200901_template_OK.xpr/DESD20200901_template/DESD20200901_template.srcs/sources_1/bd/design_1/ip/design_1_AXI4Stream_7Segment_0_0/synth/design_1_AXI4Stream_7Segment_0_0.vhd:105]
INFO: [Synth 8-638] synthesizing module 'AXI4Stream_7Segment' [C:/DESD/DESD_20200901_template_OK.xpr/DESD20200901_template/DESD20200901_template.srcs/sources_1/new/AXI4Stream_7Segment.vhd:30]
	Parameter NUM_OF_DIGITS bound to: 4 - type: integer 
	Parameter ANODE_TICKS bound to: 20000 - type: integer 
WARNING: [Synth 8-614] signal 'aresetn' is read in the process but is not in the sensitivity list [C:/DESD/DESD_20200901_template_OK.xpr/DESD20200901_template/DESD20200901_template.srcs/sources_1/new/AXI4Stream_7Segment.vhd:81]
INFO: [Synth 8-256] done synthesizing module 'AXI4Stream_7Segment' (1#1) [C:/DESD/DESD_20200901_template_OK.xpr/DESD20200901_template/DESD20200901_template.srcs/sources_1/new/AXI4Stream_7Segment.vhd:30]
INFO: [Synth 8-256] done synthesizing module 'design_1_AXI4Stream_7Segment_0_0' (2#1) [c:/DESD/DESD_20200901_template_OK.xpr/DESD20200901_template/DESD20200901_template.srcs/sources_1/bd/design_1/ip/design_1_AXI4Stream_7Segment_0_0/synth/design_1_AXI4Stream_7Segment_0_0.vhd:68]
---------------------------------------------------------------------------------
Finished RTL Elaboration : Time (s): cpu = 00:00:15 ; elapsed = 00:00:18 . Memory (MB): peak = 940.504 ; gain = 311.059
---------------------------------------------------------------------------------

Report Check Netlist: 
+------+------------------+-------+---------+-------+------------------+
|      |Item              |Errors |Warnings |Status |Description       |
+------+------------------+-------+---------+-------+------------------+
|1     |multi_driven_nets |      0|        0|Passed |Multi driven nets |
+------+------------------+-------+---------+-------+------------------+
---------------------------------------------------------------------------------
Start Handling Custom Attributes
---------------------------------------------------------------------------------
---------------------------------------------------------------------------------
Finished Handling Custom Attributes : Time (s): cpu = 00:00:16 ; elapsed = 00:00:20 . Memory (MB): peak = 940.504 ; gain = 311.059
---------------------------------------------------------------------------------
---------------------------------------------------------------------------------
Finished RTL Optimization Phase 1 : Time (s): cpu = 00:00:16 ; elapsed = 00:00:20 . Memory (MB): peak = 940.504 ; gain = 311.059
---------------------------------------------------------------------------------
Netlist sorting complete. Time (s): cpu = 00:00:00 ; elapsed = 00:00:00.003 . Memory (MB): peak = 940.504 ; gain = 0.000
INFO: [Project 1-570] Preparing netlist for logic optimization

Processing XDC Constraints
Initializing timing engine
Completed Processing XDC Constraints

Netlist sorting complete. Time (s): cpu = 00:00:00 ; elapsed = 00:00:00 . Memory (MB): peak = 1017.645 ; gain = 0.000
INFO: [Project 1-111] Unisim Transformation Summary:
No Unisim elements were transformed.

WARNING: [Constraints 18-5210] No constraints selected for write.
Resolution: This message can indicate that there are no constraints for the design, or it can indicate that the used_in flags are set such that the constraints are ignored. This later case is used when running synth_design to not write synthesis constraints to the resulting checkpoint. Instead, project constraints are read when the synthesized design is opened.
Constraint Validation Runtime : Time (s): cpu = 00:00:00 ; elapsed = 00:00:00.203 . Memory (MB): peak = 1020.641 ; gain = 2.996
---------------------------------------------------------------------------------
Finished Constraint Validation : Time (s): cpu = 00:00:33 ; elapsed = 00:00:38 . Memory (MB): peak = 1020.641 ; gain = 391.195
---------------------------------------------------------------------------------
---------------------------------------------------------------------------------
Start Loading Part and Timing Information
---------------------------------------------------------------------------------
Loading part: xc7a35tcpg236-1
---------------------------------------------------------------------------------
Finished Loading Part and Timing Information : Time (s): cpu = 00:00:33 ; elapsed = 00:00:38 . Memory (MB): peak = 1020.641 ; gain = 391.195
---------------------------------------------------------------------------------
---------------------------------------------------------------------------------
Start Applying 'set_property' XDC Constraints
---------------------------------------------------------------------------------
---------------------------------------------------------------------------------
Finished applying 'set_property' XDC Constraints : Time (s): cpu = 00:00:33 ; elapsed = 00:00:38 . Memory (MB): peak = 1020.641 ; gain = 391.195
---------------------------------------------------------------------------------
---------------------------------------------------------------------------------
Finished RTL Optimization Phase 2 : Time (s): cpu = 00:00:33 ; elapsed = 00:00:39 . Memory (MB): peak = 1020.641 ; gain = 391.195
---------------------------------------------------------------------------------

Report RTL Partitions: 
+-+--------------+------------+----------+
| |RTL Partition |Replication |Instances |
+-+--------------+------------+----------+
+-+--------------+------------+----------+
---------------------------------------------------------------------------------
Start RTL Component Statistics 
---------------------------------------------------------------------------------
Detailed RTL Component Info : 
+---Adders : 
	   2 Input     15 Bit       Adders := 1     
	   2 Input      2 Bit       Adders := 1     
+---Registers : 
	               15 Bit    Registers := 1     
	                7 Bit    Registers := 1     
	                5 Bit    Registers := 4     
	                4 Bit    Registers := 1     
	                2 Bit    Registers := 1     
	                1 Bit    Registers := 1     
+---Muxes : 
	   2 Input     15 Bit        Muxes := 1     
	   4 Input      5 Bit        Muxes := 1     
	   2 Input      2 Bit        Muxes := 1     
---------------------------------------------------------------------------------
Finished RTL Component Statistics 
---------------------------------------------------------------------------------
---------------------------------------------------------------------------------
Start RTL Hierarchical Component Statistics 
---------------------------------------------------------------------------------
Hierarchical RTL Component report 
Module AXI4Stream_7Segment 
Detailed RTL Component Info : 
+---Adders : 
	   2 Input     15 Bit       Adders := 1     
	   2 Input      2 Bit       Adders := 1     
+---Registers : 
	               15 Bit    Registers := 1     
	                7 Bit    Registers := 1     
	                5 Bit    Registers := 4     
	                4 Bit    Registers := 1     
	                2 Bit    Registers := 1     
	                1 Bit    Registers := 1     
+---Muxes : 
	   2 Input     15 Bit        Muxes := 1     
	   4 Input      5 Bit        Muxes := 1     
	   2 Input      2 Bit        Muxes := 1     
---------------------------------------------------------------------------------
Finished RTL Hierarchical Component Statistics
---------------------------------------------------------------------------------
---------------------------------------------------------------------------------
Start Part Resource Summary
---------------------------------------------------------------------------------
Part Resources:
DSPs: 90 (col length:60)
BRAMs: 100 (col length: RAMB18 60 RAMB36 30)
---------------------------------------------------------------------------------
Finished Part Resource Summary
---------------------------------------------------------------------------------
---------------------------------------------------------------------------------
Start Cross Boundary and Area Optimization
---------------------------------------------------------------------------------
Warning: Parallel synthesis criteria is not met 
INFO: [Synth 8-3886] merging instance 'U0/nibbles_reg[3][4]' (FDPE) to 'U0/nibbles_reg[2][4]'
INFO: [Synth 8-3886] merging instance 'U0/nibbles_reg[2][4]' (FDPE) to 'U0/nibbles_reg[0][4]'
INFO: [Synth 8-3886] merging instance 'U0/nibbles_reg[1][4]' (FDPE) to 'U0/nibbles_reg[0][4]'
---------------------------------------------------------------------------------
Finished Cross Boundary and Area Optimization : Time (s): cpu = 00:00:38 ; elapsed = 00:00:43 . Memory (MB): peak = 1020.641 ; gain = 391.195
---------------------------------------------------------------------------------
---------------------------------------------------------------------------------
Start ROM, RAM, DSP and Shift Register Reporting
---------------------------------------------------------------------------------

ROM:
+---------------------------------+------------------------+---------------+----------------+
|Module Name                      | RTL Object             | Depth x Width | Implemented As | 
+---------------------------------+------------------------+---------------+----------------+
|AXI4Stream_7Segment              | NibbleTo7Segment[0]    | 32x7          | LUT            | 
|design_1_AXI4Stream_7Segment_0_0 | U0/NibbleTo7Segment[0] | 32x7          | LUT            | 
+---------------------------------+------------------------+---------------+----------------+

---------------------------------------------------------------------------------
Finished ROM, RAM, DSP and Shift Register Reporting
---------------------------------------------------------------------------------

Report RTL Partitions: 
+-+--------------+------------+----------+
| |RTL Partition |Replication |Instances |
+-+--------------+------------+----------+
+-+--------------+------------+----------+
---------------------------------------------------------------------------------
Start Applying XDC Timing Constraints
---------------------------------------------------------------------------------
---------------------------------------------------------------------------------
Finished Applying XDC Timing Constraints : Time (s): cpu = 00:00:59 ; elapsed = 00:01:05 . Memory (MB): peak = 1020.641 ; gain = 391.195
---------------------------------------------------------------------------------
---------------------------------------------------------------------------------
Start Timing Optimization
---------------------------------------------------------------------------------
---------------------------------------------------------------------------------
Finished Timing Optimization : Time (s): cpu = 00:00:59 ; elapsed = 00:01:05 . Memory (MB): peak = 1020.641 ; gain = 391.195
---------------------------------------------------------------------------------

Report RTL Partitions: 
+-+--------------+------------+----------+
| |RTL Partition |Replication |Instances |
+-+--------------+------------+----------+
+-+--------------+------------+----------+
---------------------------------------------------------------------------------
Start Technology Mapping
---------------------------------------------------------------------------------
---------------------------------------------------------------------------------
Finished Technology Mapping : Time (s): cpu = 00:00:59 ; elapsed = 00:01:05 . Memory (MB): peak = 1021.719 ; gain = 392.273
---------------------------------------------------------------------------------

Report RTL Partitions: 
+-+--------------+------------+----------+
| |RTL Partition |Replication |Instances |
+-+--------------+------------+----------+
+-+--------------+------------+----------+
---------------------------------------------------------------------------------
Start IO Insertion
---------------------------------------------------------------------------------
---------------------------------------------------------------------------------
Start Flattening Before IO Insertion
---------------------------------------------------------------------------------
---------------------------------------------------------------------------------
Finished Flattening Before IO Insertion
---------------------------------------------------------------------------------
---------------------------------------------------------------------------------
Start Final Netlist Cleanup
---------------------------------------------------------------------------------
---------------------------------------------------------------------------------
Finished Final Netlist Cleanup
---------------------------------------------------------------------------------
---------------------------------------------------------------------------------
Finished IO Insertion : Time (s): cpu = 00:01:12 ; elapsed = 00:01:18 . Memory (MB): peak = 1037.523 ; gain = 408.078
---------------------------------------------------------------------------------
---------------------------------------------------------------------------------
Start Renaming Generated Instances
---------------------------------------------------------------------------------
---------------------------------------------------------------------------------
Finished Renaming Generated Instances : Time (s): cpu = 00:01:12 ; elapsed = 00:01:18 . Memory (MB): peak = 1037.523 ; gain = 408.078
---------------------------------------------------------------------------------

Report RTL Partitions: 
+-+--------------+------------+----------+
| |RTL Partition |Replication |Instances |
+-+--------------+------------+----------+
+-+--------------+------------+----------+

Report Check Netlist: 
+------+------------------+-------+---------+-------+------------------+
|      |Item              |Errors |Warnings |Status |Description       |
+------+------------------+-------+---------+-------+------------------+
|1     |multi_driven_nets |      0|        0|Passed |Multi driven nets |
+------+------------------+-------+---------+-------+------------------+
---------------------------------------------------------------------------------
Start Rebuilding User Hierarchy
---------------------------------------------------------------------------------
---------------------------------------------------------------------------------
Finished Rebuilding User Hierarchy : Time (s): cpu = 00:01:12 ; elapsed = 00:01:18 . Memory (MB): peak = 1037.523 ; gain = 408.078
---------------------------------------------------------------------------------
---------------------------------------------------------------------------------
Start Renaming Generated Ports
---------------------------------------------------------------------------------
---------------------------------------------------------------------------------
Finished Renaming Generated Ports : Time (s): cpu = 00:01:12 ; elapsed = 00:01:18 . Memory (MB): peak = 1037.523 ; gain = 408.078
---------------------------------------------------------------------------------
---------------------------------------------------------------------------------
Start Handling Custom Attributes
---------------------------------------------------------------------------------
---------------------------------------------------------------------------------
Finished Handling Custom Attributes : Time (s): cpu = 00:01:12 ; elapsed = 00:01:18 . Memory (MB): peak = 1037.523 ; gain = 408.078
---------------------------------------------------------------------------------
---------------------------------------------------------------------------------
Start Renaming Generated Nets
---------------------------------------------------------------------------------
---------------------------------------------------------------------------------
Finished Renaming Generated Nets : Time (s): cpu = 00:01:12 ; elapsed = 00:01:18 . Memory (MB): peak = 1037.523 ; gain = 408.078
---------------------------------------------------------------------------------
---------------------------------------------------------------------------------
Start Writing Synthesis Report
---------------------------------------------------------------------------------

Report BlackBoxes: 
+-+--------------+----------+
| |BlackBox name |Instances |
+-+--------------+----------+
+-+--------------+----------+

Report Cell Usage: 
+------+-------+------+
|      |Cell   |Count |
+------+-------+------+
|1     |CARRY4 |     4|
|2     |LUT1   |     4|
|3     |LUT2   |    16|
|4     |LUT4   |     3|
|5     |LUT5   |     7|
|6     |LUT6   |     5|
|7     |FDCE   |    34|
|8     |FDPE   |    12|
+------+-------+------+

Report Instance Areas: 
+------+---------+--------------------+------+
|      |Instance |Module              |Cells |
+------+---------+--------------------+------+
|1     |top      |                    |    85|
|2     |  U0     |AXI4Stream_7Segment |    85|
+------+---------+--------------------+------+
---------------------------------------------------------------------------------
Finished Writing Synthesis Report : Time (s): cpu = 00:01:12 ; elapsed = 00:01:18 . Memory (MB): peak = 1037.523 ; gain = 408.078
---------------------------------------------------------------------------------
Synthesis finished with 0 errors, 0 critical warnings and 0 warnings.
Synthesis Optimization Runtime : Time (s): cpu = 00:00:51 ; elapsed = 00:01:13 . Memory (MB): peak = 1037.523 ; gain = 327.941
Synthesis Optimization Complete : Time (s): cpu = 00:01:12 ; elapsed = 00:01:18 . Memory (MB): peak = 1037.523 ; gain = 408.078
INFO: [Project 1-571] Translating synthesized netlist
Netlist sorting complete. Time (s): cpu = 00:00:00 ; elapsed = 00:00:00.003 . Memory (MB): peak = 1048.586 ; gain = 0.000
INFO: [Netlist 29-17] Analyzing 4 Unisim elements for replacement
INFO: [Netlist 29-28] Unisim Transformation completed in 0 CPU seconds
INFO: [Project 1-570] Preparing netlist for logic optimization
INFO: [Opt 31-138] Pushed 0 inverter(s) to 0 load pin(s).
Netlist sorting complete. Time (s): cpu = 00:00:00 ; elapsed = 00:00:00 . Memory (MB): peak = 1054.199 ; gain = 0.000
INFO: [Project 1-111] Unisim Transformation Summary:
No Unisim elements were transformed.

INFO: [Common 17-83] Releasing license: Synthesis
22 Infos, 4 Warnings, 0 Critical Warnings and 0 Errors encountered.
synth_design completed successfully
synth_design: Time (s): cpu = 00:01:25 ; elapsed = 00:01:34 . Memory (MB): peak = 1054.199 ; gain = 702.102
Netlist sorting complete. Time (s): cpu = 00:00:00 ; elapsed = 00:00:00 . Memory (MB): peak = 1054.199 ; gain = 0.000
WARNING: [Constraints 18-5210] No constraints selected for write.
Resolution: This message can indicate that there are no constraints for the design, or it can indicate that the used_in flags are set such that the constraints are ignored. This later case is used when running synth_design to not write synthesis constraints to the resulting checkpoint. Instead, project constraints are read when the synthesized design is opened.
INFO: [Common 17-1381] The checkpoint 'C:/DESD/DESD_20200901_template_OK.xpr/DESD20200901_template/DESD20200901_template.runs/design_1_AXI4Stream_7Segment_0_0_synth_1/design_1_AXI4Stream_7Segment_0_0.dcp' has been generated.
WARNING: [Common 17-576] 'use_project_ipc' is deprecated. This option is deprecated and no longer used.
Netlist sorting complete. Time (s): cpu = 00:00:00 ; elapsed = 00:00:00 . Memory (MB): peak = 1054.199 ; gain = 0.000
WARNING: [Constraints 18-5210] No constraints selected for write.
Resolution: This message can indicate that there are no constraints for the design, or it can indicate that the used_in flags are set such that the constraints are ignored. This later case is used when running synth_design to not write synthesis constraints to the resulting checkpoint. Instead, project constraints are read when the synthesized design is opened.
INFO: [Common 17-1381] The checkpoint 'C:/DESD/DESD_20200901_template_OK.xpr/DESD20200901_template/DESD20200901_template.runs/design_1_AXI4Stream_7Segment_0_0_synth_1/design_1_AXI4Stream_7Segment_0_0.dcp' has been generated.
INFO: [runtcl-4] Executing : report_utilization -file design_1_AXI4Stream_7Segment_0_0_utilization_synth.rpt -pb design_1_AXI4Stream_7Segment_0_0_utilization_synth.pb
INFO: [Common 17-206] Exiting Vivado at Tue Sep  1 15:56:01 2020...
