#-----------------------------------------------------------
# Vivado v2020.2 (64-bit)
# SW Build 3064766 on Wed Nov 18 09:12:45 MST 2020
# IP Build 3064653 on Wed Nov 18 14:17:31 MST 2020
# Start of session at: Mon Sep 13 19:15:56 2021
# Process ID: 2244
# Current directory: C:/DESD/Projects/LAB3__Exercise__Solution.xpr/LAB3
# Command line: vivado.exe -gui_launcher_event rodinguilauncherevent5288 C:\DESD\Projects\LAB3__Exercise__Solution.xpr\LAB3\LAB3.xpr
# Log file: C:/DESD/Projects/LAB3__Exercise__Solution.xpr/LAB3/vivado.log
# Journal file: C:/DESD/Projects/LAB3__Exercise__Solution.xpr/LAB3\vivado.jou
#-----------------------------------------------------------
start_gui
open_project C:/DESD/Projects/LAB3__Exercise__Solution.xpr/LAB3/LAB3.xpr
Scanning sources...
Finished scanning sources
INFO: [IP_Flow 19-234] Refreshing IP repositories
INFO: [IP_Flow 19-1700] Loaded user IP repository 'c:/DESD/Projects/LAB3__Exercise__Solution.xpr/LAB3/LAB3.ipdefs/IPs_0'.
INFO: [IP_Flow 19-2313] Loaded Vivado IP repository 'C:/Xilinx2/Vivado/2020.2/data/ip'.
WARNING: [BD 41-1661] One or more IPs have been locked in the design 'top_bd.bd'. Please run report_ip_status for more details and recommendations on how to fix this issue.
List of locked IPs:
top_bd_clk_wiz_0_0
top_bd_util_vector_logic_0_0

INFO: [Project 1-230] Project 'LAB3.xpr' upgraded for this version of Vivado.
open_project: Time (s): cpu = 00:00:24 ; elapsed = 00:00:09 . Memory (MB): peak = 1126.402 ; gain = 0.000
report_ip_status -name ip_status 
report_ip_status: Time (s): cpu = 00:00:03 ; elapsed = 00:00:08 . Memory (MB): peak = 1131.105 ; gain = 4.703
update_compile_order -fileset sources_1
exit
INFO: [Common 17-206] Exiting Vivado at Mon Sep 13 19:26:39 2021...
