
*** Running vivado
    with args -log design_1_AXI4Stream_7Segment_0_0.vds -m64 -product Vivado -mode batch -messageDb vivado.pb -notrace -source design_1_AXI4Stream_7Segment_0_0.tcl


****** Vivado v2019.2_AR72614 (64-bit)
  **** SW Build 2708876 on Wed Nov  6 21:39:14 MST 2019
  **** IP Build 2700528 on Thu Nov  7 00:09:20 MST 2019
    ** Copyright 1986-2019 Xilinx, Inc. All Rights Reserved.

source design_1_AXI4Stream_7Segment_0_0.tcl -notrace
INFO: [IP_Flow 19-234] Refreshing IP repositories
INFO: [IP_Flow 19-1700] Loaded user IP repository '/home/nicola/Documents/vivado/DESD/ExamSimulation/ExamSimulation.ipdefs/ip_repo_0'.
INFO: [IP_Flow 19-2313] Loaded Vivado IP repository '/opt/Xilinx/Vivado/2019.2/data/ip'.
Command: synth_design -top design_1_AXI4Stream_7Segment_0_0 -part xc7a35tcpg236-1 -mode out_of_context
Starting synth_design
WARNING: [IP_Flow 19-3571] IP 'design_1_AXI4Stream_7Segment_0_0' is restricted:
* Module reference is stale and needs refreshing.
Attempting to get a license for feature 'Synthesis' and/or device 'xc7a35t'
INFO: [Common 17-349] Got license for feature 'Synthesis' and/or device 'xc7a35t'
INFO: [Device 21-403] Loading part xc7a35tcpg236-1
INFO: Launching helper process for spawning children vivado processes
INFO: Helper process launched with PID 7483 
---------------------------------------------------------------------------------
Starting RTL Elaboration : Time (s): cpu = 00:00:03 ; elapsed = 00:00:04 . Memory (MB): peak = 1958.422 ; gain = 202.688 ; free physical = 6907 ; free virtual = 27336
---------------------------------------------------------------------------------
INFO: [Synth 8-638] synthesizing module 'design_1_AXI4Stream_7Segment_0_0' [/home/nicola/Documents/vivado/DESD/ExamSimulation/ExamSimulation.srcs/sources_1/bd/design_1/ip/design_1_AXI4Stream_7Segment_0_0/synth/design_1_AXI4Stream_7Segment_0_0.vhd:68]
	Parameter NUM_OF_DIGITS bound to: 4 - type: integer 
	Parameter ANODE_TICKS bound to: 20000 - type: integer 
INFO: [Synth 8-3491] module 'AXI4Stream_7Segment' declared at '/home/nicola/Documents/vivado/DESD/ExamSimulation/ExamSimulation.srcs/sources_1/new/AXI4Stream_7Segment.vhd:5' bound to instance 'U0' of component 'AXI4Stream_7Segment' [/home/nicola/Documents/vivado/DESD/ExamSimulation/ExamSimulation.srcs/sources_1/bd/design_1/ip/design_1_AXI4Stream_7Segment_0_0/synth/design_1_AXI4Stream_7Segment_0_0.vhd:105]
INFO: [Synth 8-638] synthesizing module 'AXI4Stream_7Segment' [/home/nicola/Documents/vivado/DESD/ExamSimulation/ExamSimulation.srcs/sources_1/new/AXI4Stream_7Segment.vhd:30]
	Parameter NUM_OF_DIGITS bound to: 4 - type: integer 
	Parameter ANODE_TICKS bound to: 20000 - type: integer 
WARNING: [Synth 8-614] signal 'aresetn' is read in the process but is not in the sensitivity list [/home/nicola/Documents/vivado/DESD/ExamSimulation/ExamSimulation.srcs/sources_1/new/AXI4Stream_7Segment.vhd:81]
INFO: [Synth 8-256] done synthesizing module 'AXI4Stream_7Segment' (1#1) [/home/nicola/Documents/vivado/DESD/ExamSimulation/ExamSimulation.srcs/sources_1/new/AXI4Stream_7Segment.vhd:30]
INFO: [Synth 8-256] done synthesizing module 'design_1_AXI4Stream_7Segment_0_0' (2#1) [/home/nicola/Documents/vivado/DESD/ExamSimulation/ExamSimulation.srcs/sources_1/bd/design_1/ip/design_1_AXI4Stream_7Segment_0_0/synth/design_1_AXI4Stream_7Segment_0_0.vhd:68]
---------------------------------------------------------------------------------
Finished RTL Elaboration : Time (s): cpu = 00:00:04 ; elapsed = 00:00:06 . Memory (MB): peak = 2024.141 ; gain = 268.406 ; free physical = 6924 ; free virtual = 27355
---------------------------------------------------------------------------------

Report Check Netlist: 
+------+------------------+-------+---------+-------+------------------+
|      |Item              |Errors |Warnings |Status |Description       |
+------+------------------+-------+---------+-------+------------------+
|1     |multi_driven_nets |      0|        0|Passed |Multi driven nets |
+------+------------------+-------+---------+-------+------------------+
---------------------------------------------------------------------------------
Start Handling Custom Attributes
---------------------------------------------------------------------------------
---------------------------------------------------------------------------------
Finished Handling Custom Attributes : Time (s): cpu = 00:00:05 ; elapsed = 00:00:06 . Memory (MB): peak = 2024.141 ; gain = 268.406 ; free physical = 6918 ; free virtual = 27350
---------------------------------------------------------------------------------
---------------------------------------------------------------------------------
Finished RTL Optimization Phase 1 : Time (s): cpu = 00:00:05 ; elapsed = 00:00:06 . Memory (MB): peak = 2024.141 ; gain = 268.406 ; free physical = 6918 ; free virtual = 27350
---------------------------------------------------------------------------------
Netlist sorting complete. Time (s): cpu = 00:00:00 ; elapsed = 00:00:00 . Memory (MB): peak = 2024.141 ; gain = 0.000 ; free physical = 6911 ; free virtual = 27343
INFO: [Project 1-570] Preparing netlist for logic optimization

Processing XDC Constraints
Initializing timing engine
Completed Processing XDC Constraints

Netlist sorting complete. Time (s): cpu = 00:00:00 ; elapsed = 00:00:00 . Memory (MB): peak = 2184.922 ; gain = 0.000 ; free physical = 6805 ; free virtual = 27250
INFO: [Project 1-111] Unisim Transformation Summary:
No Unisim elements were transformed.

WARNING: [Constraints 18-5210] No constraints selected for write.
Resolution: This message can indicate that there are no constraints for the design, or it can indicate that the used_in flags are set such that the constraints are ignored. This later case is used when running synth_design to not write synthesis constraints to the resulting checkpoint. Instead, project constraints are read when the synthesized design is opened.
Constraint Validation Runtime : Time (s): cpu = 00:00:00.08 ; elapsed = 00:00:00.13 . Memory (MB): peak = 2184.922 ; gain = 0.000 ; free physical = 6804 ; free virtual = 27249
---------------------------------------------------------------------------------
Finished Constraint Validation : Time (s): cpu = 00:00:10 ; elapsed = 00:00:12 . Memory (MB): peak = 2184.922 ; gain = 429.188 ; free physical = 6878 ; free virtual = 27323
---------------------------------------------------------------------------------
---------------------------------------------------------------------------------
Start Loading Part and Timing Information
---------------------------------------------------------------------------------
Loading part: xc7a35tcpg236-1
---------------------------------------------------------------------------------
Finished Loading Part and Timing Information : Time (s): cpu = 00:00:10 ; elapsed = 00:00:12 . Memory (MB): peak = 2184.922 ; gain = 429.188 ; free physical = 6878 ; free virtual = 27323
---------------------------------------------------------------------------------
---------------------------------------------------------------------------------
Start Applying 'set_property' XDC Constraints
---------------------------------------------------------------------------------
---------------------------------------------------------------------------------
Finished applying 'set_property' XDC Constraints : Time (s): cpu = 00:00:10 ; elapsed = 00:00:12 . Memory (MB): peak = 2184.922 ; gain = 429.188 ; free physical = 6881 ; free virtual = 27326
---------------------------------------------------------------------------------
---------------------------------------------------------------------------------
Finished RTL Optimization Phase 2 : Time (s): cpu = 00:00:10 ; elapsed = 00:00:12 . Memory (MB): peak = 2184.922 ; gain = 429.188 ; free physical = 6874 ; free virtual = 27316
---------------------------------------------------------------------------------

Report RTL Partitions: 
+-+--------------+------------+----------+
| |RTL Partition |Replication |Instances |
+-+--------------+------------+----------+
+-+--------------+------------+----------+
---------------------------------------------------------------------------------
Start RTL Component Statistics 
---------------------------------------------------------------------------------
Detailed RTL Component Info : 
+---Adders : 
	   2 Input     15 Bit       Adders := 1     
	   2 Input      2 Bit       Adders := 1     
+---Registers : 
	               15 Bit    Registers := 1     
	                7 Bit    Registers := 1     
	                5 Bit    Registers := 4     
	                4 Bit    Registers := 1     
	                2 Bit    Registers := 1     
	                1 Bit    Registers := 1     
+---Muxes : 
	   2 Input     15 Bit        Muxes := 1     
	   4 Input      5 Bit        Muxes := 1     
	   2 Input      2 Bit        Muxes := 1     
---------------------------------------------------------------------------------
Finished RTL Component Statistics 
---------------------------------------------------------------------------------
---------------------------------------------------------------------------------
Start RTL Hierarchical Component Statistics 
---------------------------------------------------------------------------------
Hierarchical RTL Component report 
Module AXI4Stream_7Segment 
Detailed RTL Component Info : 
+---Adders : 
	   2 Input     15 Bit       Adders := 1     
	   2 Input      2 Bit       Adders := 1     
+---Registers : 
	               15 Bit    Registers := 1     
	                7 Bit    Registers := 1     
	                5 Bit    Registers := 4     
	                4 Bit    Registers := 1     
	                2 Bit    Registers := 1     
	                1 Bit    Registers := 1     
+---Muxes : 
	   2 Input     15 Bit        Muxes := 1     
	   4 Input      5 Bit        Muxes := 1     
	   2 Input      2 Bit        Muxes := 1     
---------------------------------------------------------------------------------
Finished RTL Hierarchical Component Statistics
---------------------------------------------------------------------------------
---------------------------------------------------------------------------------
Start Part Resource Summary
---------------------------------------------------------------------------------
Part Resources:
DSPs: 90 (col length:60)
BRAMs: 100 (col length: RAMB18 60 RAMB36 30)
---------------------------------------------------------------------------------
Finished Part Resource Summary
---------------------------------------------------------------------------------
---------------------------------------------------------------------------------
Start Cross Boundary and Area Optimization
---------------------------------------------------------------------------------
Warning: Parallel synthesis criteria is not met 
INFO: [Synth 8-3886] merging instance 'U0/nibbles_reg[3][4]' (FDPE) to 'U0/nibbles_reg[2][4]'
INFO: [Synth 8-3886] merging instance 'U0/nibbles_reg[2][4]' (FDPE) to 'U0/nibbles_reg[0][4]'
INFO: [Synth 8-3886] merging instance 'U0/nibbles_reg[1][4]' (FDPE) to 'U0/nibbles_reg[0][4]'
---------------------------------------------------------------------------------
Finished Cross Boundary and Area Optimization : Time (s): cpu = 00:00:11 ; elapsed = 00:00:13 . Memory (MB): peak = 2184.922 ; gain = 429.188 ; free physical = 6860 ; free virtual = 27305
---------------------------------------------------------------------------------
---------------------------------------------------------------------------------
Start ROM, RAM, DSP and Shift Register Reporting
---------------------------------------------------------------------------------

ROM:
+---------------------------------+------------------------+---------------+----------------+
|Module Name                      | RTL Object             | Depth x Width | Implemented As | 
+---------------------------------+------------------------+---------------+----------------+
|AXI4Stream_7Segment              | NibbleTo7Segment[0]    | 32x7          | LUT            | 
|design_1_AXI4Stream_7Segment_0_0 | U0/NibbleTo7Segment[0] | 32x7          | LUT            | 
+---------------------------------+------------------------+---------------+----------------+

---------------------------------------------------------------------------------
Finished ROM, RAM, DSP and Shift Register Reporting
---------------------------------------------------------------------------------

Report RTL Partitions: 
+-+--------------+------------+----------+
| |RTL Partition |Replication |Instances |
+-+--------------+------------+----------+
+-+--------------+------------+----------+
---------------------------------------------------------------------------------
Start Applying XDC Timing Constraints
---------------------------------------------------------------------------------
---------------------------------------------------------------------------------
Finished Applying XDC Timing Constraints : Time (s): cpu = 00:00:17 ; elapsed = 00:00:21 . Memory (MB): peak = 2184.922 ; gain = 429.188 ; free physical = 6702 ; free virtual = 27184
---------------------------------------------------------------------------------
---------------------------------------------------------------------------------
Start Timing Optimization
---------------------------------------------------------------------------------
---------------------------------------------------------------------------------
Finished Timing Optimization : Time (s): cpu = 00:00:17 ; elapsed = 00:00:21 . Memory (MB): peak = 2184.922 ; gain = 429.188 ; free physical = 6702 ; free virtual = 27184
---------------------------------------------------------------------------------

Report RTL Partitions: 
+-+--------------+------------+----------+
| |RTL Partition |Replication |Instances |
+-+--------------+------------+----------+
+-+--------------+------------+----------+
---------------------------------------------------------------------------------
Start Technology Mapping
---------------------------------------------------------------------------------
---------------------------------------------------------------------------------
Finished Technology Mapping : Time (s): cpu = 00:00:17 ; elapsed = 00:00:21 . Memory (MB): peak = 2184.922 ; gain = 429.188 ; free physical = 6700 ; free virtual = 27183
---------------------------------------------------------------------------------

Report RTL Partitions: 
+-+--------------+------------+----------+
| |RTL Partition |Replication |Instances |
+-+--------------+------------+----------+
+-+--------------+------------+----------+
---------------------------------------------------------------------------------
Start IO Insertion
---------------------------------------------------------------------------------
---------------------------------------------------------------------------------
Start Flattening Before IO Insertion
---------------------------------------------------------------------------------
---------------------------------------------------------------------------------
Finished Flattening Before IO Insertion
---------------------------------------------------------------------------------
---------------------------------------------------------------------------------
Start Final Netlist Cleanup
---------------------------------------------------------------------------------
---------------------------------------------------------------------------------
Finished Final Netlist Cleanup
---------------------------------------------------------------------------------
---------------------------------------------------------------------------------
Finished IO Insertion : Time (s): cpu = 00:00:20 ; elapsed = 00:00:24 . Memory (MB): peak = 2184.922 ; gain = 429.188 ; free physical = 6703 ; free virtual = 27182
---------------------------------------------------------------------------------
---------------------------------------------------------------------------------
Start Renaming Generated Instances
---------------------------------------------------------------------------------
---------------------------------------------------------------------------------
Finished Renaming Generated Instances : Time (s): cpu = 00:00:20 ; elapsed = 00:00:24 . Memory (MB): peak = 2184.922 ; gain = 429.188 ; free physical = 6703 ; free virtual = 27182
---------------------------------------------------------------------------------

Report RTL Partitions: 
+-+--------------+------------+----------+
| |RTL Partition |Replication |Instances |
+-+--------------+------------+----------+
+-+--------------+------------+----------+

Report Check Netlist: 
+------+------------------+-------+---------+-------+------------------+
|      |Item              |Errors |Warnings |Status |Description       |
+------+------------------+-------+---------+-------+------------------+
|1     |multi_driven_nets |      0|        0|Passed |Multi driven nets |
+------+------------------+-------+---------+-------+------------------+
---------------------------------------------------------------------------------
Start Rebuilding User Hierarchy
---------------------------------------------------------------------------------
---------------------------------------------------------------------------------
Finished Rebuilding User Hierarchy : Time (s): cpu = 00:00:20 ; elapsed = 00:00:24 . Memory (MB): peak = 2184.922 ; gain = 429.188 ; free physical = 6703 ; free virtual = 27182
---------------------------------------------------------------------------------
---------------------------------------------------------------------------------
Start Renaming Generated Ports
---------------------------------------------------------------------------------
---------------------------------------------------------------------------------
Finished Renaming Generated Ports : Time (s): cpu = 00:00:20 ; elapsed = 00:00:24 . Memory (MB): peak = 2184.922 ; gain = 429.188 ; free physical = 6703 ; free virtual = 27182
---------------------------------------------------------------------------------
---------------------------------------------------------------------------------
Start Handling Custom Attributes
---------------------------------------------------------------------------------
---------------------------------------------------------------------------------
Finished Handling Custom Attributes : Time (s): cpu = 00:00:20 ; elapsed = 00:00:24 . Memory (MB): peak = 2184.922 ; gain = 429.188 ; free physical = 6703 ; free virtual = 27182
---------------------------------------------------------------------------------
---------------------------------------------------------------------------------
Start Renaming Generated Nets
---------------------------------------------------------------------------------
---------------------------------------------------------------------------------
Finished Renaming Generated Nets : Time (s): cpu = 00:00:20 ; elapsed = 00:00:24 . Memory (MB): peak = 2184.922 ; gain = 429.188 ; free physical = 6703 ; free virtual = 27182
---------------------------------------------------------------------------------
---------------------------------------------------------------------------------
Start Writing Synthesis Report
---------------------------------------------------------------------------------

Report BlackBoxes: 
+-+--------------+----------+
| |BlackBox name |Instances |
+-+--------------+----------+
+-+--------------+----------+

Report Cell Usage: 
+------+-------+------+
|      |Cell   |Count |
+------+-------+------+
|1     |CARRY4 |     4|
|2     |LUT1   |     4|
|3     |LUT2   |    16|
|4     |LUT4   |     3|
|5     |LUT5   |     7|
|6     |LUT6   |     5|
|7     |FDCE   |    34|
|8     |FDPE   |    12|
+------+-------+------+

Report Instance Areas: 
+------+---------+--------------------+------+
|      |Instance |Module              |Cells |
+------+---------+--------------------+------+
|1     |top      |                    |    85|
|2     |  U0     |AXI4Stream_7Segment |    85|
+------+---------+--------------------+------+
---------------------------------------------------------------------------------
Finished Writing Synthesis Report : Time (s): cpu = 00:00:20 ; elapsed = 00:00:24 . Memory (MB): peak = 2184.922 ; gain = 429.188 ; free physical = 6703 ; free virtual = 27182
---------------------------------------------------------------------------------
Synthesis finished with 0 errors, 0 critical warnings and 0 warnings.
Synthesis Optimization Runtime : Time (s): cpu = 00:00:18 ; elapsed = 00:00:22 . Memory (MB): peak = 2184.922 ; gain = 268.406 ; free physical = 6757 ; free virtual = 27236
Synthesis Optimization Complete : Time (s): cpu = 00:00:20 ; elapsed = 00:00:24 . Memory (MB): peak = 2184.922 ; gain = 429.188 ; free physical = 6757 ; free virtual = 27236
INFO: [Project 1-571] Translating synthesized netlist
Netlist sorting complete. Time (s): cpu = 00:00:00 ; elapsed = 00:00:00 . Memory (MB): peak = 2184.922 ; gain = 0.000 ; free physical = 6827 ; free virtual = 27309
INFO: [Netlist 29-17] Analyzing 4 Unisim elements for replacement
INFO: [Netlist 29-28] Unisim Transformation completed in 0 CPU seconds
INFO: [Project 1-570] Preparing netlist for logic optimization
INFO: [Opt 31-138] Pushed 0 inverter(s) to 0 load pin(s).
Netlist sorting complete. Time (s): cpu = 00:00:00 ; elapsed = 00:00:00 . Memory (MB): peak = 2184.922 ; gain = 0.000 ; free physical = 6770 ; free virtual = 27250
INFO: [Project 1-111] Unisim Transformation Summary:
No Unisim elements were transformed.

INFO: [Common 17-83] Releasing license: Synthesis
22 Infos, 3 Warnings, 0 Critical Warnings and 0 Errors encountered.
synth_design completed successfully
synth_design: Time (s): cpu = 00:00:27 ; elapsed = 00:00:39 . Memory (MB): peak = 2184.922 ; gain = 664.258 ; free physical = 6904 ; free virtual = 27384
Netlist sorting complete. Time (s): cpu = 00:00:00 ; elapsed = 00:00:00 . Memory (MB): peak = 2184.922 ; gain = 0.000 ; free physical = 6904 ; free virtual = 27384
WARNING: [Constraints 18-5210] No constraints selected for write.
Resolution: This message can indicate that there are no constraints for the design, or it can indicate that the used_in flags are set such that the constraints are ignored. This later case is used when running synth_design to not write synthesis constraints to the resulting checkpoint. Instead, project constraints are read when the synthesized design is opened.
INFO: [Common 17-1381] The checkpoint '/home/nicola/Documents/vivado/DESD/ExamSimulation/ExamSimulation.runs/design_1_AXI4Stream_7Segment_0_0_synth_1/design_1_AXI4Stream_7Segment_0_0.dcp' has been generated.
WARNING: [Common 17-576] 'use_project_ipc' is deprecated. This option is deprecated and no longer used.
Netlist sorting complete. Time (s): cpu = 00:00:00 ; elapsed = 00:00:00 . Memory (MB): peak = 2208.934 ; gain = 0.000 ; free physical = 6904 ; free virtual = 27384
WARNING: [Constraints 18-5210] No constraints selected for write.
Resolution: This message can indicate that there are no constraints for the design, or it can indicate that the used_in flags are set such that the constraints are ignored. This later case is used when running synth_design to not write synthesis constraints to the resulting checkpoint. Instead, project constraints are read when the synthesized design is opened.
INFO: [Common 17-1381] The checkpoint '/home/nicola/Documents/vivado/DESD/ExamSimulation/ExamSimulation.runs/design_1_AXI4Stream_7Segment_0_0_synth_1/design_1_AXI4Stream_7Segment_0_0.dcp' has been generated.
INFO: [runtcl-4] Executing : report_utilization -file design_1_AXI4Stream_7Segment_0_0_utilization_synth.rpt -pb design_1_AXI4Stream_7Segment_0_0_utilization_synth.pb
INFO: [Common 17-206] Exiting Vivado at Thu May 21 20:29:16 2020...
