#-----------------------------------------------------------
# Vivado v2019.2 (64-bit)
# SW Build 2708876 on Wed Nov  6 21:40:23 MST 2019
# IP Build 2700528 on Thu Nov  7 00:09:20 MST 2019
# Start of session at: Mon Jun  8 10:52:04 2020
# Process ID: 9700
# Current directory: C:/Users/stefanomacario/AppData/Roaming/Xilinx/Vivado
# Command line: vivado.exe -gui_launcher_event rodinguilauncherevent9108
# Log file: C:/Users/stefanomacario/AppData/Roaming/Xilinx/Vivado/vivado.log
# Journal file: C:/Users/stefanomacario/AppData/Roaming/Xilinx/Vivado\vivado.jou
#-----------------------------------------------------------
start_gui
open_project C:/DESD/LAB3_audio_controller/LAB3_audio_controller.xpr
Scanning sources...
Finished scanning sources
INFO: [IP_Flow 19-234] Refreshing IP repositories
INFO: [IP_Flow 19-1700] Loaded user IP repository 'c:/DESD/repository'.
INFO: [IP_Flow 19-2313] Loaded Vivado IP repository 'C:/Xilinx/Vivado/2019.2/data/ip'.
open_project: Time (s): cpu = 00:00:19 ; elapsed = 00:00:18 . Memory (MB): peak = 1038.473 ; gain = 385.711
update_compile_order -fileset sources_1
update_module_reference design_1_moving_average_filter_0_0
INFO: [Common 17-41] Interrupt caught. Command should exit soon.
INFO: [IP_Flow 19-5107] Inferred bus interface 'm_axis' of definition 'xilinx.com:interface:axis:1.0' (from Xilinx Repository).
INFO: [IP_Flow 19-5107] Inferred bus interface 's_axis' of definition 'xilinx.com:interface:axis:1.0' (from Xilinx Repository).
INFO: [IP_Flow 19-5107] Inferred bus interface 'aresetn' of definition 'xilinx.com:signal:reset:1.0' (from Xilinx Repository).
INFO: [IP_Flow 19-5107] Inferred bus interface 'aclk' of definition 'xilinx.com:signal:clock:1.0' (from Xilinx Repository).
INFO: [IP_Flow 19-4728] Bus Interface 'aresetn': Added interface parameter 'POLARITY' with value 'ACTIVE_LOW'.
INFO: [IP_Flow 19-4728] Bus Interface 'aclk': Added interface parameter 'ASSOCIATED_BUSIF' with value 'm_axis'.
INFO: [IP_Flow 19-4728] Bus Interface 'aclk': Added interface parameter 'ASSOCIATED_RESET' with value 'aresetn'.
INFO: [IP_Flow 19-234] Refreshing IP repositories
INFO: [IP_Flow 19-1700] Loaded user IP repository 'c:/DESD/repository'.
update_module_reference: Time (s): cpu = 00:00:03 ; elapsed = 00:00:38 . Memory (MB): peak = 1959.965 ; gain = 0.000
INFO: [Common 17-344] 'update_module_reference' was cancelled
update_module_reference design_1_volume_controller_1_0
INFO: [IP_Flow 19-5107] Inferred bus interface 'm_axis' of definition 'xilinx.com:interface:axis:1.0' (from Xilinx Repository).
INFO: [IP_Flow 19-5107] Inferred bus interface 's_axis' of definition 'xilinx.com:interface:axis:1.0' (from Xilinx Repository).
INFO: [IP_Flow 19-5107] Inferred bus interface 'aresetn' of definition 'xilinx.com:signal:reset:1.0' (from Xilinx Repository).
INFO: [IP_Flow 19-5107] Inferred bus interface 'aclk' of definition 'xilinx.com:signal:clock:1.0' (from Xilinx Repository).
INFO: [IP_Flow 19-4728] Bus Interface 'aresetn': Added interface parameter 'POLARITY' with value 'ACTIVE_LOW'.
INFO: [IP_Flow 19-4728] Bus Interface 'aclk': Added interface parameter 'ASSOCIATED_BUSIF' with value 'm_axis'.
INFO: [IP_Flow 19-4728] Bus Interface 'aclk': Added interface parameter 'ASSOCIATED_RESET' with value 'aresetn'.
INFO: [IP_Flow 19-234] Refreshing IP repositories
INFO: [IP_Flow 19-1700] Loaded user IP repository 'c:/DESD/repository'.
Adding component instance block -- TimeEngineers:ip:AXI4Stream_UART:1.0 - AXI4Stream_UART_0
Adding component instance block -- xilinx.com:ip:clk_wiz:6.0 - clk_wiz_0
Adding component instance block -- xilinx.com:ip:util_vector_logic:2.0 - util_vector_logic_0
Adding component instance block -- xilinx.com:module_ref:debouncer:1.0 - debouncer_0
Adding component instance block -- xilinx.com:module_ref:debouncer:1.0 - debouncer_1
Adding component instance block -- xilinx.com:module_ref:edge_detector:1.0 - edge_detector_0
Adding component instance block -- xilinx.com:module_ref:edge_detector:1.0 - edge_detector_1
Adding component instance block -- xilinx.com:module_ref:depacketizer:1.0 - depacketizer_0
Adding component instance block -- xilinx.com:module_ref:volume_controller:1.0 - volume_controller_0
Adding component instance block -- xilinx.com:module_ref:moving_average_filter:1.0 - moving_average_filter_0
Adding component instance block -- xilinx.com:module_ref:mute_controller:1.0 - mute_controller_0
Adding component instance block -- xilinx.com:module_ref:packetizer:1.0 - packetizer_0
Successfully read diagram <design_1> from BD file <C:/DESD/LAB3_audio_controller/LAB3_audio_controller.srcs/sources_1/bd/design_1/design_1.bd>
Upgrading 'C:/DESD/LAB3_audio_controller/LAB3_audio_controller.srcs/sources_1/bd/design_1/design_1.bd'
INFO: [IP_Flow 19-1972] Upgraded design_1_volume_controller_1_0 from volume_controller_v1_0 1.0 to volume_controller_v1_0 1.0
Wrote  : <C:\DESD\LAB3_audio_controller\LAB3_audio_controller.srcs\sources_1\bd\design_1\design_1.bd> 
Wrote  : <C:/DESD/LAB3_audio_controller/LAB3_audio_controller.srcs/sources_1/bd/design_1/ui/bd_1f5defd0.ui> 
upgrade_ip: Time (s): cpu = 00:00:15 ; elapsed = 00:00:16 . Memory (MB): peak = 1959.965 ; gain = 0.000
update_module_reference: Time (s): cpu = 00:00:16 ; elapsed = 00:00:34 . Memory (MB): peak = 1959.965 ; gain = 0.000
set_property top tb_mute_controller [get_filesets sim_1]
set_property top_lib xil_defaultlib [get_filesets sim_1]
export_ip_user_files -of_objects  [get_files C:/DESD/LAB3_audio_controller/LAB3_audio_controller.srcs/sim_1/new/tb_volume_controller.vhd] -no_script -reset -force -quiet
remove_files  -fileset sim_1 C:/DESD/LAB3_audio_controller/LAB3_audio_controller.srcs/sim_1/new/tb_volume_controller.vhd
file delete -force C:/DESD/LAB3_audio_controller/LAB3_audio_controller.srcs/sim_1/new/tb_volume_controller.vhd
update_compile_order -fileset sim_1
reset_run synth_1
launch_runs impl_1 -to_step write_bitstream -jobs 4
CRITICAL WARNING: [BD 41-1348] Reset pin /AXI4Stream_UART_0/rst (associated clock /AXI4Stream_UART_0/clk_uart) is connected to asynchronous reset source /reset.
This may prevent design from meeting timing. Please add Processor System Reset module to create a reset that is synchronous to the associated clock source /clk_wiz_0/clk_out1.
CRITICAL WARNING: [BD 41-1348] Reset pin /debouncer_0/reset (associated clock /debouncer_0/clk) is connected to asynchronous reset source /reset.
This may prevent design from meeting timing. Please add Processor System Reset module to create a reset that is synchronous to the associated clock source /clk_wiz_0/clk_out2.
CRITICAL WARNING: [BD 41-1348] Reset pin /debouncer_1/reset (associated clock /debouncer_1/clk) is connected to asynchronous reset source /reset.
This may prevent design from meeting timing. Please add Processor System Reset module to create a reset that is synchronous to the associated clock source /clk_wiz_0/clk_out2.
CRITICAL WARNING: [BD 41-1348] Reset pin /edge_detector_0/reset (associated clock /edge_detector_0/clk) is connected to asynchronous reset source /reset.
This may prevent design from meeting timing. Please add Processor System Reset module to create a reset that is synchronous to the associated clock source /clk_wiz_0/clk_out2.
CRITICAL WARNING: [BD 41-1348] Reset pin /edge_detector_1/reset (associated clock /edge_detector_1/clk) is connected to asynchronous reset source /reset.
This may prevent design from meeting timing. Please add Processor System Reset module to create a reset that is synchronous to the associated clock source /clk_wiz_0/clk_out2.
WARNING: [BD 41-927] Following properties on pin /debouncer_0/clk have been updated from connected ip. They may not be synchronized with cell properties. You can set property on pin directly to confirm the value and resolve the warning.
	PHASE=0.0 
WARNING: [BD 41-927] Following properties on pin /debouncer_0/reset have been updated from connected ip. They may not be synchronized with cell properties. You can set property on pin directly to confirm the value and resolve the warning.
	POLARITY=ACTIVE_HIGH 
WARNING: [BD 41-927] Following properties on pin /debouncer_1/clk have been updated from connected ip. They may not be synchronized with cell properties. You can set property on pin directly to confirm the value and resolve the warning.
	PHASE=0.0 
WARNING: [BD 41-927] Following properties on pin /debouncer_1/reset have been updated from connected ip. They may not be synchronized with cell properties. You can set property on pin directly to confirm the value and resolve the warning.
	POLARITY=ACTIVE_HIGH 
WARNING: [BD 41-927] Following properties on pin /edge_detector_0/clk have been updated from connected ip. They may not be synchronized with cell properties. You can set property on pin directly to confirm the value and resolve the warning.
	PHASE=0.0 
WARNING: [BD 41-927] Following properties on pin /edge_detector_0/reset have been updated from connected ip. They may not be synchronized with cell properties. You can set property on pin directly to confirm the value and resolve the warning.
	POLARITY=ACTIVE_HIGH 
WARNING: [BD 41-927] Following properties on pin /edge_detector_1/clk have been updated from connected ip. They may not be synchronized with cell properties. You can set property on pin directly to confirm the value and resolve the warning.
	PHASE=0.0 
WARNING: [BD 41-927] Following properties on pin /edge_detector_1/reset have been updated from connected ip. They may not be synchronized with cell properties. You can set property on pin directly to confirm the value and resolve the warning.
	POLARITY=ACTIVE_HIGH 
WARNING: [BD 41-927] Following properties on pin /depacketizer_0/aclk have been updated from connected ip. They may not be synchronized with cell properties. You can set property on pin directly to confirm the value and resolve the warning.
	PHASE=0.0 
WARNING: [BD 41-927] Following properties on pin /moving_average_filter_0/aclk have been updated from connected ip. They may not be synchronized with cell properties. You can set property on pin directly to confirm the value and resolve the warning.
	PHASE=0.0 
WARNING: [BD 41-927] Following properties on pin /mute_controller_0/aclk have been updated from connected ip. They may not be synchronized with cell properties. You can set property on pin directly to confirm the value and resolve the warning.
	PHASE=0.0 
WARNING: [BD 41-927] Following properties on pin /packetizer_0/aclk have been updated from connected ip. They may not be synchronized with cell properties. You can set property on pin directly to confirm the value and resolve the warning.
	PHASE=0.0 
WARNING: [BD 41-927] Following properties on pin /volume_controller_0/aclk have been updated from connected ip. They may not be synchronized with cell properties. You can set property on pin directly to confirm the value and resolve the warning.
	PHASE=0.0 
Wrote  : <C:\DESD\LAB3_audio_controller\LAB3_audio_controller.srcs\sources_1\bd\design_1\design_1.bd> 
VHDL Output written to : C:/DESD/LAB3_audio_controller/LAB3_audio_controller.srcs/sources_1/bd/design_1/synth/design_1.vhd
VHDL Output written to : C:/DESD/LAB3_audio_controller/LAB3_audio_controller.srcs/sources_1/bd/design_1/sim/design_1.vhd
VHDL Output written to : C:/DESD/LAB3_audio_controller/LAB3_audio_controller.srcs/sources_1/bd/design_1/hdl/design_1_wrapper.vhd
INFO: [BD 41-1029] Generation completed for the IP Integrator block depacketizer_0 .
INFO: [BD 41-1029] Generation completed for the IP Integrator block AXI4Stream_UART_0 .
INFO: [BD 41-1029] Generation completed for the IP Integrator block clk_wiz_0 .
INFO: [BD 41-1029] Generation completed for the IP Integrator block util_vector_logic_0 .
INFO: [BD 41-1029] Generation completed for the IP Integrator block packetizer_0 .
INFO: [BD 41-1029] Generation completed for the IP Integrator block moving_average_filter_0 .
INFO: [BD 41-1029] Generation completed for the IP Integrator block volume_controller_0 .
INFO: [BD 41-1029] Generation completed for the IP Integrator block mute_controller_0 .
INFO: [BD 41-1029] Generation completed for the IP Integrator block debouncer_0 .
INFO: [BD 41-1029] Generation completed for the IP Integrator block debouncer_1 .
INFO: [BD 41-1029] Generation completed for the IP Integrator block edge_detector_0 .
INFO: [BD 41-1029] Generation completed for the IP Integrator block edge_detector_1 .
Exporting to file C:/DESD/LAB3_audio_controller/LAB3_audio_controller.srcs/sources_1/bd/design_1/hw_handoff/design_1.hwh
Generated Block Design Tcl file C:/DESD/LAB3_audio_controller/LAB3_audio_controller.srcs/sources_1/bd/design_1/hw_handoff/design_1_bd.tcl
Generated Hardware Definition File C:/DESD/LAB3_audio_controller/LAB3_audio_controller.srcs/sources_1/bd/design_1/synth/design_1.hwdef
[Mon Jun  8 11:09:46 2020] Launched design_1_volume_controller_1_0_synth_1, synth_1...
Run output will be captured here:
design_1_volume_controller_1_0_synth_1: C:/DESD/LAB3_audio_controller/LAB3_audio_controller.runs/design_1_volume_controller_1_0_synth_1/runme.log
synth_1: C:/DESD/LAB3_audio_controller/LAB3_audio_controller.runs/synth_1/runme.log
[Mon Jun  8 11:09:46 2020] Launched impl_1...
Run output will be captured here: C:/DESD/LAB3_audio_controller/LAB3_audio_controller.runs/impl_1/runme.log
launch_runs: Time (s): cpu = 00:00:04 ; elapsed = 00:00:24 . Memory (MB): peak = 1959.965 ; gain = 0.000
open_hw_manager
connect_hw_server -allow_non_jtag
INFO: [Labtools 27-2285] Connecting to hw_server url TCP:localhost:3121
INFO: [Labtools 27-2222] Launching hw_server...
INFO: [Labtools 27-2221] Launch Output:

****** Xilinx hw_server v2019.2
  **** Build date : Nov  6 2019 at 22:12:23
    ** Copyright 1986-2019 Xilinx, Inc. All Rights Reserved.


INFO: [Labtools 27-3415] Connecting to cs_server url TCP:localhost:3042
INFO: [Labtools 27-3417] Launching cs_server...
INFO: [Labtools 27-2221] Launch Output:


****** Xilinx cs_server v2019.2.0
  **** Build date : Nov 07 2019-06:28:22
    ** Copyright 2017-2019 Xilinx, Inc. All Rights Reserved.



connect_hw_server: Time (s): cpu = 00:00:01 ; elapsed = 00:00:09 . Memory (MB): peak = 1959.965 ; gain = 0.000
open_hw_target
INFO: [Labtoolstcl 44-466] Opening hw_target localhost:3121/xilinx_tcf/Digilent/210183AB419DA
open_hw_target: Time (s): cpu = 00:00:04 ; elapsed = 00:00:06 . Memory (MB): peak = 2654.063 ; gain = 694.098
set_property PROGRAM.FILE {C:/DESD/LAB3_audio_controller/LAB3_audio_controller.runs/impl_1/design_1_wrapper.bit} [get_hw_devices xc7a35t_0]
current_hw_device [get_hw_devices xc7a35t_0]
refresh_hw_device -update_hw_probes false [lindex [get_hw_devices xc7a35t_0] 0]
INFO: [Labtools 27-1434] Device xc7a35t (JTAG device index = 0) is programmed with a design that has no supported debug core(s) in it.
set_property PROBES.FILE {} [get_hw_devices xc7a35t_0]
set_property FULL_PROBES.FILE {} [get_hw_devices xc7a35t_0]
set_property PROGRAM.FILE {C:/DESD/LAB3_audio_controller/LAB3_audio_controller.runs/impl_1/design_1_wrapper.bit} [get_hw_devices xc7a35t_0]
program_hw_devices [get_hw_devices xc7a35t_0]
INFO: [Labtools 27-3164] End of startup status: HIGH
refresh_hw_device [lindex [get_hw_devices xc7a35t_0] 0]
INFO: [Labtools 27-1434] Device xc7a35t (JTAG device index = 0) is programmed with a design that has no supported debug core(s) in it.
ERROR: [Labtoolstcl 44-513] HW Target shutdown. Closing target: localhost:3121/xilinx_tcf/Digilent/210183AB419DA
archive_project C:/DESD/LAB3_audio_controller.xpr.zip -temp_dir C:/Users/stefanomacario/AppData/Roaming/Xilinx/Vivado/.Xil/Vivado-9700-STEFANOMACA8EDF -force -include_local_ip_cache
INFO: [Coretcl 2-137] starting archive...
INFO: [Coretcl 2-1499] Saving project copy to temporary location 'C:/Users/stefanomacario/AppData/Roaming/Xilinx/Vivado/.Xil/Vivado-9700-STEFANOMACA8EDF' for archiving project
Scanning sources...
Finished scanning sources
INFO: [IP_Flow 19-234] Refreshing IP repositories
INFO: [IP_Flow 19-1700] Loaded user IP repository 'c:/DESD/repository'.
INFO: [IP_Flow 19-2313] Loaded Vivado IP repository 'C:/Xilinx/Vivado/2019.2/data/ip'.
INFO: [Coretcl 2-1211] Creating project copy for archival...
INFO: [ProjectBase 1-495] The host OS only allows 260 characters in a normal path. The project is stored in a path with more than 80 characters. If you experience any problem with archiving the project, please consider setting environment variable $TEMP to a shorter path.
Current project path is 'C:/Users/stefanomacario/AppData/Roaming/Xilinx/Vivado/.Xil/Vivado-9700-STEFANOMACA8EDF/PrjAr/_X_'.
WARNING: [IP_Flow 19-3571] IP 'design_1_debouncer_1_0' is restricted:
* Module reference is stale and needs refreshing.
WARNING: [IP_Flow 19-3571] IP 'design_1_edge_detector_1_0' is restricted:
* Module reference is stale and needs refreshing.
WARNING: [IP_Flow 19-3571] IP 'design_1_mute_controller_0_0' is restricted:
* Detected changes to module reference file(s).
WARNING: [IP_Flow 19-3571] IP 'design_1_mute_controller_0_0' is restricted:
* Detected changes to module reference file(s).
INFO: [IP_Flow 19-5107] Inferred bus interface 'reset' of definition 'xilinx.com:signal:reset:1.0' (from Xilinx Repository).
INFO: [IP_Flow 19-5107] Inferred bus interface 'clk' of definition 'xilinx.com:signal:clock:1.0' (from Xilinx Repository).
INFO: [IP_Flow 19-4728] Bus Interface 'clk': Added interface parameter 'ASSOCIATED_RESET' with value 'reset'.
WARNING: [IP_Flow 19-3153] Bus Interface 'clk': ASSOCIATED_BUSIF bus parameter is missing.
INFO: [IP_Flow 19-234] Refreshing IP repositories
INFO: [IP_Flow 19-1700] Loaded user IP repository 'c:/DESD/repository'.
INFO: [IP_Flow 19-5107] Inferred bus interface 'reset' of definition 'xilinx.com:signal:reset:1.0' (from Xilinx Repository).
INFO: [IP_Flow 19-5107] Inferred bus interface 'clk' of definition 'xilinx.com:signal:clock:1.0' (from Xilinx Repository).
INFO: [IP_Flow 19-4728] Bus Interface 'clk': Added interface parameter 'ASSOCIATED_RESET' with value 'reset'.
WARNING: [IP_Flow 19-3153] Bus Interface 'clk': ASSOCIATED_BUSIF bus parameter is missing.
INFO: [IP_Flow 19-234] Refreshing IP repositories
INFO: [IP_Flow 19-1700] Loaded user IP repository 'c:/DESD/repository'.
INFO: [IP_Flow 19-5107] Inferred bus interface 'm_axis' of definition 'xilinx.com:interface:axis:1.0' (from Xilinx Repository).
INFO: [IP_Flow 19-5107] Inferred bus interface 's_axis' of definition 'xilinx.com:interface:axis:1.0' (from Xilinx Repository).
INFO: [IP_Flow 19-5107] Inferred bus interface 'aresetn' of definition 'xilinx.com:signal:reset:1.0' (from Xilinx Repository).
INFO: [IP_Flow 19-5107] Inferred bus interface 'aclk' of definition 'xilinx.com:signal:clock:1.0' (from Xilinx Repository).
INFO: [IP_Flow 19-4728] Bus Interface 'aresetn': Added interface parameter 'POLARITY' with value 'ACTIVE_LOW'.
INFO: [IP_Flow 19-4728] Bus Interface 'aclk': Added interface parameter 'ASSOCIATED_BUSIF' with value 'm_axis'.
INFO: [IP_Flow 19-4728] Bus Interface 'aclk': Added interface parameter 'ASSOCIATED_RESET' with value 'aresetn'.
INFO: [IP_Flow 19-234] Refreshing IP repositories
INFO: [IP_Flow 19-1700] Loaded user IP repository 'c:/DESD/repository'.
INFO: [IP_Flow 19-5107] Inferred bus interface 'reset' of definition 'xilinx.com:signal:reset:1.0' (from Xilinx Repository).
INFO: [IP_Flow 19-5107] Inferred bus interface 'clk' of definition 'xilinx.com:signal:clock:1.0' (from Xilinx Repository).
INFO: [IP_Flow 19-4728] Bus Interface 'clk': Added interface parameter 'ASSOCIATED_RESET' with value 'reset'.
WARNING: [IP_Flow 19-3153] Bus Interface 'clk': ASSOCIATED_BUSIF bus parameter is missing.
INFO: [IP_Flow 19-234] Refreshing IP repositories
INFO: [IP_Flow 19-1700] Loaded user IP repository 'c:/DESD/repository'.
INFO: [IP_Flow 19-5107] Inferred bus interface 'reset' of definition 'xilinx.com:signal:reset:1.0' (from Xilinx Repository).
INFO: [IP_Flow 19-5107] Inferred bus interface 'clk' of definition 'xilinx.com:signal:clock:1.0' (from Xilinx Repository).
INFO: [IP_Flow 19-4728] Bus Interface 'clk': Added interface parameter 'ASSOCIATED_RESET' with value 'reset'.
WARNING: [IP_Flow 19-3153] Bus Interface 'clk': ASSOCIATED_BUSIF bus parameter is missing.
INFO: [IP_Flow 19-234] Refreshing IP repositories
INFO: [IP_Flow 19-1700] Loaded user IP repository 'c:/DESD/repository'.
INFO: [IP_Flow 19-5107] Inferred bus interface 'm_axis' of definition 'xilinx.com:interface:axis:1.0' (from Xilinx Repository).
INFO: [IP_Flow 19-5107] Inferred bus interface 's_axis' of definition 'xilinx.com:interface:axis:1.0' (from Xilinx Repository).
INFO: [IP_Flow 19-5107] Inferred bus interface 'aresetn' of definition 'xilinx.com:signal:reset:1.0' (from Xilinx Repository).
INFO: [IP_Flow 19-5107] Inferred bus interface 'aclk' of definition 'xilinx.com:signal:clock:1.0' (from Xilinx Repository).
INFO: [IP_Flow 19-4728] Bus Interface 'aresetn': Added interface parameter 'POLARITY' with value 'ACTIVE_LOW'.
INFO: [IP_Flow 19-4728] Bus Interface 'aclk': Added interface parameter 'ASSOCIATED_BUSIF' with value 'm_axis'.
INFO: [IP_Flow 19-4728] Bus Interface 'aclk': Added interface parameter 'ASSOCIATED_RESET' with value 'aresetn'.
INFO: [IP_Flow 19-234] Refreshing IP repositories
INFO: [IP_Flow 19-1700] Loaded user IP repository 'c:/DESD/repository'.
INFO: [IP_Flow 19-5107] Inferred bus interface 'm_axis' of definition 'xilinx.com:interface:axis:1.0' (from Xilinx Repository).
INFO: [IP_Flow 19-5107] Inferred bus interface 's_axis' of definition 'xilinx.com:interface:axis:1.0' (from Xilinx Repository).
INFO: [IP_Flow 19-5107] Inferred bus interface 'aresetn' of definition 'xilinx.com:signal:reset:1.0' (from Xilinx Repository).
INFO: [IP_Flow 19-5107] Inferred bus interface 'aclk' of definition 'xilinx.com:signal:clock:1.0' (from Xilinx Repository).
INFO: [IP_Flow 19-4728] Bus Interface 'aresetn': Added interface parameter 'POLARITY' with value 'ACTIVE_LOW'.
INFO: [IP_Flow 19-4728] Bus Interface 'aclk': Added interface parameter 'ASSOCIATED_BUSIF' with value 'm_axis'.
INFO: [IP_Flow 19-4728] Bus Interface 'aclk': Added interface parameter 'ASSOCIATED_RESET' with value 'aresetn'.
INFO: [IP_Flow 19-234] Refreshing IP repositories
INFO: [IP_Flow 19-1700] Loaded user IP repository 'c:/DESD/repository'.
INFO: [IP_Flow 19-5107] Inferred bus interface 'm_axis' of definition 'xilinx.com:interface:axis:1.0' (from Xilinx Repository).
INFO: [IP_Flow 19-5107] Inferred bus interface 's_axis' of definition 'xilinx.com:interface:axis:1.0' (from Xilinx Repository).
INFO: [IP_Flow 19-5107] Inferred bus interface 'aresetn' of definition 'xilinx.com:signal:reset:1.0' (from Xilinx Repository).
INFO: [IP_Flow 19-5107] Inferred bus interface 'aclk' of definition 'xilinx.com:signal:clock:1.0' (from Xilinx Repository).
INFO: [IP_Flow 19-4728] Bus Interface 'aresetn': Added interface parameter 'POLARITY' with value 'ACTIVE_LOW'.
INFO: [IP_Flow 19-4728] Bus Interface 'aclk': Added interface parameter 'ASSOCIATED_BUSIF' with value 'm_axis'.
INFO: [IP_Flow 19-4728] Bus Interface 'aclk': Added interface parameter 'ASSOCIATED_RESET' with value 'aresetn'.
INFO: [IP_Flow 19-234] Refreshing IP repositories
INFO: [IP_Flow 19-1700] Loaded user IP repository 'c:/DESD/repository'.
INFO: [IP_Flow 19-5107] Inferred bus interface 'm_axis' of definition 'xilinx.com:interface:axis:1.0' (from Xilinx Repository).
INFO: [IP_Flow 19-5107] Inferred bus interface 's_axis' of definition 'xilinx.com:interface:axis:1.0' (from Xilinx Repository).
INFO: [IP_Flow 19-5107] Inferred bus interface 'aresetn' of definition 'xilinx.com:signal:reset:1.0' (from Xilinx Repository).
INFO: [IP_Flow 19-5107] Inferred bus interface 'aclk' of definition 'xilinx.com:signal:clock:1.0' (from Xilinx Repository).
INFO: [IP_Flow 19-4728] Bus Interface 'aresetn': Added interface parameter 'POLARITY' with value 'ACTIVE_LOW'.
INFO: [IP_Flow 19-4728] Bus Interface 'aclk': Added interface parameter 'ASSOCIATED_BUSIF' with value 'm_axis'.
INFO: [IP_Flow 19-4728] Bus Interface 'aclk': Added interface parameter 'ASSOCIATED_RESET' with value 'aresetn'.
INFO: [IP_Flow 19-234] Refreshing IP repositories
INFO: [IP_Flow 19-1700] Loaded user IP repository 'c:/DESD/repository'.
INFO: [Coretcl 2-1213] Including run results for 'synth_1'
INFO: [Coretcl 2-1213] Including run results for 'design_1_AXI4Stream_UART_0_0_synth_1'
INFO: [Coretcl 2-1213] Including run results for 'design_1_util_vector_logic_0_0_synth_1'
INFO: [Coretcl 2-1213] Including run results for 'design_1_clk_wiz_0_0_synth_1'
INFO: [Coretcl 2-1213] Including run results for 'design_1_edge_detector_1_0_synth_1'
INFO: [Coretcl 2-1213] Including run results for 'design_1_debouncer_0_0_synth_1'
INFO: [Coretcl 2-1213] Including run results for 'design_1_debouncer_1_0_synth_1'
INFO: [Coretcl 2-1213] Including run results for 'design_1_edge_detector_0_0_synth_1'
INFO: [Coretcl 2-1213] Including run results for 'design_1_depacketizer_0_0_synth_1'
INFO: [Coretcl 2-1213] Including run results for 'design_1_mute_controller_0_0_synth_1'
INFO: [Coretcl 2-1213] Including run results for 'design_1_moving_average_filter_0_0_synth_1'
INFO: [Coretcl 2-1213] Including run results for 'design_1_packetizer_0_0_synth_1'
INFO: [Coretcl 2-1213] Including run results for 'design_1_volume_controller_1_0_synth_1'
INFO: [Coretcl 2-1213] Including run results for 'impl_1'
INFO: [Coretcl 2-133] re-setting run 'design_1_AXI4Stream_UART_0_0_impl_1'...
INFO: [Coretcl 2-133] re-setting run 'design_1_util_vector_logic_0_0_impl_1'...
INFO: [Coretcl 2-133] re-setting run 'design_1_clk_wiz_0_0_impl_1'...
INFO: [Coretcl 2-133] re-setting run 'design_1_edge_detector_1_0_impl_1'...
INFO: [Coretcl 2-133] re-setting run 'design_1_debouncer_0_0_impl_1'...
INFO: [Coretcl 2-133] re-setting run 'design_1_debouncer_1_0_impl_1'...
INFO: [Coretcl 2-133] re-setting run 'design_1_edge_detector_0_0_impl_1'...
INFO: [Coretcl 2-133] re-setting run 'design_1_depacketizer_0_0_impl_1'...
INFO: [Coretcl 2-133] re-setting run 'design_1_mute_controller_0_0_impl_1'...
INFO: [Coretcl 2-133] re-setting run 'design_1_moving_average_filter_0_0_impl_1'...
INFO: [Coretcl 2-133] re-setting run 'design_1_packetizer_0_0_impl_1'...
INFO: [Coretcl 2-133] re-setting run 'design_1_volume_controller_1_0_impl_1'...
INFO: [Coretcl 2-1212] Importing remotely added design sources and verilog include files (if any)...
INFO: [filemgmt 20-334] All file(s) are already imported in fileset: 'design_1_AXI4Stream_UART_0_0'
INFO: [filemgmt 20-348] Importing the appropriate files for fileset: 'design_1_AXI4Stream_UART_0_0'
INFO: [filemgmt 20-334] All file(s) are already imported in fileset: 'design_1_clk_wiz_0_0'
INFO: [filemgmt 20-348] Importing the appropriate files for fileset: 'design_1_clk_wiz_0_0'
INFO: [filemgmt 20-334] All file(s) are already imported in fileset: 'design_1_debouncer_0_0'
INFO: [filemgmt 20-348] Importing the appropriate files for fileset: 'design_1_debouncer_0_0'
INFO: [filemgmt 20-334] All file(s) are already imported in fileset: 'design_1_debouncer_1_0'
INFO: [filemgmt 20-348] Importing the appropriate files for fileset: 'design_1_debouncer_1_0'
INFO: [filemgmt 20-334] All file(s) are already imported in fileset: 'design_1_depacketizer_0_0'
INFO: [filemgmt 20-348] Importing the appropriate files for fileset: 'design_1_depacketizer_0_0'
INFO: [filemgmt 20-334] All file(s) are already imported in fileset: 'design_1_edge_detector_0_0'
INFO: [filemgmt 20-348] Importing the appropriate files for fileset: 'design_1_edge_detector_0_0'
INFO: [filemgmt 20-334] All file(s) are already imported in fileset: 'design_1_edge_detector_1_0'
INFO: [filemgmt 20-348] Importing the appropriate files for fileset: 'design_1_edge_detector_1_0'
INFO: [filemgmt 20-334] All file(s) are already imported in fileset: 'design_1_moving_average_filter_0_0'
INFO: [filemgmt 20-348] Importing the appropriate files for fileset: 'design_1_moving_average_filter_0_0'
INFO: [filemgmt 20-334] All file(s) are already imported in fileset: 'design_1_mute_controller_0_0'
INFO: [filemgmt 20-348] Importing the appropriate files for fileset: 'design_1_mute_controller_0_0'
INFO: [filemgmt 20-334] All file(s) are already imported in fileset: 'design_1_packetizer_0_0'
INFO: [filemgmt 20-348] Importing the appropriate files for fileset: 'design_1_packetizer_0_0'
INFO: [filemgmt 20-334] All file(s) are already imported in fileset: 'design_1_util_vector_logic_0_0'
INFO: [filemgmt 20-348] Importing the appropriate files for fileset: 'design_1_util_vector_logic_0_0'
INFO: [filemgmt 20-334] All file(s) are already imported in fileset: 'design_1_volume_controller_1_0'
INFO: [filemgmt 20-348] Importing the appropriate files for fileset: 'design_1_volume_controller_1_0'
INFO: [filemgmt 20-334] All file(s) are already imported in fileset: 'constrs_1'
INFO: [filemgmt 20-348] Importing the appropriate files for fileset: 'constrs_1'
INFO: [filemgmt 20-334] All file(s) are already imported in fileset: 'sim_1'
INFO: [filemgmt 20-348] Importing the appropriate files for fileset: 'sim_1'
INFO: [filemgmt 20-334] All file(s) are already imported in fileset: 'sources_1'
INFO: [filemgmt 20-348] Importing the appropriate files for fileset: 'sources_1'
