
*** Running vivado
    with args -log top_bd_depacketizer_0_0.vds -m64 -product Vivado -mode batch -messageDb vivado.pb -notrace -source top_bd_depacketizer_0_0.tcl


****** Vivado v2019.2_AR72614 (64-bit)
  **** SW Build 2708876 on Wed Nov  6 21:39:14 MST 2019
  **** IP Build 2700528 on Thu Nov  7 00:09:20 MST 2019
    ** Copyright 1986-2019 Xilinx, Inc. All Rights Reserved.

source top_bd_depacketizer_0_0.tcl -notrace
INFO: [IP_Flow 19-234] Refreshing IP repositories
INFO: [IP_Flow 19-1700] Loaded user IP repository '/home/nicola/Documents/vivado/DESD/IPs'.
INFO: [IP_Flow 19-2313] Loaded Vivado IP repository '/opt/Xilinx/Vivado/2019.2/data/ip'.
Command: synth_design -top top_bd_depacketizer_0_0 -part xc7a35tcpg236-1 -mode out_of_context
Starting synth_design
WARNING: [IP_Flow 19-3571] IP 'top_bd_depacketizer_0_0' is restricted:
* Module reference is stale and needs refreshing.
Attempting to get a license for feature 'Synthesis' and/or device 'xc7a35t'
INFO: [Common 17-349] Got license for feature 'Synthesis' and/or device 'xc7a35t'
INFO: [Device 21-403] Loading part xc7a35tcpg236-1
INFO: Launching helper process for spawning children vivado processes
INFO: Helper process launched with PID 182337 
---------------------------------------------------------------------------------
Starting RTL Elaboration : Time (s): cpu = 00:00:06 ; elapsed = 00:00:08 . Memory (MB): peak = 1957.973 ; gain = 202.688 ; free physical = 278 ; free virtual = 19767
---------------------------------------------------------------------------------
INFO: [Synth 8-638] synthesizing module 'top_bd_depacketizer_0_0' [/home/nicola/Documents/vivado/DESD/LAB3_solution/LAB3.srcs/sources_1/bd/top_bd/ip/top_bd_depacketizer_0_0/synth/top_bd_depacketizer_0_0.vhd:70]
	Parameter HEADER bound to: 8'b11000000 
	Parameter FOOTER bound to: 8'b01010001 
	Parameter SAMPLES_PER_PACKET bound to: 16 - type: integer 
INFO: [Synth 8-3491] module 'depacketizer' declared at '/home/nicola/Documents/vivado/DESD/LAB3_solution/LAB3.srcs/sources_1/new/depacketizer.vhd:5' bound to instance 'U0' of component 'depacketizer' [/home/nicola/Documents/vivado/DESD/LAB3_solution/LAB3.srcs/sources_1/bd/top_bd/ip/top_bd_depacketizer_0_0/synth/top_bd_depacketizer_0_0.vhd:115]
INFO: [Synth 8-638] synthesizing module 'depacketizer' [/home/nicola/Documents/vivado/DESD/LAB3_solution/LAB3.srcs/sources_1/new/depacketizer.vhd:26]
	Parameter HEADER bound to: 8'b11000000 
	Parameter FOOTER bound to: 8'b01010001 
	Parameter SAMPLES_PER_PACKET bound to: 16 - type: integer 
WARNING: [Synth 8-614] signal 'aresetn' is read in the process but is not in the sensitivity list [/home/nicola/Documents/vivado/DESD/LAB3_solution/LAB3.srcs/sources_1/new/depacketizer.vhd:64]
WARNING: [Synth 8-6014] Unused sequential element new_word_reg was removed.  [/home/nicola/Documents/vivado/DESD/LAB3_solution/LAB3.srcs/sources_1/new/depacketizer.vhd:97]
INFO: [Synth 8-256] done synthesizing module 'depacketizer' (1#1) [/home/nicola/Documents/vivado/DESD/LAB3_solution/LAB3.srcs/sources_1/new/depacketizer.vhd:26]
INFO: [Synth 8-256] done synthesizing module 'top_bd_depacketizer_0_0' (2#1) [/home/nicola/Documents/vivado/DESD/LAB3_solution/LAB3.srcs/sources_1/bd/top_bd/ip/top_bd_depacketizer_0_0/synth/top_bd_depacketizer_0_0.vhd:70]
---------------------------------------------------------------------------------
Finished RTL Elaboration : Time (s): cpu = 00:00:07 ; elapsed = 00:00:09 . Memory (MB): peak = 2022.691 ; gain = 267.406 ; free physical = 233 ; free virtual = 19600
---------------------------------------------------------------------------------

Report Check Netlist: 
+------+------------------+-------+---------+-------+------------------+
|      |Item              |Errors |Warnings |Status |Description       |
+------+------------------+-------+---------+-------+------------------+
|1     |multi_driven_nets |      0|        0|Passed |Multi driven nets |
+------+------------------+-------+---------+-------+------------------+
---------------------------------------------------------------------------------
Start Handling Custom Attributes
---------------------------------------------------------------------------------
---------------------------------------------------------------------------------
Finished Handling Custom Attributes : Time (s): cpu = 00:00:08 ; elapsed = 00:00:10 . Memory (MB): peak = 2025.660 ; gain = 270.375 ; free physical = 346 ; free virtual = 19722
---------------------------------------------------------------------------------
---------------------------------------------------------------------------------
Finished RTL Optimization Phase 1 : Time (s): cpu = 00:00:08 ; elapsed = 00:00:10 . Memory (MB): peak = 2025.660 ; gain = 270.375 ; free physical = 347 ; free virtual = 19723
---------------------------------------------------------------------------------
Netlist sorting complete. Time (s): cpu = 00:00:00.01 ; elapsed = 00:00:00 . Memory (MB): peak = 2025.660 ; gain = 0.000 ; free physical = 365 ; free virtual = 19742
INFO: [Project 1-570] Preparing netlist for logic optimization

Processing XDC Constraints
Initializing timing engine
Completed Processing XDC Constraints

Netlist sorting complete. Time (s): cpu = 00:00:00 ; elapsed = 00:00:00 . Memory (MB): peak = 2188.473 ; gain = 0.000 ; free physical = 229 ; free virtual = 19572
INFO: [Project 1-111] Unisim Transformation Summary:
No Unisim elements were transformed.

WARNING: [Constraints 18-5210] No constraints selected for write.
Resolution: This message can indicate that there are no constraints for the design, or it can indicate that the used_in flags are set such that the constraints are ignored. This later case is used when running synth_design to not write synthesis constraints to the resulting checkpoint. Instead, project constraints are read when the synthesized design is opened.
Constraint Validation Runtime : Time (s): cpu = 00:00:00.14 ; elapsed = 00:00:00.21 . Memory (MB): peak = 2188.473 ; gain = 0.000 ; free physical = 206 ; free virtual = 19549
---------------------------------------------------------------------------------
Finished Constraint Validation : Time (s): cpu = 00:00:16 ; elapsed = 00:00:20 . Memory (MB): peak = 2188.473 ; gain = 433.188 ; free physical = 292 ; free virtual = 19661
---------------------------------------------------------------------------------
---------------------------------------------------------------------------------
Start Loading Part and Timing Information
---------------------------------------------------------------------------------
Loading part: xc7a35tcpg236-1
---------------------------------------------------------------------------------
Finished Loading Part and Timing Information : Time (s): cpu = 00:00:16 ; elapsed = 00:00:20 . Memory (MB): peak = 2188.473 ; gain = 433.188 ; free physical = 292 ; free virtual = 19661
---------------------------------------------------------------------------------
---------------------------------------------------------------------------------
Start Applying 'set_property' XDC Constraints
---------------------------------------------------------------------------------
---------------------------------------------------------------------------------
Finished applying 'set_property' XDC Constraints : Time (s): cpu = 00:00:16 ; elapsed = 00:00:20 . Memory (MB): peak = 2188.473 ; gain = 433.188 ; free physical = 292 ; free virtual = 19661
---------------------------------------------------------------------------------
INFO: [Synth 8-802] inferred FSM for state register 'state_reg' in module 'depacketizer'
---------------------------------------------------------------------------------------------------
                   State |                     New Encoding |                Previous Encoding 
---------------------------------------------------------------------------------------------------
                    idle |                              000 |                              000
             wait_header |                              001 |                              001
            receive_data |                              010 |                              010
             wait_footer |                              011 |                              011
               send_data |                              100 |                              100
---------------------------------------------------------------------------------------------------
INFO: [Synth 8-3354] encoded FSM with state register 'state_reg' using encoding 'sequential' in module 'depacketizer'
---------------------------------------------------------------------------------
Finished RTL Optimization Phase 2 : Time (s): cpu = 00:00:16 ; elapsed = 00:00:20 . Memory (MB): peak = 2188.473 ; gain = 433.188 ; free physical = 264 ; free virtual = 19652
---------------------------------------------------------------------------------

Report RTL Partitions: 
+-+--------------+------------+----------+
| |RTL Partition |Replication |Instances |
+-+--------------+------------+----------+
+-+--------------+------------+----------+
---------------------------------------------------------------------------------
Start RTL Component Statistics 
---------------------------------------------------------------------------------
Detailed RTL Component Info : 
+---Adders : 
	   2 Input      6 Bit       Adders := 1     
	   2 Input      5 Bit       Adders := 1     
+---Registers : 
	               16 Bit    Registers := 32    
	                6 Bit    Registers := 1     
	                5 Bit    Registers := 1     
	                1 Bit    Registers := 1     
+---Muxes : 
	   3 Input     16 Bit        Muxes := 1     
	   5 Input     16 Bit        Muxes := 1     
	   2 Input     16 Bit        Muxes := 2     
	   5 Input      6 Bit        Muxes := 1     
	   5 Input      5 Bit        Muxes := 1     
	   5 Input      3 Bit        Muxes := 1     
	   2 Input      3 Bit        Muxes := 1     
	   2 Input      1 Bit        Muxes := 5     
	   5 Input      1 Bit        Muxes := 8     
---------------------------------------------------------------------------------
Finished RTL Component Statistics 
---------------------------------------------------------------------------------
---------------------------------------------------------------------------------
Start RTL Hierarchical Component Statistics 
---------------------------------------------------------------------------------
Hierarchical RTL Component report 
Module depacketizer 
Detailed RTL Component Info : 
+---Adders : 
	   2 Input      6 Bit       Adders := 1     
	   2 Input      5 Bit       Adders := 1     
+---Registers : 
	               16 Bit    Registers := 32    
	                6 Bit    Registers := 1     
	                5 Bit    Registers := 1     
	                1 Bit    Registers := 1     
+---Muxes : 
	   3 Input     16 Bit        Muxes := 1     
	   5 Input     16 Bit        Muxes := 1     
	   2 Input     16 Bit        Muxes := 2     
	   5 Input      6 Bit        Muxes := 1     
	   5 Input      5 Bit        Muxes := 1     
	   5 Input      3 Bit        Muxes := 1     
	   2 Input      3 Bit        Muxes := 1     
	   2 Input      1 Bit        Muxes := 5     
	   5 Input      1 Bit        Muxes := 8     
---------------------------------------------------------------------------------
Finished RTL Hierarchical Component Statistics
---------------------------------------------------------------------------------
---------------------------------------------------------------------------------
Start Part Resource Summary
---------------------------------------------------------------------------------
Part Resources:
DSPs: 90 (col length:60)
BRAMs: 100 (col length: RAMB18 60 RAMB36 30)
---------------------------------------------------------------------------------
Finished Part Resource Summary
---------------------------------------------------------------------------------
---------------------------------------------------------------------------------
Start Cross Boundary and Area Optimization
---------------------------------------------------------------------------------
Warning: Parallel synthesis criteria is not met 
---------------------------------------------------------------------------------
Finished Cross Boundary and Area Optimization : Time (s): cpu = 00:00:17 ; elapsed = 00:00:21 . Memory (MB): peak = 2188.473 ; gain = 433.188 ; free physical = 190 ; free virtual = 19607
---------------------------------------------------------------------------------

Report RTL Partitions: 
+-+--------------+------------+----------+
| |RTL Partition |Replication |Instances |
+-+--------------+------------+----------+
+-+--------------+------------+----------+
---------------------------------------------------------------------------------
Start Applying XDC Timing Constraints
---------------------------------------------------------------------------------
---------------------------------------------------------------------------------
Finished Applying XDC Timing Constraints : Time (s): cpu = 00:00:25 ; elapsed = 00:00:31 . Memory (MB): peak = 2188.473 ; gain = 433.188 ; free physical = 203 ; free virtual = 19270
---------------------------------------------------------------------------------
---------------------------------------------------------------------------------
Start Timing Optimization
---------------------------------------------------------------------------------
---------------------------------------------------------------------------------
Finished Timing Optimization : Time (s): cpu = 00:00:25 ; elapsed = 00:00:31 . Memory (MB): peak = 2188.473 ; gain = 433.188 ; free physical = 203 ; free virtual = 19270
---------------------------------------------------------------------------------

Report RTL Partitions: 
+-+--------------+------------+----------+
| |RTL Partition |Replication |Instances |
+-+--------------+------------+----------+
+-+--------------+------------+----------+
---------------------------------------------------------------------------------
Start Technology Mapping
---------------------------------------------------------------------------------
---------------------------------------------------------------------------------
Finished Technology Mapping : Time (s): cpu = 00:00:25 ; elapsed = 00:00:32 . Memory (MB): peak = 2188.473 ; gain = 433.188 ; free physical = 200 ; free virtual = 19267
---------------------------------------------------------------------------------

Report RTL Partitions: 
+-+--------------+------------+----------+
| |RTL Partition |Replication |Instances |
+-+--------------+------------+----------+
+-+--------------+------------+----------+
---------------------------------------------------------------------------------
Start IO Insertion
---------------------------------------------------------------------------------
---------------------------------------------------------------------------------
Start Flattening Before IO Insertion
---------------------------------------------------------------------------------
---------------------------------------------------------------------------------
Finished Flattening Before IO Insertion
---------------------------------------------------------------------------------
---------------------------------------------------------------------------------
Start Final Netlist Cleanup
---------------------------------------------------------------------------------
---------------------------------------------------------------------------------
Finished Final Netlist Cleanup
---------------------------------------------------------------------------------
---------------------------------------------------------------------------------
Finished IO Insertion : Time (s): cpu = 00:00:29 ; elapsed = 00:00:35 . Memory (MB): peak = 2188.473 ; gain = 433.188 ; free physical = 506 ; free virtual = 19573
---------------------------------------------------------------------------------
---------------------------------------------------------------------------------
Start Renaming Generated Instances
---------------------------------------------------------------------------------
---------------------------------------------------------------------------------
Finished Renaming Generated Instances : Time (s): cpu = 00:00:29 ; elapsed = 00:00:35 . Memory (MB): peak = 2188.473 ; gain = 433.188 ; free physical = 509 ; free virtual = 19575
---------------------------------------------------------------------------------

Report RTL Partitions: 
+-+--------------+------------+----------+
| |RTL Partition |Replication |Instances |
+-+--------------+------------+----------+
+-+--------------+------------+----------+

Report Check Netlist: 
+------+------------------+-------+---------+-------+------------------+
|      |Item              |Errors |Warnings |Status |Description       |
+------+------------------+-------+---------+-------+------------------+
|1     |multi_driven_nets |      0|        0|Passed |Multi driven nets |
+------+------------------+-------+---------+-------+------------------+
---------------------------------------------------------------------------------
Start Rebuilding User Hierarchy
---------------------------------------------------------------------------------
---------------------------------------------------------------------------------
Finished Rebuilding User Hierarchy : Time (s): cpu = 00:00:29 ; elapsed = 00:00:35 . Memory (MB): peak = 2188.473 ; gain = 433.188 ; free physical = 516 ; free virtual = 19583
---------------------------------------------------------------------------------
---------------------------------------------------------------------------------
Start Renaming Generated Ports
---------------------------------------------------------------------------------
---------------------------------------------------------------------------------
Finished Renaming Generated Ports : Time (s): cpu = 00:00:29 ; elapsed = 00:00:35 . Memory (MB): peak = 2188.473 ; gain = 433.188 ; free physical = 518 ; free virtual = 19585
---------------------------------------------------------------------------------
---------------------------------------------------------------------------------
Start Handling Custom Attributes
---------------------------------------------------------------------------------
---------------------------------------------------------------------------------
Finished Handling Custom Attributes : Time (s): cpu = 00:00:29 ; elapsed = 00:00:35 . Memory (MB): peak = 2188.473 ; gain = 433.188 ; free physical = 523 ; free virtual = 19590
---------------------------------------------------------------------------------
---------------------------------------------------------------------------------
Start Renaming Generated Nets
---------------------------------------------------------------------------------
---------------------------------------------------------------------------------
Finished Renaming Generated Nets : Time (s): cpu = 00:00:29 ; elapsed = 00:00:35 . Memory (MB): peak = 2188.473 ; gain = 433.188 ; free physical = 526 ; free virtual = 19593
---------------------------------------------------------------------------------
---------------------------------------------------------------------------------
Start ROM, RAM, DSP and Shift Register Reporting
---------------------------------------------------------------------------------

Static Shift Register Report:
+------------------------+------------------------+--------+-------+--------------+--------------------+-------------------+--------+---------+
|Module Name             | RTL Name               | Length | Width | Reset Signal | Pull out first Reg | Pull out last Reg | SRL16E | SRLC32E | 
+------------------------+------------------------+--------+-------+--------------+--------------------+-------------------+--------+---------+
|top_bd_depacketizer_0_0 | U0/data_sr_reg[31][15] | 31     | 16    | NO           | NO                 | YES               | 0      | 16      | 
+------------------------+------------------------+--------+-------+--------------+--------------------+-------------------+--------+---------+

---------------------------------------------------------------------------------
Finished ROM, RAM, DSP and Shift Register Reporting
---------------------------------------------------------------------------------
---------------------------------------------------------------------------------
Start Writing Synthesis Report
---------------------------------------------------------------------------------

Report BlackBoxes: 
+-+--------------+----------+
| |BlackBox name |Instances |
+-+--------------+----------+
+-+--------------+----------+

Report Cell Usage: 
+------+--------+------+
|      |Cell    |Count |
+------+--------+------+
|1     |LUT1    |     1|
|2     |LUT2    |     4|
|3     |LUT3    |     5|
|4     |LUT4    |     7|
|5     |LUT5    |     6|
|6     |LUT6    |    16|
|7     |SRLC32E |    16|
|8     |FDCE    |     3|
|9     |FDRE    |    44|
+------+--------+------+

Report Instance Areas: 
+------+---------+-------------+------+
|      |Instance |Module       |Cells |
+------+---------+-------------+------+
|1     |top      |             |   102|
|2     |  U0     |depacketizer |   102|
+------+---------+-------------+------+
---------------------------------------------------------------------------------
Finished Writing Synthesis Report : Time (s): cpu = 00:00:29 ; elapsed = 00:00:35 . Memory (MB): peak = 2188.473 ; gain = 433.188 ; free physical = 532 ; free virtual = 19598
---------------------------------------------------------------------------------
Synthesis finished with 0 errors, 0 critical warnings and 0 warnings.
Synthesis Optimization Runtime : Time (s): cpu = 00:00:27 ; elapsed = 00:00:33 . Memory (MB): peak = 2188.473 ; gain = 270.375 ; free physical = 664 ; free virtual = 19731
Synthesis Optimization Complete : Time (s): cpu = 00:00:29 ; elapsed = 00:00:35 . Memory (MB): peak = 2188.473 ; gain = 433.188 ; free physical = 664 ; free virtual = 19731
INFO: [Project 1-571] Translating synthesized netlist
Netlist sorting complete. Time (s): cpu = 00:00:00 ; elapsed = 00:00:00 . Memory (MB): peak = 2188.473 ; gain = 0.000 ; free physical = 682 ; free virtual = 19749
INFO: [Project 1-570] Preparing netlist for logic optimization
INFO: [Opt 31-138] Pushed 0 inverter(s) to 0 load pin(s).
Netlist sorting complete. Time (s): cpu = 00:00:00 ; elapsed = 00:00:00 . Memory (MB): peak = 2188.473 ; gain = 0.000 ; free physical = 880 ; free virtual = 19944
INFO: [Project 1-111] Unisim Transformation Summary:
No Unisim elements were transformed.

INFO: [Common 17-83] Releasing license: Synthesis
19 Infos, 4 Warnings, 0 Critical Warnings and 0 Errors encountered.
synth_design completed successfully
synth_design: Time (s): cpu = 00:00:39 ; elapsed = 00:00:53 . Memory (MB): peak = 2188.473 ; gain = 668.258 ; free physical = 1012 ; free virtual = 20076
Netlist sorting complete. Time (s): cpu = 00:00:00 ; elapsed = 00:00:00 . Memory (MB): peak = 2188.473 ; gain = 0.000 ; free physical = 1012 ; free virtual = 20076
WARNING: [Constraints 18-5210] No constraints selected for write.
Resolution: This message can indicate that there are no constraints for the design, or it can indicate that the used_in flags are set such that the constraints are ignored. This later case is used when running synth_design to not write synthesis constraints to the resulting checkpoint. Instead, project constraints are read when the synthesized design is opened.
INFO: [Common 17-1381] The checkpoint '/home/nicola/Documents/vivado/DESD/LAB3_solution/LAB3.runs/top_bd_depacketizer_0_0_synth_1/top_bd_depacketizer_0_0.dcp' has been generated.
WARNING: [Common 17-576] 'use_project_ipc' is deprecated. This option is deprecated and no longer used.
Netlist sorting complete. Time (s): cpu = 00:00:00 ; elapsed = 00:00:00 . Memory (MB): peak = 2212.484 ; gain = 0.000 ; free physical = 1020 ; free virtual = 20080
WARNING: [Constraints 18-5210] No constraints selected for write.
Resolution: This message can indicate that there are no constraints for the design, or it can indicate that the used_in flags are set such that the constraints are ignored. This later case is used when running synth_design to not write synthesis constraints to the resulting checkpoint. Instead, project constraints are read when the synthesized design is opened.
INFO: [Common 17-1381] The checkpoint '/home/nicola/Documents/vivado/DESD/LAB3_solution/LAB3.runs/top_bd_depacketizer_0_0_synth_1/top_bd_depacketizer_0_0.dcp' has been generated.
INFO: [runtcl-4] Executing : report_utilization -file top_bd_depacketizer_0_0_utilization_synth.rpt -pb top_bd_depacketizer_0_0_utilization_synth.pb
INFO: [Common 17-206] Exiting Vivado at Sun May 10 16:14:25 2020...
