
*** Running vivado
    with args -log design_1_wrapper.vds -m64 -product Vivado -mode batch -messageDb vivado.pb -notrace -source design_1_wrapper.tcl


****** Vivado v2020.2 (64-bit)
  **** SW Build 3064766 on Wed Nov 18 09:12:47 MST 2020
  **** IP Build 3064653 on Wed Nov 18 14:17:31 MST 2020
    ** Copyright 1986-2020 Xilinx, Inc. All Rights Reserved.

source design_1_wrapper.tcl -notrace
CRITICAL WARNING: [Board 49-4] Problem parsing board_part file - /home/mconsonni/Scrivania/DESD/Projects/LAB3_audio_controller/LAB3_audio_controller.board/basys3/~BROMIUM/board.xml
Resolution: Check that the file is valid using an XML validation tool such as xmllint.
CRITICAL WARNING: [Board 49-4] Problem parsing board_part file - /home/mconsonni/Scrivania/DESD/Projects/LAB3_audio_controller/LAB3_audio_controller.board/basys3/~BROMIUM/board.xml
Resolution: Check that the file is valid using an XML validation tool such as xmllint.
INFO: [IP_Flow 19-234] Refreshing IP repositories
WARNING: [IP_Flow 19-395] Problem validating against XML schema: : Unexpected end of message
CRITICAL WARNING: [IP_Flow 19-1977] Unable to read IP file /home/mconsonni/Scrivania/DESD/Projects/LAB3_audio_controller/LAB3_audio_controller.ipdefs/repository_0/axi4-stream-uart/~BROMIUM/component.xml. This IP will not be included in the IP Catalog.
INFO: [IP_Flow 19-1700] Loaded user IP repository '/home/mconsonni/Scrivania/DESD/Projects/LAB3_audio_controller/LAB3_audio_controller.ipdefs/repository_0'.
INFO: [IP_Flow 19-2313] Loaded Vivado IP repository '/tools/Xilinx_Vitis/Vivado/2020.2/data/ip'.
add_files: Time (s): cpu = 00:00:11 ; elapsed = 00:00:05 . Memory (MB): peak = 2535.164 ; gain = 136.066 ; free physical = 9228 ; free virtual = 14522
Command: synth_design -top design_1_wrapper -part xc7a35tcpg236-1
Starting synth_design
Attempting to get a license for feature 'Synthesis' and/or device 'xc7a35t'
INFO: [Common 17-349] Got license for feature 'Synthesis' and/or device 'xc7a35t'
INFO: [Device 21-403] Loading part xc7a35tcpg236-1
INFO: [Synth 8-7079] Multithreading enabled for synth_design using a maximum of 4 processes.
INFO: [Synth 8-7078] Launching helper process for spawning children vivado processes
INFO: [Synth 8-7075] Helper process launched with PID 8034
---------------------------------------------------------------------------------
Starting RTL Elaboration : Time (s): cpu = 00:00:03 ; elapsed = 00:00:03 . Memory (MB): peak = 2535.164 ; gain = 0.000 ; free physical = 7938 ; free virtual = 13232
---------------------------------------------------------------------------------
INFO: [Synth 8-638] synthesizing module 'design_1_wrapper' [/home/mconsonni/Scrivania/DESD/Projects/LAB3_audio_controller/LAB3_audio_controller.srcs/sources_1/bd/design_1/hdl/design_1_wrapper.vhd:29]
INFO: [Synth 8-3491] module 'design_1' declared at '/home/mconsonni/Scrivania/DESD/Projects/LAB3_audio_controller/LAB3_audio_controller.srcs/sources_1/bd/design_1/synth/design_1.vhd:14' bound to instance 'design_1_i' of component 'design_1' [/home/mconsonni/Scrivania/DESD/Projects/LAB3_audio_controller/LAB3_audio_controller.srcs/sources_1/bd/design_1/hdl/design_1_wrapper.vhd:45]
INFO: [Synth 8-638] synthesizing module 'design_1' [/home/mconsonni/Scrivania/DESD/Projects/LAB3_audio_controller/LAB3_audio_controller.srcs/sources_1/bd/design_1/synth/design_1.vhd:33]
INFO: [Synth 8-3491] module 'design_1_AXI4Stream_UART_0_0' declared at '/home/mconsonni/Scrivania/DESD/Projects/LAB3_audio_controller/LAB3_audio_controller.runs/synth_1/.Xil/Vivado-7920-mconsonni-HP-ProBook-440-G7/realtime/design_1_AXI4Stream_UART_0_0_stub.vhdl:5' bound to instance 'AXI4Stream_UART_0' of component 'design_1_AXI4Stream_UART_0_0' [/home/mconsonni/Scrivania/DESD/Projects/LAB3_audio_controller/LAB3_audio_controller.srcs/sources_1/bd/design_1/synth/design_1.vhd:232]
INFO: [Synth 8-638] synthesizing module 'design_1_AXI4Stream_UART_0_0' [/home/mconsonni/Scrivania/DESD/Projects/LAB3_audio_controller/LAB3_audio_controller.runs/synth_1/.Xil/Vivado-7920-mconsonni-HP-ProBook-440-G7/realtime/design_1_AXI4Stream_UART_0_0_stub.vhdl:25]
INFO: [Synth 8-3491] module 'design_1_clk_wiz_0_0' declared at '/home/mconsonni/Scrivania/DESD/Projects/LAB3_audio_controller/LAB3_audio_controller.runs/synth_1/.Xil/Vivado-7920-mconsonni-HP-ProBook-440-G7/realtime/design_1_clk_wiz_0_0_stub.vhdl:5' bound to instance 'clk_wiz_0' of component 'design_1_clk_wiz_0_0' [/home/mconsonni/Scrivania/DESD/Projects/LAB3_audio_controller/LAB3_audio_controller.srcs/sources_1/bd/design_1/synth/design_1.vhd:249]
INFO: [Synth 8-638] synthesizing module 'design_1_clk_wiz_0_0' [/home/mconsonni/Scrivania/DESD/Projects/LAB3_audio_controller/LAB3_audio_controller.runs/synth_1/.Xil/Vivado-7920-mconsonni-HP-ProBook-440-G7/realtime/design_1_clk_wiz_0_0_stub.vhdl:16]
INFO: [Synth 8-3491] module 'design_1_debouncer_0_0' declared at '/home/mconsonni/Scrivania/DESD/Projects/LAB3_audio_controller/LAB3_audio_controller.runs/synth_1/.Xil/Vivado-7920-mconsonni-HP-ProBook-440-G7/realtime/design_1_debouncer_0_0_stub.vhdl:5' bound to instance 'debouncer_0' of component 'design_1_debouncer_0_0' [/home/mconsonni/Scrivania/DESD/Projects/LAB3_audio_controller/LAB3_audio_controller.srcs/sources_1/bd/design_1/synth/design_1.vhd:257]
INFO: [Synth 8-638] synthesizing module 'design_1_debouncer_0_0' [/home/mconsonni/Scrivania/DESD/Projects/LAB3_audio_controller/LAB3_audio_controller.runs/synth_1/.Xil/Vivado-7920-mconsonni-HP-ProBook-440-G7/realtime/design_1_debouncer_0_0_stub.vhdl:15]
INFO: [Synth 8-3491] module 'design_1_debouncer_1_0' declared at '/home/mconsonni/Scrivania/DESD/Projects/LAB3_audio_controller/LAB3_audio_controller.runs/synth_1/.Xil/Vivado-7920-mconsonni-HP-ProBook-440-G7/realtime/design_1_debouncer_1_0_stub.vhdl:5' bound to instance 'debouncer_1' of component 'design_1_debouncer_1_0' [/home/mconsonni/Scrivania/DESD/Projects/LAB3_audio_controller/LAB3_audio_controller.srcs/sources_1/bd/design_1/synth/design_1.vhd:264]
INFO: [Synth 8-638] synthesizing module 'design_1_debouncer_1_0' [/home/mconsonni/Scrivania/DESD/Projects/LAB3_audio_controller/LAB3_audio_controller.runs/synth_1/.Xil/Vivado-7920-mconsonni-HP-ProBook-440-G7/realtime/design_1_debouncer_1_0_stub.vhdl:15]
INFO: [Synth 8-3491] module 'design_1_depacketizer_0_0' declared at '/home/mconsonni/Scrivania/DESD/Projects/LAB3_audio_controller/LAB3_audio_controller.runs/synth_1/.Xil/Vivado-7920-mconsonni-HP-ProBook-440-G7/realtime/design_1_depacketizer_0_0_stub.vhdl:5' bound to instance 'depacketizer_0' of component 'design_1_depacketizer_0_0' [/home/mconsonni/Scrivania/DESD/Projects/LAB3_audio_controller/LAB3_audio_controller.srcs/sources_1/bd/design_1/synth/design_1.vhd:271]
INFO: [Synth 8-638] synthesizing module 'design_1_depacketizer_0_0' [/home/mconsonni/Scrivania/DESD/Projects/LAB3_audio_controller/LAB3_audio_controller.runs/synth_1/.Xil/Vivado-7920-mconsonni-HP-ProBook-440-G7/realtime/design_1_depacketizer_0_0_stub.vhdl:20]
INFO: [Synth 8-3491] module 'design_1_edge_detector_0_0' declared at '/home/mconsonni/Scrivania/DESD/Projects/LAB3_audio_controller/LAB3_audio_controller.runs/synth_1/.Xil/Vivado-7920-mconsonni-HP-ProBook-440-G7/realtime/design_1_edge_detector_0_0_stub.vhdl:5' bound to instance 'edge_detector_0' of component 'design_1_edge_detector_0_0' [/home/mconsonni/Scrivania/DESD/Projects/LAB3_audio_controller/LAB3_audio_controller.srcs/sources_1/bd/design_1/synth/design_1.vhd:283]
INFO: [Synth 8-638] synthesizing module 'design_1_edge_detector_0_0' [/home/mconsonni/Scrivania/DESD/Projects/LAB3_audio_controller/LAB3_audio_controller.runs/synth_1/.Xil/Vivado-7920-mconsonni-HP-ProBook-440-G7/realtime/design_1_edge_detector_0_0_stub.vhdl:15]
INFO: [Synth 8-3491] module 'design_1_edge_detector_1_0' declared at '/home/mconsonni/Scrivania/DESD/Projects/LAB3_audio_controller/LAB3_audio_controller.runs/synth_1/.Xil/Vivado-7920-mconsonni-HP-ProBook-440-G7/realtime/design_1_edge_detector_1_0_stub.vhdl:5' bound to instance 'edge_detector_1' of component 'design_1_edge_detector_1_0' [/home/mconsonni/Scrivania/DESD/Projects/LAB3_audio_controller/LAB3_audio_controller.srcs/sources_1/bd/design_1/synth/design_1.vhd:290]
INFO: [Synth 8-638] synthesizing module 'design_1_edge_detector_1_0' [/home/mconsonni/Scrivania/DESD/Projects/LAB3_audio_controller/LAB3_audio_controller.runs/synth_1/.Xil/Vivado-7920-mconsonni-HP-ProBook-440-G7/realtime/design_1_edge_detector_1_0_stub.vhdl:15]
INFO: [Synth 8-3491] module 'design_1_moving_average_filter_0_0' declared at '/home/mconsonni/Scrivania/DESD/Projects/LAB3_audio_controller/LAB3_audio_controller.runs/synth_1/.Xil/Vivado-7920-mconsonni-HP-ProBook-440-G7/realtime/design_1_moving_average_filter_0_0_stub.vhdl:5' bound to instance 'moving_average_filter_0' of component 'design_1_moving_average_filter_0_0' [/home/mconsonni/Scrivania/DESD/Projects/LAB3_audio_controller/LAB3_audio_controller.srcs/sources_1/bd/design_1/synth/design_1.vhd:297]
INFO: [Synth 8-638] synthesizing module 'design_1_moving_average_filter_0_0' [/home/mconsonni/Scrivania/DESD/Projects/LAB3_audio_controller/LAB3_audio_controller.runs/synth_1/.Xil/Vivado-7920-mconsonni-HP-ProBook-440-G7/realtime/design_1_moving_average_filter_0_0_stub.vhdl:22]
INFO: [Synth 8-3491] module 'design_1_mute_controller_0_0' declared at '/home/mconsonni/Scrivania/DESD/Projects/LAB3_audio_controller/LAB3_audio_controller.runs/synth_1/.Xil/Vivado-7920-mconsonni-HP-ProBook-440-G7/realtime/design_1_mute_controller_0_0_stub.vhdl:5' bound to instance 'mute_controller_0' of component 'design_1_mute_controller_0_0' [/home/mconsonni/Scrivania/DESD/Projects/LAB3_audio_controller/LAB3_audio_controller.srcs/sources_1/bd/design_1/synth/design_1.vhd:311]
INFO: [Synth 8-638] synthesizing module 'design_1_mute_controller_0_0' [/home/mconsonni/Scrivania/DESD/Projects/LAB3_audio_controller/LAB3_audio_controller.runs/synth_1/.Xil/Vivado-7920-mconsonni-HP-ProBook-440-G7/realtime/design_1_mute_controller_0_0_stub.vhdl:23]
INFO: [Synth 8-3491] module 'design_1_packetizer_0_0' declared at '/home/mconsonni/Scrivania/DESD/Projects/LAB3_audio_controller/LAB3_audio_controller.runs/synth_1/.Xil/Vivado-7920-mconsonni-HP-ProBook-440-G7/realtime/design_1_packetizer_0_0_stub.vhdl:5' bound to instance 'packetizer_0' of component 'design_1_packetizer_0_0' [/home/mconsonni/Scrivania/DESD/Projects/LAB3_audio_controller/LAB3_audio_controller.srcs/sources_1/bd/design_1/synth/design_1.vhd:326]
INFO: [Synth 8-638] synthesizing module 'design_1_packetizer_0_0' [/home/mconsonni/Scrivania/DESD/Projects/LAB3_audio_controller/LAB3_audio_controller.runs/synth_1/.Xil/Vivado-7920-mconsonni-HP-ProBook-440-G7/realtime/design_1_packetizer_0_0_stub.vhdl:20]
INFO: [Synth 8-3491] module 'design_1_util_vector_logic_0_0' declared at '/home/mconsonni/Scrivania/DESD/Projects/LAB3_audio_controller/LAB3_audio_controller.runs/synth_1/.Xil/Vivado-7920-mconsonni-HP-ProBook-440-G7/realtime/design_1_util_vector_logic_0_0_stub.vhdl:5' bound to instance 'util_vector_logic_0' of component 'design_1_util_vector_logic_0_0' [/home/mconsonni/Scrivania/DESD/Projects/LAB3_audio_controller/LAB3_audio_controller.srcs/sources_1/bd/design_1/synth/design_1.vhd:338]
INFO: [Synth 8-638] synthesizing module 'design_1_util_vector_logic_0_0' [/home/mconsonni/Scrivania/DESD/Projects/LAB3_audio_controller/LAB3_audio_controller.runs/synth_1/.Xil/Vivado-7920-mconsonni-HP-ProBook-440-G7/realtime/design_1_util_vector_logic_0_0_stub.vhdl:13]
INFO: [Synth 8-3491] module 'design_1_volume_controller_1_0' declared at '/home/mconsonni/Scrivania/DESD/Projects/LAB3_audio_controller/LAB3_audio_controller.runs/synth_1/.Xil/Vivado-7920-mconsonni-HP-ProBook-440-G7/realtime/design_1_volume_controller_1_0_stub.vhdl:5' bound to instance 'volume_controller_0' of component 'design_1_volume_controller_1_0' [/home/mconsonni/Scrivania/DESD/Projects/LAB3_audio_controller/LAB3_audio_controller.srcs/sources_1/bd/design_1/synth/design_1.vhd:343]
INFO: [Synth 8-638] synthesizing module 'design_1_volume_controller_1_0' [/home/mconsonni/Scrivania/DESD/Projects/LAB3_audio_controller/LAB3_audio_controller.runs/synth_1/.Xil/Vivado-7920-mconsonni-HP-ProBook-440-G7/realtime/design_1_volume_controller_1_0_stub.vhdl:24]
INFO: [Synth 8-256] done synthesizing module 'design_1' (1#1) [/home/mconsonni/Scrivania/DESD/Projects/LAB3_audio_controller/LAB3_audio_controller.srcs/sources_1/bd/design_1/synth/design_1.vhd:33]
INFO: [Synth 8-256] done synthesizing module 'design_1_wrapper' (2#1) [/home/mconsonni/Scrivania/DESD/Projects/LAB3_audio_controller/LAB3_audio_controller.srcs/sources_1/bd/design_1/hdl/design_1_wrapper.vhd:29]
---------------------------------------------------------------------------------
Finished RTL Elaboration : Time (s): cpu = 00:00:04 ; elapsed = 00:00:04 . Memory (MB): peak = 2535.164 ; gain = 0.000 ; free physical = 7951 ; free virtual = 13246
---------------------------------------------------------------------------------
---------------------------------------------------------------------------------
Start Handling Custom Attributes
---------------------------------------------------------------------------------
---------------------------------------------------------------------------------
Finished Handling Custom Attributes : Time (s): cpu = 00:00:04 ; elapsed = 00:00:05 . Memory (MB): peak = 2535.164 ; gain = 0.000 ; free physical = 8640 ; free virtual = 13935
---------------------------------------------------------------------------------
---------------------------------------------------------------------------------
Finished RTL Optimization Phase 1 : Time (s): cpu = 00:00:04 ; elapsed = 00:00:05 . Memory (MB): peak = 2535.164 ; gain = 0.000 ; free physical = 8640 ; free virtual = 13934
---------------------------------------------------------------------------------
Netlist sorting complete. Time (s): cpu = 00:00:00 ; elapsed = 00:00:00 . Memory (MB): peak = 2535.164 ; gain = 0.000 ; free physical = 8626 ; free virtual = 13921
INFO: [Project 1-570] Preparing netlist for logic optimization

Processing XDC Constraints
Initializing timing engine
Parsing XDC File [/home/mconsonni/Scrivania/DESD/Projects/LAB3_audio_controller/LAB3_audio_controller.srcs/sources_1/bd/design_1/ip/design_1_depacketizer_0_0/design_1_depacketizer_0_0/design_1_depacketizer_0_0_in_context.xdc] for cell 'design_1_i/depacketizer_0'
Finished Parsing XDC File [/home/mconsonni/Scrivania/DESD/Projects/LAB3_audio_controller/LAB3_audio_controller.srcs/sources_1/bd/design_1/ip/design_1_depacketizer_0_0/design_1_depacketizer_0_0/design_1_depacketizer_0_0_in_context.xdc] for cell 'design_1_i/depacketizer_0'
Parsing XDC File [/home/mconsonni/Scrivania/DESD/Projects/LAB3_audio_controller/LAB3_audio_controller.srcs/sources_1/bd/design_1/ip/design_1_AXI4Stream_UART_0_0/design_1_AXI4Stream_UART_0_0/design_1_AXI4Stream_UART_0_0_in_context.xdc] for cell 'design_1_i/AXI4Stream_UART_0'
Finished Parsing XDC File [/home/mconsonni/Scrivania/DESD/Projects/LAB3_audio_controller/LAB3_audio_controller.srcs/sources_1/bd/design_1/ip/design_1_AXI4Stream_UART_0_0/design_1_AXI4Stream_UART_0_0/design_1_AXI4Stream_UART_0_0_in_context.xdc] for cell 'design_1_i/AXI4Stream_UART_0'
Parsing XDC File [/home/mconsonni/Scrivania/DESD/Projects/LAB3_audio_controller/LAB3_audio_controller.srcs/sources_1/bd/design_1/ip/design_1_clk_wiz_0_0/design_1_clk_wiz_0_0/design_1_clk_wiz_0_0_in_context.xdc] for cell 'design_1_i/clk_wiz_0'
Finished Parsing XDC File [/home/mconsonni/Scrivania/DESD/Projects/LAB3_audio_controller/LAB3_audio_controller.srcs/sources_1/bd/design_1/ip/design_1_clk_wiz_0_0/design_1_clk_wiz_0_0/design_1_clk_wiz_0_0_in_context.xdc] for cell 'design_1_i/clk_wiz_0'
Parsing XDC File [/home/mconsonni/Scrivania/DESD/Projects/LAB3_audio_controller/LAB3_audio_controller.srcs/sources_1/bd/design_1/ip/design_1_util_vector_logic_0_0/design_1_util_vector_logic_0_0/design_1_util_vector_logic_0_0_in_context.xdc] for cell 'design_1_i/util_vector_logic_0'
Finished Parsing XDC File [/home/mconsonni/Scrivania/DESD/Projects/LAB3_audio_controller/LAB3_audio_controller.srcs/sources_1/bd/design_1/ip/design_1_util_vector_logic_0_0/design_1_util_vector_logic_0_0/design_1_util_vector_logic_0_0_in_context.xdc] for cell 'design_1_i/util_vector_logic_0'
Parsing XDC File [/home/mconsonni/Scrivania/DESD/Projects/LAB3_audio_controller/LAB3_audio_controller.srcs/sources_1/bd/design_1/ip/design_1_packetizer_0_0/design_1_packetizer_0_0/design_1_packetizer_0_0_in_context.xdc] for cell 'design_1_i/packetizer_0'
Finished Parsing XDC File [/home/mconsonni/Scrivania/DESD/Projects/LAB3_audio_controller/LAB3_audio_controller.srcs/sources_1/bd/design_1/ip/design_1_packetizer_0_0/design_1_packetizer_0_0/design_1_packetizer_0_0_in_context.xdc] for cell 'design_1_i/packetizer_0'
Parsing XDC File [/home/mconsonni/Scrivania/DESD/Projects/LAB3_audio_controller/LAB3_audio_controller.srcs/sources_1/bd/design_1/ip/design_1_moving_average_filter_0_0/design_1_moving_average_filter_0_0/design_1_moving_average_filter_0_0_in_context.xdc] for cell 'design_1_i/moving_average_filter_0'
Finished Parsing XDC File [/home/mconsonni/Scrivania/DESD/Projects/LAB3_audio_controller/LAB3_audio_controller.srcs/sources_1/bd/design_1/ip/design_1_moving_average_filter_0_0/design_1_moving_average_filter_0_0/design_1_moving_average_filter_0_0_in_context.xdc] for cell 'design_1_i/moving_average_filter_0'
Parsing XDC File [/home/mconsonni/Scrivania/DESD/Projects/LAB3_audio_controller/LAB3_audio_controller.srcs/sources_1/bd/design_1/ip/design_1_volume_controller_1_0/design_1_volume_controller_1_0/design_1_volume_controller_1_0_in_context.xdc] for cell 'design_1_i/volume_controller_0'
Finished Parsing XDC File [/home/mconsonni/Scrivania/DESD/Projects/LAB3_audio_controller/LAB3_audio_controller.srcs/sources_1/bd/design_1/ip/design_1_volume_controller_1_0/design_1_volume_controller_1_0/design_1_volume_controller_1_0_in_context.xdc] for cell 'design_1_i/volume_controller_0'
Parsing XDC File [/home/mconsonni/Scrivania/DESD/Projects/LAB3_audio_controller/LAB3_audio_controller.srcs/sources_1/bd/design_1/ip/design_1_mute_controller_0_0/design_1_mute_controller_0_0/design_1_mute_controller_0_0_in_context.xdc] for cell 'design_1_i/mute_controller_0'
Finished Parsing XDC File [/home/mconsonni/Scrivania/DESD/Projects/LAB3_audio_controller/LAB3_audio_controller.srcs/sources_1/bd/design_1/ip/design_1_mute_controller_0_0/design_1_mute_controller_0_0/design_1_mute_controller_0_0_in_context.xdc] for cell 'design_1_i/mute_controller_0'
Parsing XDC File [/home/mconsonni/Scrivania/DESD/Projects/LAB3_audio_controller/LAB3_audio_controller.srcs/sources_1/bd/design_1/ip/design_1_debouncer_0_0/design_1_debouncer_0_0/design_1_debouncer_0_0_in_context.xdc] for cell 'design_1_i/debouncer_0'
Finished Parsing XDC File [/home/mconsonni/Scrivania/DESD/Projects/LAB3_audio_controller/LAB3_audio_controller.srcs/sources_1/bd/design_1/ip/design_1_debouncer_0_0/design_1_debouncer_0_0/design_1_debouncer_0_0_in_context.xdc] for cell 'design_1_i/debouncer_0'
Parsing XDC File [/home/mconsonni/Scrivania/DESD/Projects/LAB3_audio_controller/LAB3_audio_controller.srcs/sources_1/bd/design_1/ip/design_1_debouncer_1_0/design_1_debouncer_1_0/design_1_debouncer_1_0_in_context.xdc] for cell 'design_1_i/debouncer_1'
Finished Parsing XDC File [/home/mconsonni/Scrivania/DESD/Projects/LAB3_audio_controller/LAB3_audio_controller.srcs/sources_1/bd/design_1/ip/design_1_debouncer_1_0/design_1_debouncer_1_0/design_1_debouncer_1_0_in_context.xdc] for cell 'design_1_i/debouncer_1'
Parsing XDC File [/home/mconsonni/Scrivania/DESD/Projects/LAB3_audio_controller/LAB3_audio_controller.srcs/sources_1/bd/design_1/ip/design_1_edge_detector_0_0/design_1_edge_detector_0_0/design_1_edge_detector_0_0_in_context.xdc] for cell 'design_1_i/edge_detector_0'
Finished Parsing XDC File [/home/mconsonni/Scrivania/DESD/Projects/LAB3_audio_controller/LAB3_audio_controller.srcs/sources_1/bd/design_1/ip/design_1_edge_detector_0_0/design_1_edge_detector_0_0/design_1_edge_detector_0_0_in_context.xdc] for cell 'design_1_i/edge_detector_0'
Parsing XDC File [/home/mconsonni/Scrivania/DESD/Projects/LAB3_audio_controller/LAB3_audio_controller.srcs/sources_1/bd/design_1/ip/design_1_edge_detector_1_0/design_1_edge_detector_1_0/design_1_edge_detector_1_0_in_context.xdc] for cell 'design_1_i/edge_detector_1'
Finished Parsing XDC File [/home/mconsonni/Scrivania/DESD/Projects/LAB3_audio_controller/LAB3_audio_controller.srcs/sources_1/bd/design_1/ip/design_1_edge_detector_1_0/design_1_edge_detector_1_0/design_1_edge_detector_1_0_in_context.xdc] for cell 'design_1_i/edge_detector_1'
Parsing XDC File [/home/mconsonni/Scrivania/DESD/Projects/LAB3_audio_controller/LAB3_audio_controller.srcs/constrs_1/imports/new/basys3_master_xdc.xdc]
WARNING: [Vivado 12-584] No ports matched 'btnC'. [/home/mconsonni/Scrivania/DESD/Projects/LAB3_audio_controller/LAB3_audio_controller.srcs/constrs_1/imports/new/basys3_master_xdc.xdc:111]
WARNING: [Vivado 12-584] No ports matched 'btnC'. [/home/mconsonni/Scrivania/DESD/Projects/LAB3_audio_controller/LAB3_audio_controller.srcs/constrs_1/imports/new/basys3_master_xdc.xdc:112]
Finished Parsing XDC File [/home/mconsonni/Scrivania/DESD/Projects/LAB3_audio_controller/LAB3_audio_controller.srcs/constrs_1/imports/new/basys3_master_xdc.xdc]
WARNING: [Project 1-498] One or more constraints failed evaluation while reading constraint file [/home/mconsonni/Scrivania/DESD/Projects/LAB3_audio_controller/LAB3_audio_controller.srcs/constrs_1/imports/new/basys3_master_xdc.xdc] and the design contains unresolved black boxes. These constraints will be read post-synthesis (as long as their source constraint file is marked as used_in_implementation) and should be applied correctly then. You should review the constraints listed in the file [.Xil/design_1_wrapper_propImpl.xdc] and check the run log file to verify that these constraints were correctly applied.
INFO: [Project 1-236] Implementation specific constraints were found while reading constraint file [/home/mconsonni/Scrivania/DESD/Projects/LAB3_audio_controller/LAB3_audio_controller.srcs/constrs_1/imports/new/basys3_master_xdc.xdc]. These constraints will be ignored for synthesis but will be used in implementation. Impacted constraints are listed in the file [.Xil/design_1_wrapper_propImpl.xdc].
Resolution: To avoid this warning, move constraints listed in [.Xil/design_1_wrapper_propImpl.xdc] to another XDC file and exclude this new file from synthesis with the used_in_synthesis property (File Properties dialog in GUI) and re-run elaboration/synthesis.
Parsing XDC File [/home/mconsonni/Scrivania/DESD/Projects/LAB3_audio_controller/LAB3_audio_controller.runs/synth_1/dont_touch.xdc]
Finished Parsing XDC File [/home/mconsonni/Scrivania/DESD/Projects/LAB3_audio_controller/LAB3_audio_controller.runs/synth_1/dont_touch.xdc]
Completed Processing XDC Constraints

Netlist sorting complete. Time (s): cpu = 00:00:00 ; elapsed = 00:00:00 . Memory (MB): peak = 2535.164 ; gain = 0.000 ; free physical = 8601 ; free virtual = 13896
INFO: [Project 1-111] Unisim Transformation Summary:
No Unisim elements were transformed.

Constraint Validation Runtime : Time (s): cpu = 00:00:00 ; elapsed = 00:00:00 . Memory (MB): peak = 2535.164 ; gain = 0.000 ; free physical = 8601 ; free virtual = 13896
---------------------------------------------------------------------------------
Finished Constraint Validation : Time (s): cpu = 00:00:08 ; elapsed = 00:00:09 . Memory (MB): peak = 2535.164 ; gain = 0.000 ; free physical = 8668 ; free virtual = 13964
---------------------------------------------------------------------------------
---------------------------------------------------------------------------------
Start Loading Part and Timing Information
---------------------------------------------------------------------------------
Loading part: xc7a35tcpg236-1
---------------------------------------------------------------------------------
Finished Loading Part and Timing Information : Time (s): cpu = 00:00:08 ; elapsed = 00:00:09 . Memory (MB): peak = 2535.164 ; gain = 0.000 ; free physical = 8668 ; free virtual = 13964
---------------------------------------------------------------------------------
---------------------------------------------------------------------------------
Start Applying 'set_property' XDC Constraints
---------------------------------------------------------------------------------
Applied set_property IO_BUFFER_TYPE = NONE for sys_clock. (constraint file  /home/mconsonni/Scrivania/DESD/Projects/LAB3_audio_controller/LAB3_audio_controller.srcs/sources_1/bd/design_1/ip/design_1_clk_wiz_0_0/design_1_clk_wiz_0_0/design_1_clk_wiz_0_0_in_context.xdc, line 4).
Applied set_property CLOCK_BUFFER_TYPE = NONE for sys_clock. (constraint file  /home/mconsonni/Scrivania/DESD/Projects/LAB3_audio_controller/LAB3_audio_controller.srcs/sources_1/bd/design_1/ip/design_1_clk_wiz_0_0/design_1_clk_wiz_0_0/design_1_clk_wiz_0_0_in_context.xdc, line 5).
Applied set_property KEEP_HIERARCHY = SOFT for design_1_i. (constraint file  auto generated constraint).
Applied set_property KEEP_HIERARCHY = SOFT for design_1_i/depacketizer_0. (constraint file  auto generated constraint).
Applied set_property KEEP_HIERARCHY = SOFT for design_1_i/AXI4Stream_UART_0. (constraint file  auto generated constraint).
Applied set_property KEEP_HIERARCHY = SOFT for design_1_i/clk_wiz_0. (constraint file  auto generated constraint).
Applied set_property KEEP_HIERARCHY = SOFT for design_1_i/util_vector_logic_0. (constraint file  auto generated constraint).
Applied set_property KEEP_HIERARCHY = SOFT for design_1_i/packetizer_0. (constraint file  auto generated constraint).
Applied set_property KEEP_HIERARCHY = SOFT for design_1_i/moving_average_filter_0. (constraint file  auto generated constraint).
Applied set_property KEEP_HIERARCHY = SOFT for design_1_i/volume_controller_0. (constraint file  auto generated constraint).
Applied set_property KEEP_HIERARCHY = SOFT for design_1_i/mute_controller_0. (constraint file  auto generated constraint).
Applied set_property KEEP_HIERARCHY = SOFT for design_1_i/debouncer_0. (constraint file  auto generated constraint).
Applied set_property KEEP_HIERARCHY = SOFT for design_1_i/debouncer_1. (constraint file  auto generated constraint).
Applied set_property KEEP_HIERARCHY = SOFT for design_1_i/edge_detector_0. (constraint file  auto generated constraint).
Applied set_property KEEP_HIERARCHY = SOFT for design_1_i/edge_detector_1. (constraint file  auto generated constraint).
---------------------------------------------------------------------------------
Finished applying 'set_property' XDC Constraints : Time (s): cpu = 00:00:08 ; elapsed = 00:00:09 . Memory (MB): peak = 2535.164 ; gain = 0.000 ; free physical = 8668 ; free virtual = 13964
---------------------------------------------------------------------------------
---------------------------------------------------------------------------------
Finished RTL Optimization Phase 2 : Time (s): cpu = 00:00:08 ; elapsed = 00:00:10 . Memory (MB): peak = 2535.164 ; gain = 0.000 ; free physical = 8667 ; free virtual = 13963
---------------------------------------------------------------------------------
---------------------------------------------------------------------------------
Start RTL Component Statistics 
---------------------------------------------------------------------------------
Detailed RTL Component Info : 
---------------------------------------------------------------------------------
Finished RTL Component Statistics 
---------------------------------------------------------------------------------
---------------------------------------------------------------------------------
Start Part Resource Summary
---------------------------------------------------------------------------------
Part Resources:
DSPs: 90 (col length:60)
BRAMs: 100 (col length: RAMB18 60 RAMB36 30)
---------------------------------------------------------------------------------
Finished Part Resource Summary
---------------------------------------------------------------------------------
---------------------------------------------------------------------------------
Start Cross Boundary and Area Optimization
---------------------------------------------------------------------------------
---------------------------------------------------------------------------------
Finished Cross Boundary and Area Optimization : Time (s): cpu = 00:00:09 ; elapsed = 00:00:10 . Memory (MB): peak = 2535.164 ; gain = 0.000 ; free physical = 8663 ; free virtual = 13962
---------------------------------------------------------------------------------
---------------------------------------------------------------------------------
Start Applying XDC Timing Constraints
---------------------------------------------------------------------------------
---------------------------------------------------------------------------------
Finished Applying XDC Timing Constraints : Time (s): cpu = 00:00:13 ; elapsed = 00:00:14 . Memory (MB): peak = 2535.164 ; gain = 0.000 ; free physical = 8545 ; free virtual = 13844
---------------------------------------------------------------------------------
---------------------------------------------------------------------------------
Start Timing Optimization
---------------------------------------------------------------------------------
---------------------------------------------------------------------------------
Finished Timing Optimization : Time (s): cpu = 00:00:13 ; elapsed = 00:00:14 . Memory (MB): peak = 2535.164 ; gain = 0.000 ; free physical = 8545 ; free virtual = 13844
---------------------------------------------------------------------------------
---------------------------------------------------------------------------------
Start Technology Mapping
---------------------------------------------------------------------------------
---------------------------------------------------------------------------------
Finished Technology Mapping : Time (s): cpu = 00:00:13 ; elapsed = 00:00:14 . Memory (MB): peak = 2535.164 ; gain = 0.000 ; free physical = 8543 ; free virtual = 13842
---------------------------------------------------------------------------------
---------------------------------------------------------------------------------
Start IO Insertion
---------------------------------------------------------------------------------
---------------------------------------------------------------------------------
Start Flattening Before IO Insertion
---------------------------------------------------------------------------------
---------------------------------------------------------------------------------
Finished Flattening Before IO Insertion
---------------------------------------------------------------------------------
---------------------------------------------------------------------------------
Start Final Netlist Cleanup
---------------------------------------------------------------------------------
---------------------------------------------------------------------------------
Finished Final Netlist Cleanup
---------------------------------------------------------------------------------
---------------------------------------------------------------------------------
Finished IO Insertion : Time (s): cpu = 00:00:15 ; elapsed = 00:00:17 . Memory (MB): peak = 2535.164 ; gain = 0.000 ; free physical = 8543 ; free virtual = 13842
---------------------------------------------------------------------------------
---------------------------------------------------------------------------------
Start Renaming Generated Instances
---------------------------------------------------------------------------------
---------------------------------------------------------------------------------
Finished Renaming Generated Instances : Time (s): cpu = 00:00:15 ; elapsed = 00:00:17 . Memory (MB): peak = 2535.164 ; gain = 0.000 ; free physical = 8543 ; free virtual = 13842
---------------------------------------------------------------------------------
---------------------------------------------------------------------------------
Start Rebuilding User Hierarchy
---------------------------------------------------------------------------------
---------------------------------------------------------------------------------
Finished Rebuilding User Hierarchy : Time (s): cpu = 00:00:15 ; elapsed = 00:00:17 . Memory (MB): peak = 2535.164 ; gain = 0.000 ; free physical = 8543 ; free virtual = 13842
---------------------------------------------------------------------------------
---------------------------------------------------------------------------------
Start Renaming Generated Ports
---------------------------------------------------------------------------------
---------------------------------------------------------------------------------
Finished Renaming Generated Ports : Time (s): cpu = 00:00:15 ; elapsed = 00:00:17 . Memory (MB): peak = 2535.164 ; gain = 0.000 ; free physical = 8543 ; free virtual = 13842
---------------------------------------------------------------------------------
---------------------------------------------------------------------------------
Start Handling Custom Attributes
---------------------------------------------------------------------------------
---------------------------------------------------------------------------------
Finished Handling Custom Attributes : Time (s): cpu = 00:00:15 ; elapsed = 00:00:17 . Memory (MB): peak = 2535.164 ; gain = 0.000 ; free physical = 8543 ; free virtual = 13842
---------------------------------------------------------------------------------
---------------------------------------------------------------------------------
Start Renaming Generated Nets
---------------------------------------------------------------------------------
---------------------------------------------------------------------------------
Finished Renaming Generated Nets : Time (s): cpu = 00:00:15 ; elapsed = 00:00:17 . Memory (MB): peak = 2535.164 ; gain = 0.000 ; free physical = 8543 ; free virtual = 13842
---------------------------------------------------------------------------------
---------------------------------------------------------------------------------
Start Writing Synthesis Report
---------------------------------------------------------------------------------

Report BlackBoxes: 
+------+-----------------------------------+----------+
|      |BlackBox name                      |Instances |
+------+-----------------------------------+----------+
|1     |design_1_AXI4Stream_UART_0_0       |         1|
|2     |design_1_clk_wiz_0_0               |         1|
|3     |design_1_debouncer_0_0             |         1|
|4     |design_1_debouncer_1_0             |         1|
|5     |design_1_depacketizer_0_0          |         1|
|6     |design_1_edge_detector_0_0         |         1|
|7     |design_1_edge_detector_1_0         |         1|
|8     |design_1_moving_average_filter_0_0 |         1|
|9     |design_1_mute_controller_0_0       |         1|
|10    |design_1_packetizer_0_0            |         1|
|11    |design_1_util_vector_logic_0_0     |         1|
|12    |design_1_volume_controller_1_0     |         1|
+------+-----------------------------------+----------+

Report Cell Usage: 
+------+----------------------------------------+------+
|      |Cell                                    |Count |
+------+----------------------------------------+------+
|1     |design_1_AXI4Stream_UART_0_0_bbox       |     1|
|2     |design_1_clk_wiz_0_0_bbox               |     1|
|3     |design_1_debouncer_0_0_bbox             |     1|
|4     |design_1_debouncer_1_0_bbox             |     1|
|5     |design_1_depacketizer_0_0_bbox          |     1|
|6     |design_1_edge_detector_0_0_bbox         |     1|
|7     |design_1_edge_detector_1_0_bbox         |     1|
|8     |design_1_moving_average_filter_0_0_bbox |     1|
|9     |design_1_mute_controller_0_0_bbox       |     1|
|10    |design_1_packetizer_0_0_bbox            |     1|
|11    |design_1_util_vector_logic_0_0_bbox     |     1|
|12    |design_1_volume_controller_1_0_bbox     |     1|
|13    |IBUF                                    |     7|
|14    |OBUF                                    |    17|
+------+----------------------------------------+------+
---------------------------------------------------------------------------------
Finished Writing Synthesis Report : Time (s): cpu = 00:00:15 ; elapsed = 00:00:17 . Memory (MB): peak = 2535.164 ; gain = 0.000 ; free physical = 8543 ; free virtual = 13842
---------------------------------------------------------------------------------
Synthesis finished with 0 errors, 0 critical warnings and 0 warnings.
Synthesis Optimization Runtime : Time (s): cpu = 00:00:14 ; elapsed = 00:00:15 . Memory (MB): peak = 2535.164 ; gain = 0.000 ; free physical = 8598 ; free virtual = 13897
Synthesis Optimization Complete : Time (s): cpu = 00:00:15 ; elapsed = 00:00:17 . Memory (MB): peak = 2535.164 ; gain = 0.000 ; free physical = 8598 ; free virtual = 13897
INFO: [Project 1-571] Translating synthesized netlist
Netlist sorting complete. Time (s): cpu = 00:00:00 ; elapsed = 00:00:00.01 . Memory (MB): peak = 2535.164 ; gain = 0.000 ; free physical = 8681 ; free virtual = 13980
INFO: [Project 1-570] Preparing netlist for logic optimization
INFO: [Opt 31-138] Pushed 0 inverter(s) to 0 load pin(s).
Netlist sorting complete. Time (s): cpu = 00:00:00 ; elapsed = 00:00:00 . Memory (MB): peak = 2535.164 ; gain = 0.000 ; free physical = 8629 ; free virtual = 13928
INFO: [Project 1-111] Unisim Transformation Summary:
No Unisim elements were transformed.

INFO: [Common 17-83] Releasing license: Synthesis
45 Infos, 4 Warnings, 3 Critical Warnings and 0 Errors encountered.
synth_design completed successfully
synth_design: Time (s): cpu = 00:00:22 ; elapsed = 00:00:20 . Memory (MB): peak = 2535.164 ; gain = 0.000 ; free physical = 8766 ; free virtual = 14065
INFO: [Common 17-1381] The checkpoint '/home/mconsonni/Scrivania/DESD/Projects/LAB3_audio_controller/LAB3_audio_controller.runs/synth_1/design_1_wrapper.dcp' has been generated.
INFO: [runtcl-4] Executing : report_utilization -file design_1_wrapper_utilization_synth.rpt -pb design_1_wrapper_utilization_synth.pb
INFO: [Common 17-206] Exiting Vivado at Sun Sep 19 11:18:20 2021...
