#-----------------------------------------------------------
# Vivado v2019.2 (64-bit)
# SW Build 2708876 on Wed Nov  6 21:40:23 MST 2019
# IP Build 2700528 on Thu Nov  7 00:09:20 MST 2019
# Start of session at: Sat Jul  4 11:14:40 2020
# Process ID: 9152
# Current directory: C:/DESD/Projects/AXIS_01_FIFO_project.xpr/AXIS_01_FIFO_project
# Command line: vivado.exe -gui_launcher_event rodinguilauncherevent7736 C:\DESD\Projects\AXIS_01_FIFO_project.xpr\AXIS_01_FIFO_project\AXIS_01_FIFO_project.xpr
# Log file: C:/DESD/Projects/AXIS_01_FIFO_project.xpr/AXIS_01_FIFO_project/vivado.log
# Journal file: C:/DESD/Projects/AXIS_01_FIFO_project.xpr/AXIS_01_FIFO_project\vivado.jou
#-----------------------------------------------------------
start_gui
open_project C:/DESD/Projects/AXIS_01_FIFO_project.xpr/AXIS_01_FIFO_project/AXIS_01_FIFO_project.xpr
INFO: [Project 1-313] Project file moved from 'C:/DESD/Project/AXIS_FIFO/.Xil/Vivado-9224-NicolaPC/PrjAr/_X_' since last save.
Scanning sources...
Finished scanning sources
INFO: [IP_Flow 19-234] Refreshing IP repositories
INFO: [IP_Flow 19-1704] No user IP repositories specified
INFO: [IP_Flow 19-2313] Loaded Vivado IP repository 'C:/Xilinx/Vivado/2019.2/data/ip'.
open_project: Time (s): cpu = 00:00:19 ; elapsed = 00:00:09 . Memory (MB): peak = 734.797 ; gain = 106.465
update_compile_order -fileset sources_1
exit
INFO: [Common 17-206] Exiting Vivado at Sat Jul  4 11:25:08 2020...
