#-----------------------------------------------------------
# Vivado v2019.2 (64-bit)
# SW Build 2708876 on Wed Nov  6 21:40:23 MST 2019
# IP Build 2700528 on Thu Nov  7 00:09:20 MST 2019
# Start of session at: Fri Jul  3 17:12:57 2020
# Process ID: 660
# Current directory: C:/DESD/Projects/LAB0_01_ShiftRegister_project.xpr/LAB0_ShiftRegister_project
# Command line: vivado.exe -gui_launcher_event rodinguilauncherevent11996 C:\DESD\Projects\LAB0_01_ShiftRegister_project.xpr\LAB0_ShiftRegister_project\LAB0_ShiftRegister_project.xpr
# Log file: C:/DESD/Projects/LAB0_01_ShiftRegister_project.xpr/LAB0_ShiftRegister_project/vivado.log
# Journal file: C:/DESD/Projects/LAB0_01_ShiftRegister_project.xpr/LAB0_ShiftRegister_project\vivado.jou
#-----------------------------------------------------------
start_gui
open_project C:/DESD/Projects/LAB0_01_ShiftRegister_project.xpr/LAB0_ShiftRegister_project/LAB0_ShiftRegister_project.xpr
INFO: [Project 1-313] Project file moved from 'C:/Users/nicol/Desktop/POLIMI/Didattica/Digital_Electronic_System_Design/ClassRoom LAB1/ShiftRegister/.Xil/Vivado-22288-NicolaPC/PrjAr/_X_' since last save.
Scanning sources...
Finished scanning sources
INFO: [IP_Flow 19-234] Refreshing IP repositories
INFO: [IP_Flow 19-1704] No user IP repositories specified
INFO: [IP_Flow 19-2313] Loaded Vivado IP repository 'C:/Xilinx/Vivado/2019.2/data/ip'.
open_project: Time (s): cpu = 00:00:14 ; elapsed = 00:00:07 . Memory (MB): peak = 782.160 ; gain = 136.363
update_compile_order -fileset sources_1
exit
INFO: [Common 17-206] Exiting Vivado at Fri Jul  3 17:15:42 2020...
