#-----------------------------------------------------------
# Vivado v2020.2 (64-bit)
# SW Build 3064766 on Wed Nov 18 09:12:45 MST 2020
# IP Build 3064653 on Wed Nov 18 14:17:31 MST 2020
# Start of session at: Tue Sep 14 19:29:25 2021
# Process ID: 16728
# Current directory: C:/DESD/microblaze_project
# Command line: vivado.exe -gui_launcher_event rodinguilauncherevent2216 C:\DESD\microblaze_project\microblaze_project.xpr
# Log file: C:/DESD/microblaze_project/vivado.log
# Journal file: C:/DESD/microblaze_project\vivado.jou
#-----------------------------------------------------------
start_gui
open_project C:/DESD/microblaze_project/microblaze_project.xpr
WARNING: [filemgmt 56-3] IP Repository Path: Could not find the directory 'C:/DESD/ip_repo/myip_outled_1.0'.
WARNING: [filemgmt 56-3] IP Repository Path: Could not find the directory 'C:/DESD/ip_repo/myip_leds_1.0'.
Scanning sources...
Finished scanning sources
INFO: [IP_Flow 19-234] Refreshing IP repositories
WARNING: [IP_Flow 19-2248] Failed to load user IP repository 'c:/DESD/ip_repo/myip_outled_1.0'; Can't find the specified path.
If this directory should no longer be in your list of user repositories, go to the IP Settings dialog and remove it.
INFO: [IP_Flow 19-1700] Loaded user IP repository 'c:/DESD/Repository'.
WARNING: [IP_Flow 19-2248] Failed to load user IP repository 'c:/DESD/ip_repo/myip_leds_1.0'; Can't find the specified path.
If this directory should no longer be in your list of user repositories, go to the IP Settings dialog and remove it.
INFO: [IP_Flow 19-2313] Loaded Vivado IP repository 'C:/Xilinx2/Vivado/2020.2/data/ip'.
WARNING: [BD 41-1661] One or more IPs have been locked in the design 'microblaze_bd.bd'. Please run report_ip_status for more details and recommendations on how to fix this issue.
List of locked IPs:
microblaze_bd_myip_0_0

open_project: Time (s): cpu = 00:00:25 ; elapsed = 00:00:12 . Memory (MB): peak = 1150.160 ; gain = 23.676
update_compile_order -fileset sources_1
open_bd_design {C:/DESD/microblaze_project/microblaze_project.srcs/sources_1/bd/microblaze_bd/microblaze_bd.bd}
Reading block design file <C:/DESD/microblaze_project/microblaze_project.srcs/sources_1/bd/microblaze_bd/microblaze_bd.bd>...
Adding component instance block -- xilinx.com:ip:clk_wiz:6.0 - clk_wiz_0
Adding component instance block -- xilinx.com:ip:microblaze:11.0 - microblaze_0
Adding component instance block -- xilinx.com:ip:axi_uartlite:2.0 - axi_uartlite_0
Adding component instance block -- xilinx.com:ip:lmb_v10:3.0 - dlmb_v10
Adding component instance block -- xilinx.com:ip:lmb_v10:3.0 - ilmb_v10
Adding component instance block -- xilinx.com:ip:lmb_bram_if_cntlr:4.0 - dlmb_bram_if_cntlr
Adding component instance block -- xilinx.com:ip:lmb_bram_if_cntlr:4.0 - ilmb_bram_if_cntlr
Adding component instance block -- xilinx.com:ip:blk_mem_gen:8.4 - lmb_bram
Adding component instance block -- xilinx.com:ip:axi_interconnect:2.1 - microblaze_0_axi_periph
Adding component instance block -- xilinx.com:ip:axi_crossbar:2.1 - xbar
Adding component instance block -- xilinx.com:ip:axi_intc:4.1 - microblaze_0_axi_intc
Adding component instance block -- xilinx.com:ip:xlconcat:2.1 - microblaze_0_xlconcat
Adding component instance block -- xilinx.com:ip:mdm:3.2 - mdm_1
Adding component instance block -- xilinx.com:ip:proc_sys_reset:5.0 - rst_clk_wiz_0_100M
Adding component instance block -- xilinx.com:ip:xlconstant:1.1 - xlconstant_0
Adding component instance block -- xilinx.com:user:myip:1.0 - myip_0
Successfully read diagram <microblaze_bd> from block design file <C:/DESD/microblaze_project/microblaze_project.srcs/sources_1/bd/microblaze_bd/microblaze_bd.bd>
open_bd_design: Time (s): cpu = 00:00:19 ; elapsed = 00:00:11 . Memory (MB): peak = 1277.051 ; gain = 108.684
delete_bd_objs [get_bd_nets myip_0_leds_0] [get_bd_intf_nets microblaze_0_axi_periph_M02_AXI] [get_bd_cells myip_0]
startgroup
create_bd_cell -type ip -vlnv xilinx.com:user:my_leds:1.0 my_leds_0
endgroup
apply_bd_automation -rule xilinx.com:bd_rule:axi4 -config { Clk_master {/clk_wiz_0/clk_out1 (100 MHz)} Clk_slave {Auto} Clk_xbar {/clk_wiz_0/clk_out1 (100 MHz)} Master {/microblaze_0 (Periph)} Slave {/my_leds_0/S00_AXI} ddr_seg {Auto} intc_ip {/microblaze_0_axi_periph} master_apm {0}}  [get_bd_intf_pins my_leds_0/S00_AXI]
Slave segment '/my_leds_0/S00_AXI/S00_AXI_reg' is being assigned into address space '/microblaze_0/Data' at <0x44A0_0000 [ 64K ]>.
connect_bd_net [get_bd_ports leds_0_0] [get_bd_pins my_leds_0/leds_0]
regenerate_bd_layout
save_bd_design
Wrote  : <C:\DESD\microblaze_project\microblaze_project.srcs\sources_1\bd\microblaze_bd\microblaze_bd.bd> 
Wrote  : <C:/DESD/microblaze_project/microblaze_project.srcs/sources_1/bd/microblaze_bd/ui/bd_883dbd03.ui> 
reset_run synth_1
launch_runs impl_1 -to_step write_bitstream -jobs 4
INFO: [xilinx.com:ip:clk_wiz:6.0-1] /clk_wiz_0 clk_wiz propagate
INFO: [xilinx.com:ip:axi_intc:4.1-1] /microblaze_0_axi_intc: The AXI INTC core has been configured to operate with synchronous clocks.
WARNING: [xilinx.com:ip:axi_intc:4.1-6] /microblaze_0_axi_intc: Property SENSITIVITY = "NULL" for interrupt input 1 not recognized - using default interrupt type Rising Edge. Please change this manually if necessary.
Wrote  : <C:\DESD\microblaze_project\microblaze_project.srcs\sources_1\bd\microblaze_bd\microblaze_bd.bd> 
Wrote  : <C:/DESD/microblaze_project/microblaze_project.srcs/sources_1/bd/microblaze_bd/ui/bd_883dbd03.ui> 
VHDL Output written to : c:/DESD/microblaze_project/microblaze_project.gen/sources_1/bd/microblaze_bd/synth/microblaze_bd.vhd
VHDL Output written to : c:/DESD/microblaze_project/microblaze_project.gen/sources_1/bd/microblaze_bd/sim/microblaze_bd.vhd
VHDL Output written to : c:/DESD/microblaze_project/microblaze_project.gen/sources_1/bd/microblaze_bd/hdl/microblaze_bd_wrapper.vhd
INFO: [BD 41-1029] Generation completed for the IP Integrator block my_leds_0 .
Exporting to file c:/DESD/microblaze_project/microblaze_project.gen/sources_1/bd/microblaze_bd/hw_handoff/microblaze_bd.hwh
Generated Block Design Tcl file c:/DESD/microblaze_project/microblaze_project.gen/sources_1/bd/microblaze_bd/hw_handoff/microblaze_bd_bd.tcl
Generated Hardware Definition File c:/DESD/microblaze_project/microblaze_project.gen/sources_1/bd/microblaze_bd/synth/microblaze_bd.hwdef
[Tue Sep 14 19:31:27 2021] Launched microblaze_bd_my_leds_0_0_synth_1, synth_1...
Run output will be captured here:
microblaze_bd_my_leds_0_0_synth_1: C:/DESD/microblaze_project/microblaze_project.runs/microblaze_bd_my_leds_0_0_synth_1/runme.log
synth_1: C:/DESD/microblaze_project/microblaze_project.runs/synth_1/runme.log
[Tue Sep 14 19:31:27 2021] Launched impl_1...
Run output will be captured here: C:/DESD/microblaze_project/microblaze_project.runs/impl_1/runme.log
launch_runs: Time (s): cpu = 00:00:16 ; elapsed = 00:00:22 . Memory (MB): peak = 1582.543 ; gain = 138.258
exit
INFO: [Common 17-206] Exiting Vivado at Tue Sep 14 19:37:59 2021...
