#-----------------------------------------------------------
# Vivado v2019.2 (64-bit)
# SW Build 2708876 on Wed Nov  6 21:40:23 MST 2019
# IP Build 2700528 on Thu Nov  7 00:09:20 MST 2019
# Start of session at: Mon Mar 16 19:14:57 2020
# Process ID: 6500
# Current directory: C:/DESD/Project/LAB0_PulseWidthModulator_project
# Command line: vivado.exe -gui_launcher_event rodinguilauncherevent11816 C:\DESD\Project\LAB0_PulseWidthModulator_project\LAB0_PulseWidthModulator_project.xpr
# Log file: C:/DESD/Project/LAB0_PulseWidthModulator_project/vivado.log
# Journal file: C:/DESD/Project/LAB0_PulseWidthModulator_project\vivado.jou
#-----------------------------------------------------------
start_gui
open_project C:/DESD/Project/LAB0_PulseWidthModulator_project/LAB0_PulseWidthModulator_project.xpr
Scanning sources...
Finished scanning sources
INFO: [IP_Flow 19-234] Refreshing IP repositories
INFO: [IP_Flow 19-1704] No user IP repositories specified
INFO: [IP_Flow 19-2313] Loaded Vivado IP repository 'C:/Xilinx/Vivado/2019.2/data/ip'.
open_project: Time (s): cpu = 00:00:30 ; elapsed = 00:00:18 . Memory (MB): peak = 919.766 ; gain = 19.457
update_compile_order -fileset sources_1
archive_project C:/DESD/Project/LAB0_PulseWidthModulator_project.xpr.zip -temp_dir C:/DESD/Project/LAB0_PulseWidthModulator_project/.Xil/Vivado-6500-NicolaPC -force -include_local_ip_cache -include_config_settings
INFO: [Coretcl 2-137] starting archive...
INFO: [Coretcl 2-1499] Saving project copy to temporary location 'C:/DESD/Project/LAB0_PulseWidthModulator_project/.Xil/Vivado-6500-NicolaPC' for archiving project
Scanning sources...
Finished scanning sources
INFO: [Coretcl 2-1211] Creating project copy for archival...
INFO: [ProjectBase 1-495] The host OS only allows 260 characters in a normal path. The project is stored in a path with more than 80 characters. If you experience any problem with archiving the project, please consider setting environment variable $TEMP to a shorter path.
Current project path is 'C:/DESD/Project/LAB0_PulseWidthModulator_project/.Xil/Vivado-6500-NicolaPC/PrjAr/_X_'.
INFO: [Coretcl 2-1213] Including run results for 'synth_1'
INFO: [Coretcl 2-1213] Including run results for 'impl_1'
