#-----------------------------------------------------------
# Vivado v2019.2 (64-bit)
# SW Build 2708876 on Wed Nov  6 21:40:23 MST 2019
# IP Build 2700528 on Thu Nov  7 00:09:20 MST 2019
# Start of session at: Sun Aug 23 18:15:39 2020
# Process ID: 11896
# Current directory: C:/DESD/Projects/LAB0_02_PulseWidthModulator_project.xpr/LAB0_PulseWidthModulator_project
# Command line: vivado.exe -gui_launcher_event rodinguilauncherevent9908 C:\DESD\Projects\LAB0_02_PulseWidthModulator_project.xpr\LAB0_PulseWidthModulator_project\LAB0_PulseWidthModulator_project.xpr
# Log file: C:/DESD/Projects/LAB0_02_PulseWidthModulator_project.xpr/LAB0_PulseWidthModulator_project/vivado.log
# Journal file: C:/DESD/Projects/LAB0_02_PulseWidthModulator_project.xpr/LAB0_PulseWidthModulator_project\vivado.jou
#-----------------------------------------------------------
start_gui
open_project C:/DESD/Projects/LAB0_02_PulseWidthModulator_project.xpr/LAB0_PulseWidthModulator_project/LAB0_PulseWidthModulator_project.xpr
INFO: [ProjectBase 1-489] The host OS only allows 260 characters in a normal path. The project is stored in a path with more than 80 characters. If you experience issues with IP, Block Designs, or files not being found, please consider moving the project to a location with a shorter path. Alternately consider using the OS subst command to map part of the path to a drive letter.
Current project path is 'C:/DESD/Projects/LAB0_02_PulseWidthModulator_project.xpr/LAB0_PulseWidthModulator_project'
INFO: [Project 1-313] Project file moved from 'C:/DESD/Project/LAB0_PulseWidthModulator_project/.Xil/Vivado-6500-NicolaPC/PrjAr/_X_' since last save.
Scanning sources...
Finished scanning sources
INFO: [IP_Flow 19-234] Refreshing IP repositories
INFO: [IP_Flow 19-1704] No user IP repositories specified
INFO: [IP_Flow 19-2313] Loaded Vivado IP repository 'C:/Xilinx/Vivado/2019.2/data/ip'.
open_project: Time (s): cpu = 00:00:26 ; elapsed = 00:00:12 . Memory (MB): peak = 819.598 ; gain = 161.906
update_compile_order -fileset sources_1
exit
INFO: [Common 17-206] Exiting Vivado at Sun Aug 23 18:31:38 2020...
