#-----------------------------------------------------------
# Vivado v2019.2 (64-bit)
# SW Build 2708876 on Wed Nov  6 21:40:23 MST 2019
# IP Build 2700528 on Thu Nov  7 00:09:20 MST 2019
# Start of session at: Thu Aug 27 11:30:36 2020
# Process ID: 1776
# Current directory: C:/DESD/Projects/LAB3_solution.xpr/LAB3
# Command line: vivado.exe -gui_launcher_event rodinguilauncherevent12500 C:\DESD\Projects\LAB3_solution.xpr\LAB3\LAB3.xpr
# Log file: C:/DESD/Projects/LAB3_solution.xpr/LAB3/vivado.log
# Journal file: C:/DESD/Projects/LAB3_solution.xpr/LAB3\vivado.jou
#-----------------------------------------------------------
start_gui
open_project C:/DESD/Projects/LAB3_solution.xpr/LAB3/LAB3.xpr
INFO: [Project 1-313] Project file moved from '/home/nicola/Documents/vivado/logs/.Xil/Vivado-7233-debianDesktop/PrjAr/_X_' since last save.
Scanning sources...
Finished scanning sources
INFO: [IP_Flow 19-234] Refreshing IP repositories
INFO: [IP_Flow 19-1700] Loaded user IP repository 'c:/DESD/Projects/LAB3_solution.xpr/LAB3/LAB3.ipdefs/IPs_0'.
INFO: [IP_Flow 19-2313] Loaded Vivado IP repository 'C:/Xilinx/Vivado/2019.2/data/ip'.
open_project: Time (s): cpu = 00:00:33 ; elapsed = 00:00:20 . Memory (MB): peak = 828.516 ; gain = 216.969
update_compile_order -fileset sources_1
exit
INFO: [Common 17-206] Exiting Vivado at Thu Aug 27 11:48:40 2020...
