
*** Running vivado
    with args -log top_bd_volume_controller_0_0.vds -m64 -product Vivado -mode batch -messageDb vivado.pb -notrace -source top_bd_volume_controller_0_0.tcl


****** Vivado v2019.2_AR72614 (64-bit)
  **** SW Build 2708876 on Wed Nov  6 21:39:14 MST 2019
  **** IP Build 2700528 on Thu Nov  7 00:09:20 MST 2019
    ** Copyright 1986-2019 Xilinx, Inc. All Rights Reserved.

source top_bd_volume_controller_0_0.tcl -notrace
INFO: [IP_Flow 19-234] Refreshing IP repositories
INFO: [IP_Flow 19-1700] Loaded user IP repository '/home/nicola/Documents/vivado/DESD/IPs'.
INFO: [IP_Flow 19-2313] Loaded Vivado IP repository '/opt/Xilinx/Vivado/2019.2/data/ip'.
Command: synth_design -top top_bd_volume_controller_0_0 -part xc7a35tcpg236-1 -mode out_of_context
Starting synth_design
WARNING: [IP_Flow 19-3571] IP 'top_bd_volume_controller_0_0' is restricted:
* Module reference is stale and needs refreshing.
Attempting to get a license for feature 'Synthesis' and/or device 'xc7a35t'
INFO: [Common 17-349] Got license for feature 'Synthesis' and/or device 'xc7a35t'
INFO: [Device 21-403] Loading part xc7a35tcpg236-1
INFO: Launching helper process for spawning children vivado processes
INFO: Helper process launched with PID 41353 
---------------------------------------------------------------------------------
Starting RTL Elaboration : Time (s): cpu = 00:00:04 ; elapsed = 00:00:05 . Memory (MB): peak = 1958.422 ; gain = 202.719 ; free physical = 1608 ; free virtual = 25693
---------------------------------------------------------------------------------
INFO: [Synth 8-638] synthesizing module 'top_bd_volume_controller_0_0' [/home/nicola/Documents/vivado/DESD/LAB3_solution/LAB3.srcs/sources_1/bd/top_bd/ip/top_bd_volume_controller_0_0/synth/top_bd_volume_controller_0_0.vhd:74]
	Parameter TDATA_WIDTH bound to: 16 - type: integer 
	Parameter VOLUME_MIN bound to: 0 - type: integer 
	Parameter VOLUME_0DB bound to: 7 - type: integer 
	Parameter VOLUME_MAX bound to: 15 - type: integer 
	Parameter HIGHER_BOUND bound to: 32767 - type: integer 
	Parameter LOWER_BOUND bound to: -32768 - type: integer 
INFO: [Synth 8-3491] module 'volume_controller' declared at '/home/nicola/Documents/vivado/DESD/LAB3_solution/LAB3.srcs/sources_1/new/volume_controller.vhd:5' bound to instance 'U0' of component 'volume_controller' [/home/nicola/Documents/vivado/DESD/LAB3_solution/LAB3.srcs/sources_1/bd/top_bd/ip/top_bd_volume_controller_0_0/synth/top_bd_volume_controller_0_0.vhd:127]
INFO: [Synth 8-638] synthesizing module 'volume_controller' [/home/nicola/Documents/vivado/DESD/LAB3_solution/LAB3.srcs/sources_1/new/volume_controller.vhd:35]
	Parameter TDATA_WIDTH bound to: 16 - type: integer 
	Parameter VOLUME_MIN bound to: 0 - type: integer 
	Parameter VOLUME_0DB bound to: 7 - type: integer 
	Parameter VOLUME_MAX bound to: 15 - type: integer 
	Parameter HIGHER_BOUND bound to: 32767 - type: integer 
	Parameter LOWER_BOUND bound to: -32768 - type: integer 
	Parameter VOLUME_MIN bound to: 0 - type: integer 
	Parameter VOLUME_0DB bound to: 7 - type: integer 
	Parameter VOLUME_MAX bound to: 15 - type: integer 
INFO: [Synth 8-3491] module 'volume_multiplier' declared at '/home/nicola/Documents/vivado/DESD/LAB3_solution/LAB3.srcs/sources_1/new/volume_multiplier.vhd:5' bound to instance 'multiplier' of component 'volume_multiplier' [/home/nicola/Documents/vivado/DESD/LAB3_solution/LAB3.srcs/sources_1/new/volume_controller.vhd:95]
INFO: [Synth 8-638] synthesizing module 'volume_multiplier' [/home/nicola/Documents/vivado/DESD/LAB3_solution/LAB3.srcs/sources_1/new/volume_multiplier.vhd:33]
	Parameter TDATA_WIDTH bound to: 16 - type: integer 
	Parameter VOLUME_MIN bound to: 0 - type: integer 
	Parameter VOLUME_0DB bound to: 7 - type: integer 
	Parameter VOLUME_MAX bound to: 15 - type: integer 
WARNING: [Synth 8-614] signal 'aresetn' is read in the process but is not in the sensitivity list [/home/nicola/Documents/vivado/DESD/LAB3_solution/LAB3.srcs/sources_1/new/volume_multiplier.vhd:59]
WARNING: [Synth 8-6014] Unused sequential element extended_volume_reg was removed.  [/home/nicola/Documents/vivado/DESD/LAB3_solution/LAB3.srcs/sources_1/new/volume_multiplier.vhd:110]
INFO: [Synth 8-256] done synthesizing module 'volume_multiplier' (1#1) [/home/nicola/Documents/vivado/DESD/LAB3_solution/LAB3.srcs/sources_1/new/volume_multiplier.vhd:33]
	Parameter VOLUME_MIN bound to: 0 - type: integer 
	Parameter VOLUME_0DB bound to: 7 - type: integer 
	Parameter VOLUME_MAX bound to: 15 - type: integer 
	Parameter HIGHER_BOUND bound to: 32767 - type: integer 
	Parameter LOWER_BOUND bound to: -32768 - type: integer 
INFO: [Synth 8-3491] module 'volume_saturator' declared at '/home/nicola/Documents/vivado/DESD/LAB3_solution/LAB3.srcs/sources_1/new/volume_saturator.vhd:5' bound to instance 'saturator' of component 'volume_saturator' [/home/nicola/Documents/vivado/DESD/LAB3_solution/LAB3.srcs/sources_1/new/volume_controller.vhd:121]
INFO: [Synth 8-638] synthesizing module 'volume_saturator' [/home/nicola/Documents/vivado/DESD/LAB3_solution/LAB3.srcs/sources_1/new/volume_saturator.vhd:30]
	Parameter TDATA_WIDTH bound to: 16 - type: integer 
	Parameter VOLUME_MIN bound to: 0 - type: integer 
	Parameter VOLUME_0DB bound to: 7 - type: integer 
	Parameter VOLUME_MAX bound to: 15 - type: integer 
	Parameter HIGHER_BOUND bound to: 32767 - type: integer 
	Parameter LOWER_BOUND bound to: -32768 - type: integer 
WARNING: [Synth 8-614] signal 'aresetn' is read in the process but is not in the sensitivity list [/home/nicola/Documents/vivado/DESD/LAB3_solution/LAB3.srcs/sources_1/new/volume_saturator.vhd:45]
INFO: [Synth 8-256] done synthesizing module 'volume_saturator' (2#1) [/home/nicola/Documents/vivado/DESD/LAB3_solution/LAB3.srcs/sources_1/new/volume_saturator.vhd:30]
INFO: [Synth 8-256] done synthesizing module 'volume_controller' (3#1) [/home/nicola/Documents/vivado/DESD/LAB3_solution/LAB3.srcs/sources_1/new/volume_controller.vhd:35]
INFO: [Synth 8-256] done synthesizing module 'top_bd_volume_controller_0_0' (4#1) [/home/nicola/Documents/vivado/DESD/LAB3_solution/LAB3.srcs/sources_1/bd/top_bd/ip/top_bd_volume_controller_0_0/synth/top_bd_volume_controller_0_0.vhd:74]
---------------------------------------------------------------------------------
Finished RTL Elaboration : Time (s): cpu = 00:00:05 ; elapsed = 00:00:06 . Memory (MB): peak = 2023.141 ; gain = 267.438 ; free physical = 1699 ; free virtual = 25786
---------------------------------------------------------------------------------

Report Check Netlist: 
+------+------------------+-------+---------+-------+------------------+
|      |Item              |Errors |Warnings |Status |Description       |
+------+------------------+-------+---------+-------+------------------+
|1     |multi_driven_nets |      0|        0|Passed |Multi driven nets |
+------+------------------+-------+---------+-------+------------------+
---------------------------------------------------------------------------------
Start Handling Custom Attributes
---------------------------------------------------------------------------------
---------------------------------------------------------------------------------
Finished Handling Custom Attributes : Time (s): cpu = 00:00:05 ; elapsed = 00:00:07 . Memory (MB): peak = 2026.109 ; gain = 270.406 ; free physical = 1677 ; free virtual = 25764
---------------------------------------------------------------------------------
---------------------------------------------------------------------------------
Finished RTL Optimization Phase 1 : Time (s): cpu = 00:00:05 ; elapsed = 00:00:07 . Memory (MB): peak = 2026.109 ; gain = 270.406 ; free physical = 1677 ; free virtual = 25764
---------------------------------------------------------------------------------
Netlist sorting complete. Time (s): cpu = 00:00:00 ; elapsed = 00:00:00 . Memory (MB): peak = 2026.109 ; gain = 0.000 ; free physical = 1673 ; free virtual = 25760
INFO: [Project 1-570] Preparing netlist for logic optimization

Processing XDC Constraints
Initializing timing engine
Completed Processing XDC Constraints

Netlist sorting complete. Time (s): cpu = 00:00:00 ; elapsed = 00:00:00 . Memory (MB): peak = 2181.891 ; gain = 0.000 ; free physical = 1515 ; free virtual = 25613
INFO: [Project 1-111] Unisim Transformation Summary:
No Unisim elements were transformed.

WARNING: [Constraints 18-5210] No constraints selected for write.
Resolution: This message can indicate that there are no constraints for the design, or it can indicate that the used_in flags are set such that the constraints are ignored. This later case is used when running synth_design to not write synthesis constraints to the resulting checkpoint. Instead, project constraints are read when the synthesized design is opened.
Constraint Validation Runtime : Time (s): cpu = 00:00:00.07 ; elapsed = 00:00:00.13 . Memory (MB): peak = 2181.891 ; gain = 0.000 ; free physical = 1514 ; free virtual = 25612
---------------------------------------------------------------------------------
Finished Constraint Validation : Time (s): cpu = 00:00:10 ; elapsed = 00:00:13 . Memory (MB): peak = 2181.891 ; gain = 426.188 ; free physical = 1650 ; free virtual = 25750
---------------------------------------------------------------------------------
---------------------------------------------------------------------------------
Start Loading Part and Timing Information
---------------------------------------------------------------------------------
Loading part: xc7a35tcpg236-1
---------------------------------------------------------------------------------
Finished Loading Part and Timing Information : Time (s): cpu = 00:00:10 ; elapsed = 00:00:13 . Memory (MB): peak = 2181.891 ; gain = 426.188 ; free physical = 1650 ; free virtual = 25750
---------------------------------------------------------------------------------
---------------------------------------------------------------------------------
Start Applying 'set_property' XDC Constraints
---------------------------------------------------------------------------------
---------------------------------------------------------------------------------
Finished applying 'set_property' XDC Constraints : Time (s): cpu = 00:00:10 ; elapsed = 00:00:13 . Memory (MB): peak = 2181.891 ; gain = 426.188 ; free physical = 1650 ; free virtual = 25749
---------------------------------------------------------------------------------
INFO: [Synth 8-5818] HDL ADVISOR - The operator resource <adder> is shared. To prevent sharing consider applying a KEEP on the output of the operator [/home/nicola/Documents/vivado/DESD/LAB3_solution/LAB3.srcs/sources_1/new/volume_multiplier.vhd:89]
---------------------------------------------------------------------------------
Finished RTL Optimization Phase 2 : Time (s): cpu = 00:00:11 ; elapsed = 00:00:13 . Memory (MB): peak = 2181.891 ; gain = 426.188 ; free physical = 1637 ; free virtual = 25738
---------------------------------------------------------------------------------

Report RTL Partitions: 
+-+--------------+------------+----------+
| |RTL Partition |Replication |Instances |
+-+--------------+------------+----------+
+-+--------------+------------+----------+
---------------------------------------------------------------------------------
Start RTL Component Statistics 
---------------------------------------------------------------------------------
Detailed RTL Component Info : 
+---Adders : 
	   2 Input      4 Bit       Adders := 2     
+---Registers : 
	               24 Bit    Registers := 1     
	               16 Bit    Registers := 2     
	                4 Bit    Registers := 2     
	                3 Bit    Registers := 1     
	                1 Bit    Registers := 5     
+---Muxes : 
	   2 Input     24 Bit        Muxes := 1     
	   2 Input     16 Bit        Muxes := 1     
	   2 Input      1 Bit        Muxes := 3     
---------------------------------------------------------------------------------
Finished RTL Component Statistics 
---------------------------------------------------------------------------------
---------------------------------------------------------------------------------
Start RTL Hierarchical Component Statistics 
---------------------------------------------------------------------------------
Hierarchical RTL Component report 
Module volume_multiplier 
Detailed RTL Component Info : 
+---Adders : 
	   2 Input      4 Bit       Adders := 2     
+---Registers : 
	               24 Bit    Registers := 1     
	               16 Bit    Registers := 1     
	                4 Bit    Registers := 2     
	                3 Bit    Registers := 1     
	                1 Bit    Registers := 3     
+---Muxes : 
	   2 Input     24 Bit        Muxes := 1     
	   2 Input     16 Bit        Muxes := 1     
	   2 Input      1 Bit        Muxes := 2     
Module volume_saturator 
Detailed RTL Component Info : 
+---Registers : 
	               16 Bit    Registers := 1     
	                1 Bit    Registers := 2     
+---Muxes : 
	   2 Input      1 Bit        Muxes := 1     
---------------------------------------------------------------------------------
Finished RTL Hierarchical Component Statistics
---------------------------------------------------------------------------------
---------------------------------------------------------------------------------
Start Part Resource Summary
---------------------------------------------------------------------------------
Part Resources:
DSPs: 90 (col length:60)
BRAMs: 100 (col length: RAMB18 60 RAMB36 30)
---------------------------------------------------------------------------------
Finished Part Resource Summary
---------------------------------------------------------------------------------
---------------------------------------------------------------------------------
Start Cross Boundary and Area Optimization
---------------------------------------------------------------------------------
Warning: Parallel synthesis criteria is not met 
INFO: [Synth 8-3886] merging instance 'U0/multiplier/volume_increase_level_reg[0]' (FDC) to 'U0/multiplier/volume_decrease_level_reg[0]'
---------------------------------------------------------------------------------
Finished Cross Boundary and Area Optimization : Time (s): cpu = 00:00:12 ; elapsed = 00:00:14 . Memory (MB): peak = 2181.891 ; gain = 426.188 ; free physical = 1607 ; free virtual = 25718
---------------------------------------------------------------------------------

Report RTL Partitions: 
+-+--------------+------------+----------+
| |RTL Partition |Replication |Instances |
+-+--------------+------------+----------+
+-+--------------+------------+----------+
---------------------------------------------------------------------------------
Start Applying XDC Timing Constraints
---------------------------------------------------------------------------------
---------------------------------------------------------------------------------
Finished Applying XDC Timing Constraints : Time (s): cpu = 00:00:18 ; elapsed = 00:00:22 . Memory (MB): peak = 2181.891 ; gain = 426.188 ; free physical = 1375 ; free virtual = 25487
---------------------------------------------------------------------------------
---------------------------------------------------------------------------------
Start Timing Optimization
---------------------------------------------------------------------------------
---------------------------------------------------------------------------------
Finished Timing Optimization : Time (s): cpu = 00:00:18 ; elapsed = 00:00:22 . Memory (MB): peak = 2181.891 ; gain = 426.188 ; free physical = 1375 ; free virtual = 25487
---------------------------------------------------------------------------------

Report RTL Partitions: 
+-+--------------+------------+----------+
| |RTL Partition |Replication |Instances |
+-+--------------+------------+----------+
+-+--------------+------------+----------+
---------------------------------------------------------------------------------
Start Technology Mapping
---------------------------------------------------------------------------------
---------------------------------------------------------------------------------
Finished Technology Mapping : Time (s): cpu = 00:00:18 ; elapsed = 00:00:22 . Memory (MB): peak = 2181.891 ; gain = 426.188 ; free physical = 1373 ; free virtual = 25484
---------------------------------------------------------------------------------

Report RTL Partitions: 
+-+--------------+------------+----------+
| |RTL Partition |Replication |Instances |
+-+--------------+------------+----------+
+-+--------------+------------+----------+
---------------------------------------------------------------------------------
Start IO Insertion
---------------------------------------------------------------------------------
---------------------------------------------------------------------------------
Start Flattening Before IO Insertion
---------------------------------------------------------------------------------
---------------------------------------------------------------------------------
Finished Flattening Before IO Insertion
---------------------------------------------------------------------------------
---------------------------------------------------------------------------------
Start Final Netlist Cleanup
---------------------------------------------------------------------------------
---------------------------------------------------------------------------------
Finished Final Netlist Cleanup
---------------------------------------------------------------------------------
---------------------------------------------------------------------------------
Finished IO Insertion : Time (s): cpu = 00:00:21 ; elapsed = 00:00:25 . Memory (MB): peak = 2181.891 ; gain = 426.188 ; free physical = 1541 ; free virtual = 25652
---------------------------------------------------------------------------------
---------------------------------------------------------------------------------
Start Renaming Generated Instances
---------------------------------------------------------------------------------
---------------------------------------------------------------------------------
Finished Renaming Generated Instances : Time (s): cpu = 00:00:21 ; elapsed = 00:00:25 . Memory (MB): peak = 2181.891 ; gain = 426.188 ; free physical = 1543 ; free virtual = 25654
---------------------------------------------------------------------------------

Report RTL Partitions: 
+-+--------------+------------+----------+
| |RTL Partition |Replication |Instances |
+-+--------------+------------+----------+
+-+--------------+------------+----------+

Report Check Netlist: 
+------+------------------+-------+---------+-------+------------------+
|      |Item              |Errors |Warnings |Status |Description       |
+------+------------------+-------+---------+-------+------------------+
|1     |multi_driven_nets |      0|        0|Passed |Multi driven nets |
+------+------------------+-------+---------+-------+------------------+
---------------------------------------------------------------------------------
Start Rebuilding User Hierarchy
---------------------------------------------------------------------------------
---------------------------------------------------------------------------------
Finished Rebuilding User Hierarchy : Time (s): cpu = 00:00:21 ; elapsed = 00:00:25 . Memory (MB): peak = 2181.891 ; gain = 426.188 ; free physical = 1563 ; free virtual = 25674
---------------------------------------------------------------------------------
---------------------------------------------------------------------------------
Start Renaming Generated Ports
---------------------------------------------------------------------------------
---------------------------------------------------------------------------------
Finished Renaming Generated Ports : Time (s): cpu = 00:00:21 ; elapsed = 00:00:25 . Memory (MB): peak = 2181.891 ; gain = 426.188 ; free physical = 1567 ; free virtual = 25678
---------------------------------------------------------------------------------
---------------------------------------------------------------------------------
Start Handling Custom Attributes
---------------------------------------------------------------------------------
---------------------------------------------------------------------------------
Finished Handling Custom Attributes : Time (s): cpu = 00:00:21 ; elapsed = 00:00:25 . Memory (MB): peak = 2181.891 ; gain = 426.188 ; free physical = 1568 ; free virtual = 25679
---------------------------------------------------------------------------------
---------------------------------------------------------------------------------
Start Renaming Generated Nets
---------------------------------------------------------------------------------
---------------------------------------------------------------------------------
Finished Renaming Generated Nets : Time (s): cpu = 00:00:21 ; elapsed = 00:00:25 . Memory (MB): peak = 2181.891 ; gain = 426.188 ; free physical = 1568 ; free virtual = 25679
---------------------------------------------------------------------------------
---------------------------------------------------------------------------------
Start Writing Synthesis Report
---------------------------------------------------------------------------------

Report BlackBoxes: 
+-+--------------+----------+
| |BlackBox name |Instances |
+-+--------------+----------+
+-+--------------+----------+

Report Cell Usage: 
+------+-------+------+
|      |Cell   |Count |
+------+-------+------+
|1     |CARRY4 |     4|
|2     |LUT1   |     5|
|3     |LUT2   |    19|
|4     |LUT3   |    31|
|5     |LUT4   |    23|
|6     |LUT5   |    28|
|7     |LUT6   |    45|
|8     |FDCE   |    18|
|9     |FDPE   |    11|
|10    |FDRE   |    27|
|11    |FDSE   |    15|
+------+-------+------+

Report Instance Areas: 
+------+---------------+------------------+------+
|      |Instance       |Module            |Cells |
+------+---------------+------------------+------+
|1     |top            |                  |   226|
|2     |  U0           |volume_controller |   226|
|3     |    multiplier |volume_multiplier |   184|
|4     |    saturator  |volume_saturator  |    42|
+------+---------------+------------------+------+
---------------------------------------------------------------------------------
Finished Writing Synthesis Report : Time (s): cpu = 00:00:21 ; elapsed = 00:00:25 . Memory (MB): peak = 2181.891 ; gain = 426.188 ; free physical = 1568 ; free virtual = 25679
---------------------------------------------------------------------------------
Synthesis finished with 0 errors, 0 critical warnings and 0 warnings.
Synthesis Optimization Runtime : Time (s): cpu = 00:00:20 ; elapsed = 00:00:24 . Memory (MB): peak = 2181.891 ; gain = 270.406 ; free physical = 1613 ; free virtual = 25724
Synthesis Optimization Complete : Time (s): cpu = 00:00:21 ; elapsed = 00:00:25 . Memory (MB): peak = 2181.891 ; gain = 426.188 ; free physical = 1613 ; free virtual = 25724
INFO: [Project 1-571] Translating synthesized netlist
Netlist sorting complete. Time (s): cpu = 00:00:00 ; elapsed = 00:00:00 . Memory (MB): peak = 2181.891 ; gain = 0.000 ; free physical = 1697 ; free virtual = 25808
INFO: [Netlist 29-17] Analyzing 4 Unisim elements for replacement
INFO: [Netlist 29-28] Unisim Transformation completed in 0 CPU seconds
INFO: [Project 1-570] Preparing netlist for logic optimization
INFO: [Opt 31-138] Pushed 0 inverter(s) to 0 load pin(s).
Netlist sorting complete. Time (s): cpu = 00:00:00 ; elapsed = 00:00:00 . Memory (MB): peak = 2181.891 ; gain = 0.000 ; free physical = 1650 ; free virtual = 25758
INFO: [Project 1-111] Unisim Transformation Summary:
No Unisim elements were transformed.

INFO: [Common 17-83] Releasing license: Synthesis
27 Infos, 5 Warnings, 0 Critical Warnings and 0 Errors encountered.
synth_design completed successfully
synth_design: Time (s): cpu = 00:00:28 ; elapsed = 00:00:41 . Memory (MB): peak = 2181.891 ; gain = 661.164 ; free physical = 1783 ; free virtual = 25890
Netlist sorting complete. Time (s): cpu = 00:00:00 ; elapsed = 00:00:00 . Memory (MB): peak = 2181.891 ; gain = 0.000 ; free physical = 1783 ; free virtual = 25890
WARNING: [Constraints 18-5210] No constraints selected for write.
Resolution: This message can indicate that there are no constraints for the design, or it can indicate that the used_in flags are set such that the constraints are ignored. This later case is used when running synth_design to not write synthesis constraints to the resulting checkpoint. Instead, project constraints are read when the synthesized design is opened.
INFO: [Common 17-1381] The checkpoint '/home/nicola/Documents/vivado/DESD/LAB3_solution/LAB3.runs/top_bd_volume_controller_0_0_synth_1/top_bd_volume_controller_0_0.dcp' has been generated.
WARNING: [Common 17-576] 'use_project_ipc' is deprecated. This option is deprecated and no longer used.
INFO: [Coretcl 2-1174] Renamed 3 cell refs.
Netlist sorting complete. Time (s): cpu = 00:00:00 ; elapsed = 00:00:00 . Memory (MB): peak = 2205.902 ; gain = 0.000 ; free physical = 1776 ; free virtual = 25883
WARNING: [Constraints 18-5210] No constraints selected for write.
Resolution: This message can indicate that there are no constraints for the design, or it can indicate that the used_in flags are set such that the constraints are ignored. This later case is used when running synth_design to not write synthesis constraints to the resulting checkpoint. Instead, project constraints are read when the synthesized design is opened.
INFO: [Common 17-1381] The checkpoint '/home/nicola/Documents/vivado/DESD/LAB3_solution/LAB3.runs/top_bd_volume_controller_0_0_synth_1/top_bd_volume_controller_0_0.dcp' has been generated.
INFO: [runtcl-4] Executing : report_utilization -file top_bd_volume_controller_0_0_utilization_synth.rpt -pb top_bd_volume_controller_0_0_utilization_synth.pb
INFO: [Common 17-206] Exiting Vivado at Wed May 20 15:38:34 2020...
