Copyright 1986-2019 Xilinx, Inc. All Rights Reserved.
---------------------------------------------------------------------------------------------
| Tool Version : Vivado v.2019.2 (win64) Build 2708876 Wed Nov  6 21:40:23 MST 2019
| Date         : Sat Aug 29 20:04:25 2020
| Host         : DESKTOP-0BA32RO running 64-bit major release  (build 9200)
| Command      : report_control_sets -verbose -file design_1_wrapper_control_sets_placed.rpt
| Design       : design_1_wrapper
| Device       : xc7a35t
---------------------------------------------------------------------------------------------

Control Set Information

Table of Contents
-----------------
1. Summary
2. Histogram
3. Flip-Flop Distribution
4. Detailed Control Set Information

1. Summary
----------

+----------------------------------------------------------+-------+
|                          Status                          | Count |
+----------------------------------------------------------+-------+
| Total control sets                                       |    30 |
|    Minimum number of control sets                        |    30 |
|    Addition due to synthesis replication                 |     0 |
|    Addition due to physical synthesis replication        |     0 |
| Unused register locations in slices containing registers |   105 |
+----------------------------------------------------------+-------+
* Control sets can be merged at opt_design using control_set_merge or merge_equivalent_drivers
** Run report_qor_suggestions for automated merging and remapping suggestions


2. Histogram
------------

+--------------------+-------+
|       Fanout       | Count |
+--------------------+-------+
| Total control sets |    30 |
| >= 0 to < 4        |     6 |
| >= 4 to < 6        |     3 |
| >= 6 to < 8        |     0 |
| >= 8 to < 10       |     2 |
| >= 10 to < 12      |     2 |
| >= 12 to < 14      |     2 |
| >= 14 to < 16      |     2 |
| >= 16              |    13 |
+--------------------+-------+
* Control sets can be remapped at either synth_design or opt_design


3. Flip-Flop Distribution
-------------------------

+--------------+-----------------------+------------------------+-----------------+--------------+
| Clock Enable | Synchronous Set/Reset | Asynchronous Set/Reset | Total Registers | Total Slices |
+--------------+-----------------------+------------------------+-----------------+--------------+
| No           | No                    | No                     |             117 |           25 |
| No           | No                    | Yes                    |              44 |           16 |
| No           | Yes                   | No                     |              84 |           32 |
| Yes          | No                    | No                     |              39 |           12 |
| Yes          | No                    | Yes                    |             123 |           35 |
| Yes          | Yes                   | No                     |             144 |           38 |
+--------------+-----------------------+------------------------+-----------------+--------------+


4. Detailed Control Set Information
-----------------------------------

+----------------------------------------------------------+----------------------------------------------------------------------------------------------------------+------------------------------------------------------------------------------------------------------------------------------------------------------+------------------+----------------+
|                       Clock Signal                       |                                               Enable Signal                                              |                                                                   Set/Reset Signal                                                                   | Slice Load Count | Bel Load Count |
+----------------------------------------------------------+----------------------------------------------------------------------------------------------------------+------------------------------------------------------------------------------------------------------------------------------------------------------+------------------+----------------+
|  design_1_i/clk_wiz_0/inst/clk_out1                      |                                                                                                          | design_1_i/debouncer_0/U0/debounced_int_reg_LDC_i_2_n_0                                                                                              |                1 |              1 |
|  design_1_i/clk_wiz_0/inst/clk_out1                      |                                                                                                          | design_1_i/debouncer_0/U0/debounced_int_reg_LDC_i_1_n_0                                                                                              |                1 |              1 |
|  design_1_i/debouncer_0/U0/debounced_int_reg_LDC_i_1_n_0 |                                                                                                          | design_1_i/debouncer_0/U0/debounced_int_reg_LDC_i_2_n_0                                                                                              |                1 |              1 |
|  design_1_i/clk_wiz_0/inst/clk_out1                      | design_1_i/timer_controller_0/U0/FSM_sequential_state[1]_i_1_n_0                                         | reset_IBUF                                                                                                                                           |                1 |              2 |
|  design_1_i/clk_wiz_0/inst/clk_out1                      | design_1_i/led_controller_0/U0/loops0                                                                    |                                                                                                                                                      |                1 |              3 |
|  design_1_i/clk_wiz_0/inst/clk_out1                      | design_1_i/decoder_0/U0/FSM_sequential_state[2]_i_1_n_0                                                  | reset_IBUF                                                                                                                                           |                2 |              3 |
|  design_1_i/clk_wiz_0/inst/clk_out1                      |                                                                                                          | design_1_i/AXI4Stream_UART_0/U0/FIFO_DATA_RX/gnuram_async_fifo.xpm_fifo_base_inst/xpm_fifo_rst_inst/FSM_onehot_gen_rst_ic.curr_wrst_state[4]_i_1_n_0 |                2 |              4 |
|  design_1_i/clk_wiz_0/inst/clk_out1                      |                                                                                                          | design_1_i/AXI4Stream_UART_0/U0/FIFO_DATA_TX/gnuram_async_fifo.xpm_fifo_base_inst/xpm_fifo_rst_inst/FSM_onehot_gen_rst_ic.curr_wrst_state[4]_i_1_n_0 |                2 |              4 |
|  design_1_i/clk_wiz_0/inst/clk_out1                      | design_1_i/AXI4Stream_UART_0/U0/UART_Manager_inst/Inst_uart/rx_baud_tick__0                              |                                                                                                                                                      |                1 |              4 |
|  design_1_i/clk_wiz_0/inst/clk_out1                      | design_1_i/AXI4Stream_UART_0/U0/UART_Manager_inst/Inst_uart/E[0]                                         | reset_IBUF                                                                                                                                           |                3 |              8 |
|  design_1_i/clk_wiz_0/inst/clk_out1                      | design_1_i/AXI4Stream_UART_0/U0/UART_Manager_inst/data_stream_in[7]_i_1_n_0                              | reset_IBUF                                                                                                                                           |                2 |              8 |
|  design_1_i/clk_wiz_0/inst/clk_out1                      | design_1_i/AXI4Stream_UART_0/U0/UART_Manager_inst/Inst_uart/uart_tx_count[2]_i_1_n_0                     | reset_IBUF                                                                                                                                           |                3 |             10 |
|  design_1_i/clk_wiz_0/inst/clk_out1                      | design_1_i/AXI4Stream_UART_0/U0/UART_Manager_inst/Inst_uart/uart_rx_data_vec                             | reset_IBUF                                                                                                                                           |                2 |             11 |
|  design_1_i/clk_wiz_0/inst/clk_out1                      |                                                                                                          | design_1_i/AXI4Stream_UART_0/U0/FIFO_DATA_RX/gnuram_async_fifo.xpm_fifo_base_inst/xpm_fifo_rst_inst/wrst_busy                                        |                5 |             12 |
|  design_1_i/clk_wiz_0/inst/clk_out1                      | design_1_i/display_7segment_0/U0/digit_select_anode_int                                                  | reset_IBUF                                                                                                                                           |                3 |             13 |
|  design_1_i/clk_wiz_0/inst/clk_out1                      |                                                                                                          | design_1_i/AXI4Stream_UART_0/U0/FIFO_DATA_RX/gnuram_async_fifo.xpm_fifo_base_inst/xpm_fifo_rst_inst/gen_rst_ic.fifo_rd_rst_ic_reg_0                  |                6 |             15 |
|  design_1_i/clk_wiz_0/inst/clk_out1                      |                                                                                                          | design_1_i/AXI4Stream_UART_0/U0/FIFO_DATA_TX/gnuram_async_fifo.xpm_fifo_base_inst/xpm_fifo_rst_inst/gen_rst_ic.fifo_rd_rst_ic_reg_0                  |                7 |             15 |
|  design_1_i/clk_wiz_0/inst/clk_out1                      | design_1_i/led_controller_0/U0/leds_int[15]_i_1_n_0                                                      | reset_IBUF                                                                                                                                           |                5 |             16 |
|  design_1_i/clk_wiz_0/inst/clk_out1                      | design_1_i/timer_controller_0/U0/start_value0                                                            |                                                                                                                                                      |                4 |             16 |
|  design_1_i/clk_wiz_0/inst/clk_out1                      | design_1_i/decoder_0/U0/send_vector0                                                                     |                                                                                                                                                      |                6 |             16 |
|  design_1_i/clk_wiz_0/inst/clk_out1                      | design_1_i/decoder_0/U0/count_word0                                                                      | design_1_i/decoder_0/U0/checksum[15]_i_1_n_0                                                                                                         |                5 |             17 |
|  design_1_i/clk_wiz_0/inst/clk_out1                      | design_1_i/debouncer_0/U0/counter_0                                                                      | reset_IBUF                                                                                                                                           |                6 |             20 |
|  design_1_i/clk_wiz_0/inst/clk_out1                      | design_1_i/led_controller_0/U0/state                                                                     | reset_IBUF                                                                                                                                           |                5 |             21 |
|  design_1_i/clk_wiz_0/inst/clk_out1                      | design_1_i/AXI4Stream_UART_0/U0/FIFO_DATA_TX/gnuram_async_fifo.xpm_fifo_base_inst/rdp_inst/E[0]          | design_1_i/AXI4Stream_UART_0/U0/FIFO_DATA_TX/gnuram_async_fifo.xpm_fifo_base_inst/xpm_fifo_rst_inst/gen_rst_ic.fifo_rd_rst_ic_reg_0                  |                6 |             23 |
|  design_1_i/clk_wiz_0/inst/clk_out1                      | design_1_i/AXI4Stream_UART_0/U0/FIFO_DATA_RX/gnuram_async_fifo.xpm_fifo_base_inst/rdp_inst/E[0]          | design_1_i/AXI4Stream_UART_0/U0/FIFO_DATA_RX/gnuram_async_fifo.xpm_fifo_base_inst/xpm_fifo_rst_inst/gen_rst_ic.fifo_rd_rst_ic_reg_0                  |                6 |             23 |
|  design_1_i/clk_wiz_0/inst/clk_out1                      | design_1_i/timer_controller_0/U0/counter0                                                                | design_1_i/timer_controller_0/U0/counter[26]_i_1_n_0                                                                                                 |                7 |             26 |
|  design_1_i/clk_wiz_0/inst/clk_out1                      | design_1_i/led_controller_0/U0/count_iter[0]_i_1_n_0                                                     | reset_IBUF                                                                                                                                           |                8 |             32 |
|  design_1_i/clk_wiz_0/inst/clk_out1                      | design_1_i/AXI4Stream_UART_0/U0/FIFO_DATA_RX/gnuram_async_fifo.xpm_fifo_base_inst/xpm_fifo_rst_inst/E[0] | design_1_i/AXI4Stream_UART_0/U0/FIFO_DATA_RX/gnuram_async_fifo.xpm_fifo_base_inst/xpm_fifo_rst_inst/wrst_busy                                        |                9 |             34 |
|  design_1_i/clk_wiz_0/inst/clk_out1                      |                                                                                                          | reset_IBUF                                                                                                                                           |               23 |             75 |
|  design_1_i/clk_wiz_0/inst/clk_out1                      |                                                                                                          |                                                                                                                                                      |               25 |            117 |
+----------------------------------------------------------+----------------------------------------------------------------------------------------------------------+------------------------------------------------------------------------------------------------------------------------------------------------------+------------------+----------------+


