#-----------------------------------------------------------
# Vivado v2019.2 (64-bit)
# SW Build 2708876 on Wed Nov  6 21:40:23 MST 2019
# IP Build 2700528 on Thu Nov  7 00:09:20 MST 2019
# Start of session at: Tue Aug 25 11:27:25 2020
# Process ID: 11204
# Current directory: C:/DESD/Projects/LAB2__HomeAssigmement__Solution/color_to_grayscale.xpr/color_to_grayscale
# Command line: vivado.exe -gui_launcher_event rodinguilauncherevent10208 C:\DESD\Projects\LAB2__HomeAssigmement__Solution\color_to_grayscale.xpr\color_to_grayscale\color_to_grayscale.xpr
# Log file: C:/DESD/Projects/LAB2__HomeAssigmement__Solution/color_to_grayscale.xpr/color_to_grayscale/vivado.log
# Journal file: C:/DESD/Projects/LAB2__HomeAssigmement__Solution/color_to_grayscale.xpr/color_to_grayscale\vivado.jou
#-----------------------------------------------------------
start_gui
open_project C:/DESD/Projects/LAB2__HomeAssigmement__Solution/color_to_grayscale.xpr/color_to_grayscale/color_to_grayscale.xpr
INFO: [ProjectBase 1-489] The host OS only allows 260 characters in a normal path. The project is stored in a path with more than 80 characters. If you experience issues with IP, Block Designs, or files not being found, please consider moving the project to a location with a shorter path. Alternately consider using the OS subst command to map part of the path to a drive letter.
Current project path is 'C:/DESD/Projects/LAB2__HomeAssigmement__Solution/color_to_grayscale.xpr/color_to_grayscale'
INFO: [Project 1-313] Project file moved from '/home/pc-fisso/Documents/Didattica/LAB2/color_to_grayscale.xpr/color_to_grayscale' since last save.
Scanning sources...
Finished scanning sources
INFO: [IP_Flow 19-234] Refreshing IP repositories
INFO: [IP_Flow 19-1700] Loaded user IP repository 'c:/DESD/Projects/LAB2__HomeAssigmement__Solution/color_to_grayscale.xpr/color_to_grayscale/color_to_grayscale.ipdefs/IPs_0'.
INFO: [IP_Flow 19-2313] Loaded Vivado IP repository 'C:/Xilinx/Vivado/2019.2/data/ip'.
open_project: Time (s): cpu = 00:00:25 ; elapsed = 00:00:13 . Memory (MB): peak = 823.098 ; gain = 191.340
update_compile_order -fileset sources_1
exit
INFO: [Common 17-206] Exiting Vivado at Tue Aug 25 11:51:54 2020...
