#-----------------------------------------------------------
# Vivado v2020.2 (64-bit)
# SW Build 3064766 on Wed Nov 18 09:12:45 MST 2020
# IP Build 3064653 on Wed Nov 18 14:17:31 MST 2020
# Start of session at: Mon Sep 13 18:40:14 2021
# Process ID: 9872
# Current directory: C:/DESD/Projects/LAB2__HomeAssigmement__Solution/color_to_grayscale.xpr/color_to_grayscale
# Command line: vivado.exe -gui_launcher_event rodinguilauncherevent16996 C:\DESD\Projects\LAB2__HomeAssigmement__Solution\color_to_grayscale.xpr\color_to_grayscale\color_to_grayscale.xpr
# Log file: C:/DESD/Projects/LAB2__HomeAssigmement__Solution/color_to_grayscale.xpr/color_to_grayscale/vivado.log
# Journal file: C:/DESD/Projects/LAB2__HomeAssigmement__Solution/color_to_grayscale.xpr/color_to_grayscale\vivado.jou
#-----------------------------------------------------------
start_gui
open_project C:/DESD/Projects/LAB2__HomeAssigmement__Solution/color_to_grayscale.xpr/color_to_grayscale/color_to_grayscale.xpr
INFO: [ProjectBase 1-489] The host OS only allows 260 characters in a normal path. The project is stored in a path with more than 80 characters. If you experience issues with IP, Block Designs, or files not being found, please consider moving the project to a location with a shorter path. Alternately consider using the OS subst command to map part of the path to a drive letter.
Current project path is 'C:/DESD/Projects/LAB2__HomeAssigmement__Solution/color_to_grayscale.xpr/color_to_grayscale'
Scanning sources...
Finished scanning sources
INFO: [IP_Flow 19-234] Refreshing IP repositories
INFO: [IP_Flow 19-1700] Loaded user IP repository 'c:/DESD/Projects/LAB2__HomeAssigmement__Solution/color_to_grayscale.xpr/color_to_grayscale/color_to_grayscale.ipdefs/IPs_0'.
INFO: [IP_Flow 19-2313] Loaded Vivado IP repository 'C:/Xilinx2/Vivado/2020.2/data/ip'.
open_project: Time (s): cpu = 00:00:19 ; elapsed = 00:00:09 . Memory (MB): peak = 1126.531 ; gain = 0.000
update_compile_order -fileset sources_1
open_bd_design {C:/DESD/Projects/LAB2__HomeAssigmement__Solution/color_to_grayscale.xpr/color_to_grayscale/color_to_grayscale.srcs/sources_1/bd/top_bd/top_bd.bd}
Reading block design file <C:/DESD/Projects/LAB2__HomeAssigmement__Solution/color_to_grayscale.xpr/color_to_grayscale/color_to_grayscale.srcs/sources_1/bd/top_bd/top_bd.bd>...
Adding component instance block -- TimeEngineers:ip:AXI4Stream_UART:1.0 - AXI4Stream_UART_0
Adding component instance block -- xilinx.com:module_ref:axi4stream_divisor:1.0 - axi4stream_divisor_0
Adding component instance block -- xilinx.com:ip:clk_wiz:6.0 - clk_wiz_0
Adding component instance block -- xilinx.com:ip:util_vector_logic:2.0 - util_vector_logic_0
Successfully read diagram <top_bd> from block design file <C:/DESD/Projects/LAB2__HomeAssigmement__Solution/color_to_grayscale.xpr/color_to_grayscale/color_to_grayscale.srcs/sources_1/bd/top_bd/top_bd.bd>
open_bd_design: Time (s): cpu = 00:00:15 ; elapsed = 00:00:09 . Memory (MB): peak = 1199.961 ; gain = 73.430
exit
INFO: [Common 17-206] Exiting Vivado at Mon Sep 13 18:49:15 2021...
