Copyright 1986-2020 Xilinx, Inc. All Rights Reserved.
-----------------------------------------------------------------------------------------------------------------------------------------------------------------------
| Tool Version : Vivado v.2020.2 (win64) Build 3064766 Wed Nov 18 09:12:45 MST 2020
| Date         : Fri Sep 17 10:00:56 2021
| Host         : DESKTOP-0BA32RO running 64-bit major release  (build 9200)
| Command      : report_methodology -file joyToSerial_methodology_drc_routed.rpt -pb joyToSerial_methodology_drc_routed.pb -rpx joyToSerial_methodology_drc_routed.rpx
| Design       : joyToSerial
| Device       : xc7a35tcpg236-1
| Speed File   : -1
| Design State : Fully Routed
-----------------------------------------------------------------------------------------------------------------------------------------------------------------------

Report Methodology

Table of Contents
-----------------
1. REPORT SUMMARY
2. REPORT DETAILS

1. REPORT SUMMARY
-----------------
            Netlist: netlist
          Floorplan: design_1
      Design limits: <entire design considered>
             Max violations: <unlimited>
             Violations found: 6
+-----------+------------------+----------------------------------------------------+------------+
| Rule      | Severity         | Description                                        | Violations |
+-----------+------------------+----------------------------------------------------+------------+
| TIMING-4  | Critical Warning | Invalid primary clock redefinition on a clock tree | 1          |
| TIMING-27 | Critical Warning | Invalid primary clock on hierarchical pin          | 1          |
| TIMING-10 | Warning          | Missing property on synchronizer                   | 1          |
| TIMING-18 | Warning          | Missing input or output delay                      | 3          |
+-----------+------------------+----------------------------------------------------+------------+

2. REPORT DETAILS
-----------------
TIMING-4#1 Critical Warning
Invalid primary clock redefinition on a clock tree  
Invalid clock redefinition on a clock tree. The primary clock PmodJSTK2_0_inst/U0/clk_wiz_0/inst/clk_in1 is defined downstream of clock sys_clk_pin and overrides its insertion delay and/or waveform definition
Related violations: <none>

TIMING-27#1 Critical Warning
Invalid primary clock on hierarchical pin  
A primary clock PmodJSTK2_0_inst/U0/clk_wiz_0/inst/clk_in1 is created on an inappropriate internal pin PmodJSTK2_0_inst/U0/clk_wiz_0/inst/clk_in1. It is not recommended to create a primary clock on a hierarchical pin when its driver pin has a fanout connected to multiple clock pins
Related violations: <none>

TIMING-10#1 Warning
Missing property on synchronizer  
One or more logic synchronizer has been detected between 2 clock domains but the synchronizer does not have the property ASYNC_REG defined on one or both registers. It is recommended to run report_cdc for a complete and detailed CDC coverage
Related violations: <none>

TIMING-18#1 Warning
Missing input or output delay  
An input delay is missing on RS232_RX relative to clock(s) sys_clk_pin
Related violations: <none>

TIMING-18#2 Warning
Missing input or output delay  
An input delay is missing on reset relative to clock(s) sys_clk_pin
Related violations: <none>

TIMING-18#3 Warning
Missing input or output delay  
An output delay is missing on RS232_TX relative to clock(s) sys_clk_pin
Related violations: <none>


