#-----------------------------------------------------------
# Vivado v2019.2 (64-bit)
# SW Build 2708876 on Wed Nov  6 21:40:23 MST 2019
# IP Build 2700528 on Thu Nov  7 00:09:20 MST 2019
# Start of session at: Tue Aug 25 10:31:49 2020
# Process ID: 11804
# Current directory: C:/DESD/Projects/LAB2_serial_manager.xpr/LAB2_serial_manager
# Command line: vivado.exe -gui_launcher_event rodinguilauncherevent5024 C:\DESD\Projects\LAB2_serial_manager.xpr\LAB2_serial_manager\LAB2_serial_manager.xpr
# Log file: C:/DESD/Projects/LAB2_serial_manager.xpr/LAB2_serial_manager/vivado.log
# Journal file: C:/DESD/Projects/LAB2_serial_manager.xpr/LAB2_serial_manager\vivado.jou
#-----------------------------------------------------------
start_gui
open_project C:/DESD/Projects/LAB2_serial_manager.xpr/LAB2_serial_manager/LAB2_serial_manager.xpr
Scanning sources...
Finished scanning sources
INFO: [IP_Flow 19-234] Refreshing IP repositories
INFO: [IP_Flow 19-1700] Loaded user IP repository 'c:/DESD/Projects/LAB2_serial_manager.xpr/LAB2_serial_manager/LAB2_serial_manager.ipdefs/IPs_0'.
INFO: [IP_Flow 19-2313] Loaded Vivado IP repository 'C:/Xilinx/Vivado/2019.2/data/ip'.
open_project: Time (s): cpu = 00:00:29 ; elapsed = 00:00:19 . Memory (MB): peak = 799.285 ; gain = 159.520
update_compile_order -fileset sources_1
exit
INFO: [Common 17-206] Exiting Vivado at Tue Aug 25 10:44:36 2020...
