
*** Running vivado
    with args -log design_1_wrapper.vds -m64 -product Vivado -mode batch -messageDb vivado.pb -notrace -source design_1_wrapper.tcl


****** Vivado v2019.2 (64-bit)
  **** SW Build 2708876 on Wed Nov  6 21:40:23 MST 2019
  **** IP Build 2700528 on Thu Nov  7 00:09:20 MST 2019
    ** Copyright 1986-2019 Xilinx, Inc. All Rights Reserved.

source design_1_wrapper.tcl -notrace
INFO: [IP_Flow 19-234] Refreshing IP repositories
INFO: [IP_Flow 19-1700] Loaded user IP repository 'c:/DESD/Repository'.
INFO: [IP_Flow 19-2313] Loaded Vivado IP repository 'C:/Xilinx/Vivado/2019.2/data/ip'.
WARNING: [IP_Flow 19-4995] The host OS only allows 260 characters in a normal path. The IP cache path is more than 80 characters. If you experience issues with IP caching, please consider changing the IP cache to a location with a shorter path. Alternately consider using the OS subst command to map part of the path to a drive letter. 
Current IP cache path is c:/DESD/Projects/ExamSimulation_Template_proj.xpr/ExamSimulation_Template/ExamSimulation_Template.cache/ip 
Command: synth_design -top design_1_wrapper -part xc7a35tcpg236-1
Starting synth_design
Attempting to get a license for feature 'Synthesis' and/or device 'xc7a35t'
INFO: [Common 17-349] Got license for feature 'Synthesis' and/or device 'xc7a35t'
INFO: [Device 21-403] Loading part xc7a35tcpg236-1
INFO: Launching helper process for spawning children vivado processes
INFO: Helper process launched with PID 11956 
---------------------------------------------------------------------------------
Starting RTL Elaboration : Time (s): cpu = 00:00:04 ; elapsed = 00:00:04 . Memory (MB): peak = 869.375 ; gain = 233.758
---------------------------------------------------------------------------------
INFO: [Synth 8-638] synthesizing module 'design_1_wrapper' [C:/DESD/Projects/ExamSimulation_Template_proj.xpr/ExamSimulation_Template/ExamSimulation_Template.srcs/sources_1/bd/design_1/hdl/design_1_wrapper.vhd:27]
INFO: [Synth 8-3491] module 'design_1' declared at 'C:/DESD/Projects/ExamSimulation_Template_proj.xpr/ExamSimulation_Template/ExamSimulation_Template.srcs/sources_1/bd/design_1/synth/design_1.vhd:14' bound to instance 'design_1_i' of component 'design_1' [C:/DESD/Projects/ExamSimulation_Template_proj.xpr/ExamSimulation_Template/ExamSimulation_Template.srcs/sources_1/bd/design_1/hdl/design_1_wrapper.vhd:41]
INFO: [Synth 8-638] synthesizing module 'design_1' [C:/DESD/Projects/ExamSimulation_Template_proj.xpr/ExamSimulation_Template/ExamSimulation_Template.srcs/sources_1/bd/design_1/synth/design_1.vhd:31]
INFO: [Synth 8-3491] module 'design_1_AXI4Stream_7Segment_0_0' declared at 'C:/DESD/Projects/ExamSimulation_Template_proj.xpr/ExamSimulation_Template/ExamSimulation_Template.runs/synth_1/.Xil/Vivado-724-DESKTOP-0BA32RO/realtime/design_1_AXI4Stream_7Segment_0_0_stub.vhdl:5' bound to instance 'AXI4Stream_7Segment_0' of component 'design_1_AXI4Stream_7Segment_0_0' [C:/DESD/Projects/ExamSimulation_Template_proj.xpr/ExamSimulation_Template/ExamSimulation_Template.srcs/sources_1/bd/design_1/synth/design_1.vhd:154]
INFO: [Synth 8-638] synthesizing module 'design_1_AXI4Stream_7Segment_0_0' [C:/DESD/Projects/ExamSimulation_Template_proj.xpr/ExamSimulation_Template/ExamSimulation_Template.runs/synth_1/.Xil/Vivado-724-DESKTOP-0BA32RO/realtime/design_1_AXI4Stream_7Segment_0_0_stub.vhdl:18]
INFO: [Synth 8-3491] module 'design_1_AXI4Stream_Depacketi_0_0' declared at 'C:/DESD/Projects/ExamSimulation_Template_proj.xpr/ExamSimulation_Template/ExamSimulation_Template.runs/synth_1/.Xil/Vivado-724-DESKTOP-0BA32RO/realtime/design_1_AXI4Stream_Depacketi_0_0_stub.vhdl:5' bound to instance 'AXI4Stream_Depacketi_0' of component 'design_1_AXI4Stream_Depacketi_0_0' [C:/DESD/Projects/ExamSimulation_Template_proj.xpr/ExamSimulation_Template/ExamSimulation_Template.srcs/sources_1/bd/design_1/synth/design_1.vhd:164]
INFO: [Synth 8-638] synthesizing module 'design_1_AXI4Stream_Depacketi_0_0' [C:/DESD/Projects/ExamSimulation_Template_proj.xpr/ExamSimulation_Template/ExamSimulation_Template.runs/synth_1/.Xil/Vivado-724-DESKTOP-0BA32RO/realtime/design_1_AXI4Stream_Depacketi_0_0_stub.vhdl:19]
INFO: [Synth 8-3491] module 'design_1_AXI4Stream_GPI_0_0' declared at 'C:/DESD/Projects/ExamSimulation_Template_proj.xpr/ExamSimulation_Template/ExamSimulation_Template.runs/synth_1/.Xil/Vivado-724-DESKTOP-0BA32RO/realtime/design_1_AXI4Stream_GPI_0_0_stub.vhdl:5' bound to instance 'AXI4Stream_GPI_0' of component 'design_1_AXI4Stream_GPI_0_0' [C:/DESD/Projects/ExamSimulation_Template_proj.xpr/ExamSimulation_Template/ExamSimulation_Template.srcs/sources_1/bd/design_1/synth/design_1.vhd:175]
INFO: [Synth 8-638] synthesizing module 'design_1_AXI4Stream_GPI_0_0' [C:/DESD/Projects/ExamSimulation_Template_proj.xpr/ExamSimulation_Template/ExamSimulation_Template.runs/synth_1/.Xil/Vivado-724-DESKTOP-0BA32RO/realtime/design_1_AXI4Stream_GPI_0_0_stub.vhdl:18]
INFO: [Synth 8-3491] module 'design_1_AXI4Stream_UART_0_0' declared at 'C:/DESD/Projects/ExamSimulation_Template_proj.xpr/ExamSimulation_Template/ExamSimulation_Template.runs/synth_1/.Xil/Vivado-724-DESKTOP-0BA32RO/realtime/design_1_AXI4Stream_UART_0_0_stub.vhdl:5' bound to instance 'AXI4Stream_UART_0' of component 'design_1_AXI4Stream_UART_0_0' [C:/DESD/Projects/ExamSimulation_Template_proj.xpr/ExamSimulation_Template/ExamSimulation_Template.srcs/sources_1/bd/design_1/synth/design_1.vhd:185]
INFO: [Synth 8-638] synthesizing module 'design_1_AXI4Stream_UART_0_0' [C:/DESD/Projects/ExamSimulation_Template_proj.xpr/ExamSimulation_Template/ExamSimulation_Template.runs/synth_1/.Xil/Vivado-724-DESKTOP-0BA32RO/realtime/design_1_AXI4Stream_UART_0_0_stub.vhdl:25]
INFO: [Synth 8-3491] module 'design_1_axis_switch_0_0' declared at 'C:/DESD/Projects/ExamSimulation_Template_proj.xpr/ExamSimulation_Template/ExamSimulation_Template.runs/synth_1/.Xil/Vivado-724-DESKTOP-0BA32RO/realtime/design_1_axis_switch_0_0_stub.vhdl:5' bound to instance 'axis_switch_0' of component 'design_1_axis_switch_0_0' [C:/DESD/Projects/ExamSimulation_Template_proj.xpr/ExamSimulation_Template/ExamSimulation_Template.srcs/sources_1/bd/design_1/synth/design_1.vhd:202]
INFO: [Synth 8-638] synthesizing module 'design_1_axis_switch_0_0' [C:/DESD/Projects/ExamSimulation_Template_proj.xpr/ExamSimulation_Template/ExamSimulation_Template.runs/synth_1/.Xil/Vivado-724-DESKTOP-0BA32RO/realtime/design_1_axis_switch_0_0_stub.vhdl:21]
INFO: [Synth 8-3491] module 'design_1_clk_wiz_0_0' declared at 'C:/DESD/Projects/ExamSimulation_Template_proj.xpr/ExamSimulation_Template/ExamSimulation_Template.runs/synth_1/.Xil/Vivado-724-DESKTOP-0BA32RO/realtime/design_1_clk_wiz_0_0_stub.vhdl:5' bound to instance 'clk_wiz_0' of component 'design_1_clk_wiz_0_0' [C:/DESD/Projects/ExamSimulation_Template_proj.xpr/ExamSimulation_Template/ExamSimulation_Template.srcs/sources_1/bd/design_1/synth/design_1.vhd:218]
INFO: [Synth 8-638] synthesizing module 'design_1_clk_wiz_0_0' [C:/DESD/Projects/ExamSimulation_Template_proj.xpr/ExamSimulation_Template/ExamSimulation_Template.runs/synth_1/.Xil/Vivado-724-DESKTOP-0BA32RO/realtime/design_1_clk_wiz_0_0_stub.vhdl:15]
INFO: [Synth 8-3491] module 'design_1_util_vector_logic_0_0' declared at 'C:/DESD/Projects/ExamSimulation_Template_proj.xpr/ExamSimulation_Template/ExamSimulation_Template.runs/synth_1/.Xil/Vivado-724-DESKTOP-0BA32RO/realtime/design_1_util_vector_logic_0_0_stub.vhdl:5' bound to instance 'util_vector_logic_0' of component 'design_1_util_vector_logic_0_0' [C:/DESD/Projects/ExamSimulation_Template_proj.xpr/ExamSimulation_Template/ExamSimulation_Template.srcs/sources_1/bd/design_1/synth/design_1.vhd:225]
INFO: [Synth 8-638] synthesizing module 'design_1_util_vector_logic_0_0' [C:/DESD/Projects/ExamSimulation_Template_proj.xpr/ExamSimulation_Template/ExamSimulation_Template.runs/synth_1/.Xil/Vivado-724-DESKTOP-0BA32RO/realtime/design_1_util_vector_logic_0_0_stub.vhdl:13]
INFO: [Synth 8-256] done synthesizing module 'design_1' (1#1) [C:/DESD/Projects/ExamSimulation_Template_proj.xpr/ExamSimulation_Template/ExamSimulation_Template.srcs/sources_1/bd/design_1/synth/design_1.vhd:31]
INFO: [Synth 8-256] done synthesizing module 'design_1_wrapper' (2#1) [C:/DESD/Projects/ExamSimulation_Template_proj.xpr/ExamSimulation_Template/ExamSimulation_Template.srcs/sources_1/bd/design_1/hdl/design_1_wrapper.vhd:27]
---------------------------------------------------------------------------------
Finished RTL Elaboration : Time (s): cpu = 00:00:05 ; elapsed = 00:00:05 . Memory (MB): peak = 946.848 ; gain = 311.230
---------------------------------------------------------------------------------

Report Check Netlist: 
+------+------------------+-------+---------+-------+------------------+
|      |Item              |Errors |Warnings |Status |Description       |
+------+------------------+-------+---------+-------+------------------+
|1     |multi_driven_nets |      0|        0|Passed |Multi driven nets |
+------+------------------+-------+---------+-------+------------------+
---------------------------------------------------------------------------------
Start Handling Custom Attributes
---------------------------------------------------------------------------------
---------------------------------------------------------------------------------
Finished Handling Custom Attributes : Time (s): cpu = 00:00:05 ; elapsed = 00:00:06 . Memory (MB): peak = 946.848 ; gain = 311.230
---------------------------------------------------------------------------------
---------------------------------------------------------------------------------
Finished RTL Optimization Phase 1 : Time (s): cpu = 00:00:05 ; elapsed = 00:00:06 . Memory (MB): peak = 946.848 ; gain = 311.230
---------------------------------------------------------------------------------
Netlist sorting complete. Time (s): cpu = 00:00:00 ; elapsed = 00:00:00.001 . Memory (MB): peak = 946.848 ; gain = 0.000
INFO: [Project 1-570] Preparing netlist for logic optimization

Processing XDC Constraints
Initializing timing engine
Parsing XDC File [c:/DESD/Projects/ExamSimulation_Template_proj.xpr/ExamSimulation_Template/ExamSimulation_Template.srcs/sources_1/bd/design_1/ip/design_1_AXI4Stream_UART_0_0/design_1_AXI4Stream_UART_0_0/design_1_AXI4Stream_UART_0_0_in_context.xdc] for cell 'design_1_i/AXI4Stream_UART_0'
Finished Parsing XDC File [c:/DESD/Projects/ExamSimulation_Template_proj.xpr/ExamSimulation_Template/ExamSimulation_Template.srcs/sources_1/bd/design_1/ip/design_1_AXI4Stream_UART_0_0/design_1_AXI4Stream_UART_0_0/design_1_AXI4Stream_UART_0_0_in_context.xdc] for cell 'design_1_i/AXI4Stream_UART_0'
Parsing XDC File [c:/DESD/Projects/ExamSimulation_Template_proj.xpr/ExamSimulation_Template/ExamSimulation_Template.srcs/sources_1/bd/design_1/ip/design_1_clk_wiz_0_0/design_1_clk_wiz_0_0/design_1_clk_wiz_0_0_in_context.xdc] for cell 'design_1_i/clk_wiz_0'
Finished Parsing XDC File [c:/DESD/Projects/ExamSimulation_Template_proj.xpr/ExamSimulation_Template/ExamSimulation_Template.srcs/sources_1/bd/design_1/ip/design_1_clk_wiz_0_0/design_1_clk_wiz_0_0/design_1_clk_wiz_0_0_in_context.xdc] for cell 'design_1_i/clk_wiz_0'
Parsing XDC File [c:/DESD/Projects/ExamSimulation_Template_proj.xpr/ExamSimulation_Template/ExamSimulation_Template.srcs/sources_1/bd/design_1/ip/design_1_util_vector_logic_0_0/design_1_util_vector_logic_0_0/design_1_util_vector_logic_0_0_in_context.xdc] for cell 'design_1_i/util_vector_logic_0'
Finished Parsing XDC File [c:/DESD/Projects/ExamSimulation_Template_proj.xpr/ExamSimulation_Template/ExamSimulation_Template.srcs/sources_1/bd/design_1/ip/design_1_util_vector_logic_0_0/design_1_util_vector_logic_0_0/design_1_util_vector_logic_0_0_in_context.xdc] for cell 'design_1_i/util_vector_logic_0'
Parsing XDC File [c:/DESD/Projects/ExamSimulation_Template_proj.xpr/ExamSimulation_Template/ExamSimulation_Template.srcs/sources_1/bd/design_1/ip/design_1_AXI4Stream_7Segment_0_0/design_1_AXI4Stream_7Segment_0_0/design_1_AXI4Stream_7Segment_0_0_in_context.xdc] for cell 'design_1_i/AXI4Stream_7Segment_0'
Finished Parsing XDC File [c:/DESD/Projects/ExamSimulation_Template_proj.xpr/ExamSimulation_Template/ExamSimulation_Template.srcs/sources_1/bd/design_1/ip/design_1_AXI4Stream_7Segment_0_0/design_1_AXI4Stream_7Segment_0_0/design_1_AXI4Stream_7Segment_0_0_in_context.xdc] for cell 'design_1_i/AXI4Stream_7Segment_0'
Parsing XDC File [c:/DESD/Projects/ExamSimulation_Template_proj.xpr/ExamSimulation_Template/ExamSimulation_Template.srcs/sources_1/bd/design_1/ip/design_1_AXI4Stream_Depacketi_0_0/design_1_AXI4Stream_Depacketi_0_0/design_1_AXI4Stream_Depacketi_0_0_in_context.xdc] for cell 'design_1_i/AXI4Stream_Depacketi_0'
Finished Parsing XDC File [c:/DESD/Projects/ExamSimulation_Template_proj.xpr/ExamSimulation_Template/ExamSimulation_Template.srcs/sources_1/bd/design_1/ip/design_1_AXI4Stream_Depacketi_0_0/design_1_AXI4Stream_Depacketi_0_0/design_1_AXI4Stream_Depacketi_0_0_in_context.xdc] for cell 'design_1_i/AXI4Stream_Depacketi_0'
Parsing XDC File [c:/DESD/Projects/ExamSimulation_Template_proj.xpr/ExamSimulation_Template/ExamSimulation_Template.srcs/sources_1/bd/design_1/ip/design_1_AXI4Stream_GPI_0_0/design_1_AXI4Stream_GPI_0_0/design_1_AXI4Stream_GPI_0_0_in_context.xdc] for cell 'design_1_i/AXI4Stream_GPI_0'
Finished Parsing XDC File [c:/DESD/Projects/ExamSimulation_Template_proj.xpr/ExamSimulation_Template/ExamSimulation_Template.srcs/sources_1/bd/design_1/ip/design_1_AXI4Stream_GPI_0_0/design_1_AXI4Stream_GPI_0_0/design_1_AXI4Stream_GPI_0_0_in_context.xdc] for cell 'design_1_i/AXI4Stream_GPI_0'
Parsing XDC File [c:/DESD/Projects/ExamSimulation_Template_proj.xpr/ExamSimulation_Template/ExamSimulation_Template.srcs/sources_1/bd/design_1/ip/design_1_axis_switch_0_0/design_1_axis_switch_0_0/design_1_axis_switch_0_0_in_context.xdc] for cell 'design_1_i/axis_switch_0'
Finished Parsing XDC File [c:/DESD/Projects/ExamSimulation_Template_proj.xpr/ExamSimulation_Template/ExamSimulation_Template.srcs/sources_1/bd/design_1/ip/design_1_axis_switch_0_0/design_1_axis_switch_0_0/design_1_axis_switch_0_0_in_context.xdc] for cell 'design_1_i/axis_switch_0'
Parsing XDC File [C:/DESD/Projects/ExamSimulation_Template_proj.xpr/ExamSimulation_Template/ExamSimulation_Template.srcs/constrs_1/imports/new/io.xdc]
Finished Parsing XDC File [C:/DESD/Projects/ExamSimulation_Template_proj.xpr/ExamSimulation_Template/ExamSimulation_Template.srcs/constrs_1/imports/new/io.xdc]
INFO: [Project 1-236] Implementation specific constraints were found while reading constraint file [C:/DESD/Projects/ExamSimulation_Template_proj.xpr/ExamSimulation_Template/ExamSimulation_Template.srcs/constrs_1/imports/new/io.xdc]. These constraints will be ignored for synthesis but will be used in implementation. Impacted constraints are listed in the file [.Xil/design_1_wrapper_propImpl.xdc].
Resolution: To avoid this warning, move constraints listed in [.Xil/design_1_wrapper_propImpl.xdc] to another XDC file and exclude this new file from synthesis with the used_in_synthesis property (File Properties dialog in GUI) and re-run elaboration/synthesis.
Parsing XDC File [C:/DESD/Projects/ExamSimulation_Template_proj.xpr/ExamSimulation_Template/ExamSimulation_Template.runs/synth_1/dont_touch.xdc]
Finished Parsing XDC File [C:/DESD/Projects/ExamSimulation_Template_proj.xpr/ExamSimulation_Template/ExamSimulation_Template.runs/synth_1/dont_touch.xdc]
Completed Processing XDC Constraints

Netlist sorting complete. Time (s): cpu = 00:00:00 ; elapsed = 00:00:00.001 . Memory (MB): peak = 993.313 ; gain = 0.000
INFO: [Project 1-111] Unisim Transformation Summary:
No Unisim elements were transformed.

Constraint Validation Runtime : Time (s): cpu = 00:00:00 ; elapsed = 00:00:00.015 . Memory (MB): peak = 993.313 ; gain = 0.000
WARNING: [Timing 38-316] Clock period '100.000' specified during out-of-context synthesis of instance 'design_1_i/axis_switch_0' at clock pin 'aclk' is different from the actual clock period '10.000', this can lead to different synthesis results.
---------------------------------------------------------------------------------
Finished Constraint Validation : Time (s): cpu = 00:00:11 ; elapsed = 00:00:12 . Memory (MB): peak = 995.551 ; gain = 359.934
---------------------------------------------------------------------------------
---------------------------------------------------------------------------------
Start Loading Part and Timing Information
---------------------------------------------------------------------------------
Loading part: xc7a35tcpg236-1
---------------------------------------------------------------------------------
Finished Loading Part and Timing Information : Time (s): cpu = 00:00:11 ; elapsed = 00:00:12 . Memory (MB): peak = 995.551 ; gain = 359.934
---------------------------------------------------------------------------------
---------------------------------------------------------------------------------
Start Applying 'set_property' XDC Constraints
---------------------------------------------------------------------------------
Applied set_property IO_BUFFER_TYPE = NONE for sys_clock. (constraint file  c:/DESD/Projects/ExamSimulation_Template_proj.xpr/ExamSimulation_Template/ExamSimulation_Template.srcs/sources_1/bd/design_1/ip/design_1_clk_wiz_0_0/design_1_clk_wiz_0_0/design_1_clk_wiz_0_0_in_context.xdc, line 3).
Applied set_property CLOCK_BUFFER_TYPE = NONE for sys_clock. (constraint file  c:/DESD/Projects/ExamSimulation_Template_proj.xpr/ExamSimulation_Template/ExamSimulation_Template.srcs/sources_1/bd/design_1/ip/design_1_clk_wiz_0_0/design_1_clk_wiz_0_0/design_1_clk_wiz_0_0_in_context.xdc, line 4).
Applied set_property DONT_TOUCH = true for design_1_i. (constraint file  auto generated constraint, line ).
Applied set_property DONT_TOUCH = true for design_1_i/AXI4Stream_UART_0. (constraint file  auto generated constraint, line ).
Applied set_property DONT_TOUCH = true for design_1_i/clk_wiz_0. (constraint file  auto generated constraint, line ).
Applied set_property DONT_TOUCH = true for design_1_i/util_vector_logic_0. (constraint file  auto generated constraint, line ).
Applied set_property DONT_TOUCH = true for design_1_i/AXI4Stream_7Segment_0. (constraint file  auto generated constraint, line ).
Applied set_property DONT_TOUCH = true for design_1_i/AXI4Stream_Depacketi_0. (constraint file  auto generated constraint, line ).
Applied set_property DONT_TOUCH = true for design_1_i/AXI4Stream_GPI_0. (constraint file  auto generated constraint, line ).
Applied set_property DONT_TOUCH = true for design_1_i/axis_switch_0. (constraint file  auto generated constraint, line ).
---------------------------------------------------------------------------------
Finished applying 'set_property' XDC Constraints : Time (s): cpu = 00:00:11 ; elapsed = 00:00:12 . Memory (MB): peak = 995.551 ; gain = 359.934
---------------------------------------------------------------------------------
---------------------------------------------------------------------------------
Finished RTL Optimization Phase 2 : Time (s): cpu = 00:00:11 ; elapsed = 00:00:12 . Memory (MB): peak = 995.551 ; gain = 359.934
---------------------------------------------------------------------------------

Report RTL Partitions: 
+-+--------------+------------+----------+
| |RTL Partition |Replication |Instances |
+-+--------------+------------+----------+
+-+--------------+------------+----------+
---------------------------------------------------------------------------------
Start RTL Component Statistics 
---------------------------------------------------------------------------------
Detailed RTL Component Info : 
---------------------------------------------------------------------------------
Finished RTL Component Statistics 
---------------------------------------------------------------------------------
---------------------------------------------------------------------------------
Start RTL Hierarchical Component Statistics 
---------------------------------------------------------------------------------
Hierarchical RTL Component report 
---------------------------------------------------------------------------------
Finished RTL Hierarchical Component Statistics
---------------------------------------------------------------------------------
---------------------------------------------------------------------------------
Start Part Resource Summary
---------------------------------------------------------------------------------
Part Resources:
DSPs: 90 (col length:60)
BRAMs: 100 (col length: RAMB18 60 RAMB36 30)
---------------------------------------------------------------------------------
Finished Part Resource Summary
---------------------------------------------------------------------------------
---------------------------------------------------------------------------------
Start Cross Boundary and Area Optimization
---------------------------------------------------------------------------------
Warning: Parallel synthesis criteria is not met 
---------------------------------------------------------------------------------
Finished Cross Boundary and Area Optimization : Time (s): cpu = 00:00:12 ; elapsed = 00:00:14 . Memory (MB): peak = 995.551 ; gain = 359.934
---------------------------------------------------------------------------------

Report RTL Partitions: 
+-+--------------+------------+----------+
| |RTL Partition |Replication |Instances |
+-+--------------+------------+----------+
+-+--------------+------------+----------+
---------------------------------------------------------------------------------
Start Applying XDC Timing Constraints
---------------------------------------------------------------------------------
---------------------------------------------------------------------------------
Finished Applying XDC Timing Constraints : Time (s): cpu = 00:00:19 ; elapsed = 00:00:20 . Memory (MB): peak = 999.246 ; gain = 363.629
---------------------------------------------------------------------------------
---------------------------------------------------------------------------------
Start Timing Optimization
---------------------------------------------------------------------------------
---------------------------------------------------------------------------------
Finished Timing Optimization : Time (s): cpu = 00:00:19 ; elapsed = 00:00:20 . Memory (MB): peak = 999.246 ; gain = 363.629
---------------------------------------------------------------------------------

Report RTL Partitions: 
+-+--------------+------------+----------+
| |RTL Partition |Replication |Instances |
+-+--------------+------------+----------+
+-+--------------+------------+----------+
---------------------------------------------------------------------------------
Start Technology Mapping
---------------------------------------------------------------------------------
---------------------------------------------------------------------------------
Finished Technology Mapping : Time (s): cpu = 00:00:19 ; elapsed = 00:00:20 . Memory (MB): peak = 1008.781 ; gain = 373.164
---------------------------------------------------------------------------------

Report RTL Partitions: 
+-+--------------+------------+----------+
| |RTL Partition |Replication |Instances |
+-+--------------+------------+----------+
+-+--------------+------------+----------+
---------------------------------------------------------------------------------
Start IO Insertion
---------------------------------------------------------------------------------
---------------------------------------------------------------------------------
Start Flattening Before IO Insertion
---------------------------------------------------------------------------------
---------------------------------------------------------------------------------
Finished Flattening Before IO Insertion
---------------------------------------------------------------------------------
---------------------------------------------------------------------------------
Start Final Netlist Cleanup
---------------------------------------------------------------------------------
---------------------------------------------------------------------------------
Finished Final Netlist Cleanup
---------------------------------------------------------------------------------
---------------------------------------------------------------------------------
Finished IO Insertion : Time (s): cpu = 00:00:23 ; elapsed = 00:00:24 . Memory (MB): peak = 1024.590 ; gain = 388.973
---------------------------------------------------------------------------------
---------------------------------------------------------------------------------
Start Renaming Generated Instances
---------------------------------------------------------------------------------
---------------------------------------------------------------------------------
Finished Renaming Generated Instances : Time (s): cpu = 00:00:23 ; elapsed = 00:00:24 . Memory (MB): peak = 1024.590 ; gain = 388.973
---------------------------------------------------------------------------------

Report RTL Partitions: 
+-+--------------+------------+----------+
| |RTL Partition |Replication |Instances |
+-+--------------+------------+----------+
+-+--------------+------------+----------+

Report Check Netlist: 
+------+------------------+-------+---------+-------+------------------+
|      |Item              |Errors |Warnings |Status |Description       |
+------+------------------+-------+---------+-------+------------------+
|1     |multi_driven_nets |      0|        0|Passed |Multi driven nets |
+------+------------------+-------+---------+-------+------------------+
---------------------------------------------------------------------------------
Start Rebuilding User Hierarchy
---------------------------------------------------------------------------------
---------------------------------------------------------------------------------
Finished Rebuilding User Hierarchy : Time (s): cpu = 00:00:23 ; elapsed = 00:00:24 . Memory (MB): peak = 1024.590 ; gain = 388.973
---------------------------------------------------------------------------------
---------------------------------------------------------------------------------
Start Renaming Generated Ports
---------------------------------------------------------------------------------
---------------------------------------------------------------------------------
Finished Renaming Generated Ports : Time (s): cpu = 00:00:23 ; elapsed = 00:00:24 . Memory (MB): peak = 1024.590 ; gain = 388.973
---------------------------------------------------------------------------------
---------------------------------------------------------------------------------
Start Handling Custom Attributes
---------------------------------------------------------------------------------
---------------------------------------------------------------------------------
Finished Handling Custom Attributes : Time (s): cpu = 00:00:23 ; elapsed = 00:00:24 . Memory (MB): peak = 1024.590 ; gain = 388.973
---------------------------------------------------------------------------------
---------------------------------------------------------------------------------
Start Renaming Generated Nets
---------------------------------------------------------------------------------
---------------------------------------------------------------------------------
Finished Renaming Generated Nets : Time (s): cpu = 00:00:23 ; elapsed = 00:00:24 . Memory (MB): peak = 1024.590 ; gain = 388.973
---------------------------------------------------------------------------------
---------------------------------------------------------------------------------
Start Writing Synthesis Report
---------------------------------------------------------------------------------

Report BlackBoxes: 
+------+----------------------------------+----------+
|      |BlackBox name                     |Instances |
+------+----------------------------------+----------+
|1     |design_1_AXI4Stream_7Segment_0_0  |         1|
|2     |design_1_AXI4Stream_Depacketi_0_0 |         1|
|3     |design_1_AXI4Stream_GPI_0_0       |         1|
|4     |design_1_AXI4Stream_UART_0_0      |         1|
|5     |design_1_axis_switch_0_0          |         1|
|6     |design_1_clk_wiz_0_0              |         1|
|7     |design_1_util_vector_logic_0_0    |         1|
+------+----------------------------------+----------+

Report Cell Usage: 
+------+-----------------------------------------+------+
|      |Cell                                     |Count |
+------+-----------------------------------------+------+
|1     |design_1_AXI4Stream_7Segment_0_0_bbox_0  |     1|
|2     |design_1_AXI4Stream_Depacketi_0_0_bbox_1 |     1|
|3     |design_1_AXI4Stream_GPI_0_0_bbox_2       |     1|
|4     |design_1_AXI4Stream_UART_0_0_bbox_3      |     1|
|5     |design_1_axis_switch_0_0_bbox_4          |     1|
|6     |design_1_clk_wiz_0_0_bbox_5              |     1|
|7     |design_1_util_vector_logic_0_0_bbox_6    |     1|
|8     |IBUF                                     |    19|
|9     |OBUF                                     |    12|
+------+-----------------------------------------+------+

Report Instance Areas: 
+------+-------------+---------+------+
|      |Instance     |Module   |Cells |
+------+-------------+---------+------+
|1     |top          |         |   113|
|2     |  design_1_i |design_1 |    82|
+------+-------------+---------+------+
---------------------------------------------------------------------------------
Finished Writing Synthesis Report : Time (s): cpu = 00:00:23 ; elapsed = 00:00:24 . Memory (MB): peak = 1024.590 ; gain = 388.973
---------------------------------------------------------------------------------
Synthesis finished with 0 errors, 0 critical warnings and 0 warnings.
Synthesis Optimization Runtime : Time (s): cpu = 00:00:16 ; elapsed = 00:00:22 . Memory (MB): peak = 1024.590 ; gain = 340.270
Synthesis Optimization Complete : Time (s): cpu = 00:00:23 ; elapsed = 00:00:24 . Memory (MB): peak = 1024.590 ; gain = 388.973
INFO: [Project 1-571] Translating synthesized netlist
Netlist sorting complete. Time (s): cpu = 00:00:00 ; elapsed = 00:00:00.001 . Memory (MB): peak = 1035.637 ; gain = 0.000
INFO: [Project 1-570] Preparing netlist for logic optimization
INFO: [Opt 31-138] Pushed 0 inverter(s) to 0 load pin(s).
Netlist sorting complete. Time (s): cpu = 00:00:00 ; elapsed = 00:00:00 . Memory (MB): peak = 1038.770 ; gain = 0.000
INFO: [Project 1-111] Unisim Transformation Summary:
No Unisim elements were transformed.

INFO: [Common 17-83] Releasing license: Synthesis
32 Infos, 2 Warnings, 0 Critical Warnings and 0 Errors encountered.
synth_design completed successfully
synth_design: Time (s): cpu = 00:00:28 ; elapsed = 00:00:29 . Memory (MB): peak = 1038.770 ; gain = 680.176
Netlist sorting complete. Time (s): cpu = 00:00:00 ; elapsed = 00:00:00 . Memory (MB): peak = 1038.770 ; gain = 0.000
WARNING: [Constraints 18-5210] No constraints selected for write.
Resolution: This message can indicate that there are no constraints for the design, or it can indicate that the used_in flags are set such that the constraints are ignored. This later case is used when running synth_design to not write synthesis constraints to the resulting checkpoint. Instead, project constraints are read when the synthesized design is opened.
INFO: [Common 17-1381] The checkpoint 'C:/DESD/Projects/ExamSimulation_Template_proj.xpr/ExamSimulation_Template/ExamSimulation_Template.runs/synth_1/design_1_wrapper.dcp' has been generated.
INFO: [runtcl-4] Executing : report_utilization -file design_1_wrapper_utilization_synth.rpt -pb design_1_wrapper_utilization_synth.pb
INFO: [Common 17-206] Exiting Vivado at Thu Aug 27 14:12:29 2020...
