
*** Running vivado
    with args -log design_1_edge_detector_0_0.vds -m64 -product Vivado -mode batch -messageDb vivado.pb -notrace -source design_1_edge_detector_0_0.tcl


****** Vivado v2020.2 (64-bit)
  **** SW Build 3064766 on Wed Nov 18 09:12:47 MST 2020
  **** IP Build 3064653 on Wed Nov 18 14:17:31 MST 2020
    ** Copyright 1986-2020 Xilinx, Inc. All Rights Reserved.

source design_1_edge_detector_0_0.tcl -notrace
INFO: [IP_Flow 19-234] Refreshing IP repositories
WARNING: [IP_Flow 19-395] Problem validating against XML schema: : Unexpected end of message
CRITICAL WARNING: [IP_Flow 19-1977] Unable to read IP file /home/mconsonni/Desktop/DESD/Repository/IPs/ip_repo/axi4-stream-rs232/~BROMIUM/component.xml. This IP will not be included in the IP Catalog.
WARNING: [IP_Flow 19-395] Problem validating against XML schema: : Unexpected end of message
CRITICAL WARNING: [IP_Flow 19-1977] Unable to read IP file /home/mconsonni/Desktop/DESD/Repository/IPs/ip_repo/pmod_i2s2/~BROMIUM/component.xml. This IP will not be included in the IP Catalog.
WARNING: [IP_Flow 19-395] Problem validating against XML schema: : Unexpected end of message
CRITICAL WARNING: [IP_Flow 19-1977] Unable to read IP file /home/mconsonni/Desktop/DESD/Repository/IPs/ip_repo/pmod_jstk2/~BROMIUM/component.xml. This IP will not be included in the IP Catalog.
INFO: [IP_Flow 19-1700] Loaded user IP repository '/home/mconsonni/Desktop/DESD/Repository'.
INFO: [IP_Flow 19-2313] Loaded Vivado IP repository '/tools/Xilinx_Vitis/Vivado/2020.2/data/ip'.
Command: synth_design -top design_1_edge_detector_0_0 -part xc7a35tcpg236-1 -mode out_of_context
Starting synth_design
WARNING: [IP_Flow 19-3571] IP 'design_1_edge_detector_0_0' is restricted:
* Module reference is stale and needs refreshing.
Attempting to get a license for feature 'Synthesis' and/or device 'xc7a35t'
INFO: [Common 17-349] Got license for feature 'Synthesis' and/or device 'xc7a35t'
INFO: [Device 21-403] Loading part xc7a35tcpg236-1
INFO: [Synth 8-7079] Multithreading enabled for synth_design using a maximum of 4 processes.
INFO: [Synth 8-7078] Launching helper process for spawning children vivado processes
INFO: [Synth 8-7075] Helper process launched with PID 6014
---------------------------------------------------------------------------------
Starting RTL Elaboration : Time (s): cpu = 00:00:06 ; elapsed = 00:00:08 . Memory (MB): peak = 2389.266 ; gain = 0.000 ; free physical = 1523 ; free virtual = 8088
---------------------------------------------------------------------------------
INFO: [Synth 8-638] synthesizing module 'design_1_edge_detector_0_0' [/home/mconsonni/Desktop/DESD/Projects/serial_manager/serial_manager.gen/sources_1/bd/design_1/ip/design_1_edge_detector_0_0/synth/design_1_edge_detector_0_0.vhd:65]
	Parameter TRIGGER_RISING bound to: 1 - type: bool 
INFO: [Synth 8-3491] module 'edge_detector' declared at '/home/mconsonni/Desktop/DESD/Projects/serial_manager/serial_manager.srcs/sources_1/new/edge_detector.vhd:25' bound to instance 'U0' of component 'edge_detector' [/home/mconsonni/Desktop/DESD/Projects/serial_manager/serial_manager.gen/sources_1/bd/design_1/ip/design_1_edge_detector_0_0/synth/design_1_edge_detector_0_0.vhd:94]
INFO: [Synth 8-638] synthesizing module 'edge_detector' [/home/mconsonni/Desktop/DESD/Projects/serial_manager/serial_manager.srcs/sources_1/new/edge_detector.vhd:43]
	Parameter TRIGGER_RISING bound to: 1 - type: bool 
INFO: [Synth 8-256] done synthesizing module 'edge_detector' (1#1) [/home/mconsonni/Desktop/DESD/Projects/serial_manager/serial_manager.srcs/sources_1/new/edge_detector.vhd:43]
INFO: [Synth 8-256] done synthesizing module 'design_1_edge_detector_0_0' (2#1) [/home/mconsonni/Desktop/DESD/Projects/serial_manager/serial_manager.gen/sources_1/bd/design_1/ip/design_1_edge_detector_0_0/synth/design_1_edge_detector_0_0.vhd:65]
---------------------------------------------------------------------------------
Finished RTL Elaboration : Time (s): cpu = 00:00:08 ; elapsed = 00:00:10 . Memory (MB): peak = 2389.266 ; gain = 0.000 ; free physical = 4453 ; free virtual = 11030
---------------------------------------------------------------------------------
---------------------------------------------------------------------------------
Start Handling Custom Attributes
---------------------------------------------------------------------------------
---------------------------------------------------------------------------------
Finished Handling Custom Attributes : Time (s): cpu = 00:00:09 ; elapsed = 00:00:11 . Memory (MB): peak = 2389.266 ; gain = 0.000 ; free physical = 4572 ; free virtual = 11150
---------------------------------------------------------------------------------
---------------------------------------------------------------------------------
Finished RTL Optimization Phase 1 : Time (s): cpu = 00:00:09 ; elapsed = 00:00:11 . Memory (MB): peak = 2389.266 ; gain = 0.000 ; free physical = 4572 ; free virtual = 11150
---------------------------------------------------------------------------------
Netlist sorting complete. Time (s): cpu = 00:00:00 ; elapsed = 00:00:00 . Memory (MB): peak = 2389.266 ; gain = 0.000 ; free physical = 4569 ; free virtual = 11147
INFO: [Project 1-570] Preparing netlist for logic optimization

Processing XDC Constraints
Initializing timing engine
Completed Processing XDC Constraints

Netlist sorting complete. Time (s): cpu = 00:00:00 ; elapsed = 00:00:00 . Memory (MB): peak = 2479.039 ; gain = 0.000 ; free physical = 4478 ; free virtual = 11069
INFO: [Project 1-111] Unisim Transformation Summary:
No Unisim elements were transformed.

Constraint Validation Runtime : Time (s): cpu = 00:00:00.02 ; elapsed = 00:00:00.02 . Memory (MB): peak = 2479.039 ; gain = 0.000 ; free physical = 4476 ; free virtual = 11067
---------------------------------------------------------------------------------
Finished Constraint Validation : Time (s): cpu = 00:00:15 ; elapsed = 00:00:18 . Memory (MB): peak = 2479.039 ; gain = 89.773 ; free physical = 5381 ; free virtual = 11973
---------------------------------------------------------------------------------
---------------------------------------------------------------------------------
Start Loading Part and Timing Information
---------------------------------------------------------------------------------
Loading part: xc7a35tcpg236-1
---------------------------------------------------------------------------------
Finished Loading Part and Timing Information : Time (s): cpu = 00:00:15 ; elapsed = 00:00:18 . Memory (MB): peak = 2479.039 ; gain = 89.773 ; free physical = 5381 ; free virtual = 11973
---------------------------------------------------------------------------------
---------------------------------------------------------------------------------
Start Applying 'set_property' XDC Constraints
---------------------------------------------------------------------------------
---------------------------------------------------------------------------------
Finished applying 'set_property' XDC Constraints : Time (s): cpu = 00:00:15 ; elapsed = 00:00:18 . Memory (MB): peak = 2479.039 ; gain = 89.773 ; free physical = 5380 ; free virtual = 11972
---------------------------------------------------------------------------------
---------------------------------------------------------------------------------
Finished RTL Optimization Phase 2 : Time (s): cpu = 00:00:15 ; elapsed = 00:00:18 . Memory (MB): peak = 2479.039 ; gain = 89.773 ; free physical = 5363 ; free virtual = 11957
---------------------------------------------------------------------------------
---------------------------------------------------------------------------------
Start RTL Component Statistics 
---------------------------------------------------------------------------------
Detailed RTL Component Info : 
+---Registers : 
	                1 Bit    Registers := 2     
---------------------------------------------------------------------------------
Finished RTL Component Statistics 
---------------------------------------------------------------------------------
---------------------------------------------------------------------------------
Start Part Resource Summary
---------------------------------------------------------------------------------
Part Resources:
DSPs: 90 (col length:60)
BRAMs: 100 (col length: RAMB18 60 RAMB36 30)
---------------------------------------------------------------------------------
Finished Part Resource Summary
---------------------------------------------------------------------------------
---------------------------------------------------------------------------------
Start Cross Boundary and Area Optimization
---------------------------------------------------------------------------------
---------------------------------------------------------------------------------
Finished Cross Boundary and Area Optimization : Time (s): cpu = 00:00:16 ; elapsed = 00:00:19 . Memory (MB): peak = 2479.039 ; gain = 89.773 ; free physical = 5393 ; free virtual = 11996
---------------------------------------------------------------------------------
---------------------------------------------------------------------------------
Start Applying XDC Timing Constraints
---------------------------------------------------------------------------------
---------------------------------------------------------------------------------
Finished Applying XDC Timing Constraints : Time (s): cpu = 00:00:23 ; elapsed = 00:00:26 . Memory (MB): peak = 2479.039 ; gain = 89.773 ; free physical = 4193 ; free virtual = 10813
---------------------------------------------------------------------------------
---------------------------------------------------------------------------------
Start Timing Optimization
---------------------------------------------------------------------------------
---------------------------------------------------------------------------------
Finished Timing Optimization : Time (s): cpu = 00:00:23 ; elapsed = 00:00:26 . Memory (MB): peak = 2479.039 ; gain = 89.773 ; free physical = 4193 ; free virtual = 10813
---------------------------------------------------------------------------------
---------------------------------------------------------------------------------
Start Technology Mapping
---------------------------------------------------------------------------------
---------------------------------------------------------------------------------
Finished Technology Mapping : Time (s): cpu = 00:00:23 ; elapsed = 00:00:26 . Memory (MB): peak = 2483.055 ; gain = 93.789 ; free physical = 4191 ; free virtual = 10810
---------------------------------------------------------------------------------
---------------------------------------------------------------------------------
Start IO Insertion
---------------------------------------------------------------------------------
---------------------------------------------------------------------------------
Start Flattening Before IO Insertion
---------------------------------------------------------------------------------
---------------------------------------------------------------------------------
Finished Flattening Before IO Insertion
---------------------------------------------------------------------------------
---------------------------------------------------------------------------------
Start Final Netlist Cleanup
---------------------------------------------------------------------------------
---------------------------------------------------------------------------------
Finished Final Netlist Cleanup
---------------------------------------------------------------------------------
---------------------------------------------------------------------------------
Finished IO Insertion : Time (s): cpu = 00:00:26 ; elapsed = 00:00:30 . Memory (MB): peak = 2488.992 ; gain = 99.727 ; free physical = 4674 ; free virtual = 11294
---------------------------------------------------------------------------------
---------------------------------------------------------------------------------
Start Renaming Generated Instances
---------------------------------------------------------------------------------
---------------------------------------------------------------------------------
Finished Renaming Generated Instances : Time (s): cpu = 00:00:26 ; elapsed = 00:00:30 . Memory (MB): peak = 2488.992 ; gain = 99.727 ; free physical = 4673 ; free virtual = 11293
---------------------------------------------------------------------------------
---------------------------------------------------------------------------------
Start Rebuilding User Hierarchy
---------------------------------------------------------------------------------
---------------------------------------------------------------------------------
Finished Rebuilding User Hierarchy : Time (s): cpu = 00:00:26 ; elapsed = 00:00:30 . Memory (MB): peak = 2488.992 ; gain = 99.727 ; free physical = 4673 ; free virtual = 11293
---------------------------------------------------------------------------------
---------------------------------------------------------------------------------
Start Renaming Generated Ports
---------------------------------------------------------------------------------
---------------------------------------------------------------------------------
Finished Renaming Generated Ports : Time (s): cpu = 00:00:26 ; elapsed = 00:00:30 . Memory (MB): peak = 2488.992 ; gain = 99.727 ; free physical = 4673 ; free virtual = 11293
---------------------------------------------------------------------------------
---------------------------------------------------------------------------------
Start Handling Custom Attributes
---------------------------------------------------------------------------------
---------------------------------------------------------------------------------
Finished Handling Custom Attributes : Time (s): cpu = 00:00:26 ; elapsed = 00:00:30 . Memory (MB): peak = 2488.992 ; gain = 99.727 ; free physical = 4672 ; free virtual = 11292
---------------------------------------------------------------------------------
---------------------------------------------------------------------------------
Start Renaming Generated Nets
---------------------------------------------------------------------------------
---------------------------------------------------------------------------------
Finished Renaming Generated Nets : Time (s): cpu = 00:00:26 ; elapsed = 00:00:30 . Memory (MB): peak = 2488.992 ; gain = 99.727 ; free physical = 4672 ; free virtual = 11292
---------------------------------------------------------------------------------
---------------------------------------------------------------------------------
Start Writing Synthesis Report
---------------------------------------------------------------------------------

Report BlackBoxes: 
+-+--------------+----------+
| |BlackBox name |Instances |
+-+--------------+----------+
+-+--------------+----------+

Report Cell Usage: 
+------+-----+------+
|      |Cell |Count |
+------+-----+------+
|1     |LUT2 |     1|
|2     |FDCE |     2|
+------+-----+------+
---------------------------------------------------------------------------------
Finished Writing Synthesis Report : Time (s): cpu = 00:00:26 ; elapsed = 00:00:30 . Memory (MB): peak = 2488.992 ; gain = 99.727 ; free physical = 4672 ; free virtual = 11292
---------------------------------------------------------------------------------
Synthesis finished with 0 errors, 0 critical warnings and 0 warnings.
Synthesis Optimization Runtime : Time (s): cpu = 00:00:25 ; elapsed = 00:00:28 . Memory (MB): peak = 2488.992 ; gain = 9.953 ; free physical = 4722 ; free virtual = 11343
Synthesis Optimization Complete : Time (s): cpu = 00:00:26 ; elapsed = 00:00:30 . Memory (MB): peak = 2489.000 ; gain = 99.727 ; free physical = 4722 ; free virtual = 11343
INFO: [Project 1-571] Translating synthesized netlist
Netlist sorting complete. Time (s): cpu = 00:00:00 ; elapsed = 00:00:00 . Memory (MB): peak = 2489.000 ; gain = 0.000 ; free physical = 4773 ; free virtual = 11394
INFO: [Project 1-570] Preparing netlist for logic optimization
INFO: [Opt 31-138] Pushed 0 inverter(s) to 0 load pin(s).
Netlist sorting complete. Time (s): cpu = 00:00:00 ; elapsed = 00:00:00 . Memory (MB): peak = 2497.898 ; gain = 0.000 ; free physical = 4756 ; free virtual = 11376
INFO: [Project 1-111] Unisim Transformation Summary:
No Unisim elements were transformed.

INFO: [Common 17-83] Releasing license: Synthesis
20 Infos, 4 Warnings, 3 Critical Warnings and 0 Errors encountered.
synth_design completed successfully
synth_design: Time (s): cpu = 00:00:40 ; elapsed = 00:00:36 . Memory (MB): peak = 2497.898 ; gain = 108.703 ; free physical = 4988 ; free virtual = 11609
INFO: [Common 17-1381] The checkpoint '/home/mconsonni/Desktop/DESD/Projects/serial_manager/serial_manager.runs/design_1_edge_detector_0_0_synth_1/design_1_edge_detector_0_0.dcp' has been generated.
WARNING: [Common 17-576] 'use_project_ipc' is deprecated. This option is deprecated and no longer used.
INFO: [Common 17-1381] The checkpoint '/home/mconsonni/Desktop/DESD/Projects/serial_manager/serial_manager.runs/design_1_edge_detector_0_0_synth_1/design_1_edge_detector_0_0.dcp' has been generated.
INFO: [runtcl-4] Executing : report_utilization -file design_1_edge_detector_0_0_utilization_synth.rpt -pb design_1_edge_detector_0_0_utilization_synth.pb
INFO: [Common 17-206] Exiting Vivado at Sun Sep 19 21:43:14 2021...
