#-----------------------------------------------------------
# Vivado v2020.2 (64-bit)
# SW Build 3064766 on Wed Nov 18 09:12:45 MST 2020
# IP Build 3064653 on Wed Nov 18 14:17:31 MST 2020
# Start of session at: Thu Sep 16 10:18:41 2021
# Process ID: 5216
# Current directory: C:/DESD/audio_project
# Command line: vivado.exe -gui_launcher_event rodinguilauncherevent8280 C:\DESD\audio_project\audio_project.xpr
# Log file: C:/DESD/audio_project/vivado.log
# Journal file: C:/DESD/audio_project\vivado.jou
#-----------------------------------------------------------
start_gui
open_project C:/DESD/audio_project/audio_project.xpr
Scanning sources...
Finished scanning sources
INFO: [IP_Flow 19-234] Refreshing IP repositories
INFO: [IP_Flow 19-1700] Loaded user IP repository 'c:/DESD/Repository'.
INFO: [IP_Flow 19-2313] Loaded Vivado IP repository 'C:/Xilinx2/Vivado/2020.2/data/ip'.
open_project: Time (s): cpu = 00:00:20 ; elapsed = 00:00:10 . Memory (MB): peak = 1126.277 ; gain = 0.000
reset_run impl_1 -prev_step 
launch_runs impl_1 -to_step write_bitstream -jobs 4
[Thu Sep 16 10:19:36 2021] Launched impl_1...
Run output will be captured here: C:/DESD/audio_project/audio_project.runs/impl_1/runme.log
launch_runs: Time (s): cpu = 00:00:02 ; elapsed = 00:00:10 . Memory (MB): peak = 1149.895 ; gain = 0.000
update_compile_order -fileset sources_1
open_hw_manager
connect_hw_server -allow_non_jtag
INFO: [Labtools 27-2285] Connecting to hw_server url TCP:localhost:3121
INFO: [Labtools 27-2222] Launching hw_server...
INFO: [Labtools 27-2221] Launch Output:

****** Xilinx hw_server v2020.2
  **** Build date : Nov 18 2020 at 10:01:48
    ** Copyright 1986-2020 Xilinx, Inc. All Rights Reserved.


INFO: [Labtools 27-3415] Connecting to cs_server url TCP:localhost:3042
INFO: [Labtools 27-3417] Launching cs_server...
INFO: [Labtools 27-2221] Launch Output:


******** Xilinx cs_server v2020.2
  ****** Build date   : Nov 03 2020-22:02:56
    **** Build number : 2020.2.1604437376
      ** Copyright 2017-2020 Xilinx, Inc. All Rights Reserved.



connect_hw_server: Time (s): cpu = 00:00:01 ; elapsed = 00:00:14 . Memory (MB): peak = 1149.895 ; gain = 0.000
open_hw_target
INFO: [Labtoolstcl 44-466] Opening hw_target localhost:3121/xilinx_tcf/Digilent/210183ACACB0A
open_hw_target: Time (s): cpu = 00:00:06 ; elapsed = 00:00:05 . Memory (MB): peak = 2682.879 ; gain = 1532.984
set_property PROGRAM.FILE {C:/DESD/audio_project/audio_project.runs/impl_1/audio_bd_wrapper.bit} [get_hw_devices xc7a35t_0]
current_hw_device [get_hw_devices xc7a35t_0]
refresh_hw_device -update_hw_probes false [lindex [get_hw_devices xc7a35t_0] 0]
INFO: [Labtools 27-1434] Device xc7a35t (JTAG device index = 0) is programmed with a design that has no supported debug core(s) in it.
set_property PROBES.FILE {} [get_hw_devices xc7a35t_0]
set_property FULL_PROBES.FILE {} [get_hw_devices xc7a35t_0]
set_property PROGRAM.FILE {C:/DESD/audio_project/audio_project.runs/impl_1/audio_bd_wrapper.bit} [get_hw_devices xc7a35t_0]
program_hw_devices [get_hw_devices xc7a35t_0]
INFO: [Labtools 27-3164] End of startup status: HIGH
refresh_hw_device [lindex [get_hw_devices xc7a35t_0] 0]
INFO: [Labtools 27-1434] Device xc7a35t (JTAG device index = 0) is programmed with a design that has no supported debug core(s) in it.
close_hw_manager
update_module_reference audio_bd_LED_controller_0_0
INFO: [IP_Flow 19-5107] Inferred bus interface 'aresetn' of definition 'xilinx.com:signal:reset:1.0' (from Xilinx Repository).
INFO: [IP_Flow 19-5107] Inferred bus interface 'aclk' of definition 'xilinx.com:signal:clock:1.0' (from Xilinx Repository).
INFO: [IP_Flow 19-4728] Bus Interface 'aresetn': Added interface parameter 'POLARITY' with value 'ACTIVE_LOW'.
INFO: [IP_Flow 19-4728] Bus Interface 'aclk': Added interface parameter 'ASSOCIATED_RESET' with value 'aresetn'.
WARNING: [IP_Flow 19-5661] Bus Interface 'aclk' does not have any bus interfaces associated with it.
INFO: [IP_Flow 19-234] Refreshing IP repositories
INFO: [IP_Flow 19-1700] Loaded user IP repository 'c:/DESD/Repository'.
Reading block design file <C:/DESD/audio_project/audio_project.srcs/sources_1/bd/audio_bd/audio_bd.bd>...
Adding component instance block -- TimeEngineers:ip:pmod_i2s2:1.0 - pmod_i2s2_0
Adding component instance block -- xilinx.com:ip:clk_wiz:6.0 - clk_wiz_0
Adding component instance block -- xilinx.com:ip:util_vector_logic:2.0 - util_vector_logic_0
Adding component instance block -- TimeEngineers:ip:Pmod_JSTK2:1.0 - Pmod_JSTK2_0
Adding component instance block -- xilinx.com:module_ref:moving_average:1.0 - moving_average_0
Adding component instance block -- xilinx.com:module_ref:debouncer:1.0 - debouncer_0
Adding component instance block -- xilinx.com:module_ref:debouncer:1.0 - debouncer_1
Adding component instance block -- xilinx.com:module_ref:edge_detector:1.0 - edge_detector_0
Adding component instance block -- xilinx.com:module_ref:edge_detector:1.0 - edge_detector_1
Adding component instance block -- xilinx.com:module_ref:mute_controller:1.0 - mute_controller_0
Adding component instance block -- xilinx.com:module_ref:LED_controller:1.0 - LED_controller_0
Successfully read diagram <audio_bd> from block design file <C:/DESD/audio_project/audio_project.srcs/sources_1/bd/audio_bd/audio_bd.bd>
Upgrading 'C:/DESD/audio_project/audio_project.srcs/sources_1/bd/audio_bd/audio_bd.bd'
INFO: [IP_Flow 19-1972] Upgraded audio_bd_LED_controller_0_0 from LED_controller_v1_0 1.0 to LED_controller_v1_0 1.0
Wrote  : <C:\DESD\audio_project\audio_project.srcs\sources_1\bd\audio_bd\audio_bd.bd> 
Wrote  : <C:/DESD/audio_project/audio_project.srcs/sources_1/bd/audio_bd/ui/bd_a2720cb.ui> 
upgrade_ip: Time (s): cpu = 00:00:12 ; elapsed = 00:00:10 . Memory (MB): peak = 2878.934 ; gain = 143.637
update_module_reference: Time (s): cpu = 00:00:13 ; elapsed = 00:00:39 . Memory (MB): peak = 2878.934 ; gain = 143.637
reset_run synth_1
launch_runs impl_1 -to_step write_bitstream -jobs 4
CRITICAL WARNING: [BD 41-1348] Reset pin /Pmod_JSTK2_0/reset (associated clock /Pmod_JSTK2_0/clk) is connected to asynchronous reset source /reset.
This may prevent design from meeting timing. Please add Processor System Reset module to create a reset that is synchronous to the associated clock source /clk_wiz_0/clk_out2.
CRITICAL WARNING: [BD 41-1348] Reset pin /debouncer_0/reset (associated clock /debouncer_0/clk) is connected to asynchronous reset source /reset.
This may prevent design from meeting timing. Please add Processor System Reset module to create a reset that is synchronous to the associated clock source /clk_wiz_0/clk_out2.
CRITICAL WARNING: [BD 41-1348] Reset pin /debouncer_1/reset (associated clock /debouncer_1/clk) is connected to asynchronous reset source /reset.
This may prevent design from meeting timing. Please add Processor System Reset module to create a reset that is synchronous to the associated clock source /clk_wiz_0/clk_out2.
CRITICAL WARNING: [BD 41-1348] Reset pin /edge_detector_0/reset (associated clock /edge_detector_0/clk) is connected to asynchronous reset source /reset.
This may prevent design from meeting timing. Please add Processor System Reset module to create a reset that is synchronous to the associated clock source /clk_wiz_0/clk_out2.
CRITICAL WARNING: [BD 41-1348] Reset pin /edge_detector_1/reset (associated clock /edge_detector_1/clk) is connected to asynchronous reset source /reset.
This may prevent design from meeting timing. Please add Processor System Reset module to create a reset that is synchronous to the associated clock source /clk_wiz_0/clk_out2.
INFO: [xilinx.com:ip:clk_wiz:6.0-1] /clk_wiz_0 clk_wiz propagate
Wrote  : <C:\DESD\audio_project\audio_project.srcs\sources_1\bd\audio_bd\audio_bd.bd> 
Wrote  : <C:/DESD/audio_project/audio_project.srcs/sources_1/bd/audio_bd/ui/bd_a2720cb.ui> 
VHDL Output written to : c:/DESD/audio_project/audio_project.gen/sources_1/bd/audio_bd/synth/audio_bd.vhd
VHDL Output written to : c:/DESD/audio_project/audio_project.gen/sources_1/bd/audio_bd/sim/audio_bd.vhd
VHDL Output written to : c:/DESD/audio_project/audio_project.gen/sources_1/bd/audio_bd/hdl/audio_bd_wrapper.vhd
INFO: [BD 41-1029] Generation completed for the IP Integrator block LED_controller_0 .
Exporting to file c:/DESD/audio_project/audio_project.gen/sources_1/bd/audio_bd/hw_handoff/audio_bd.hwh
Generated Block Design Tcl file c:/DESD/audio_project/audio_project.gen/sources_1/bd/audio_bd/hw_handoff/audio_bd_bd.tcl
Generated Hardware Definition File c:/DESD/audio_project/audio_project.gen/sources_1/bd/audio_bd/synth/audio_bd.hwdef
[Thu Sep 16 10:25:55 2021] Launched audio_bd_LED_controller_0_0_synth_1, synth_1...
Run output will be captured here:
audio_bd_LED_controller_0_0_synth_1: C:/DESD/audio_project/audio_project.runs/audio_bd_LED_controller_0_0_synth_1/runme.log
synth_1: C:/DESD/audio_project/audio_project.runs/synth_1/runme.log
[Thu Sep 16 10:25:55 2021] Launched impl_1...
Run output will be captured here: C:/DESD/audio_project/audio_project.runs/impl_1/runme.log
launch_runs: Time (s): cpu = 00:00:04 ; elapsed = 00:00:11 . Memory (MB): peak = 3017.250 ; gain = 138.316
open_hw_manager
connect_hw_server -allow_non_jtag
INFO: [Labtools 27-2285] Connecting to hw_server url TCP:localhost:3121
INFO: [Labtools 27-2222] Launching hw_server...
INFO: [Labtools 27-2221] Launch Output:

****** Xilinx hw_server v2020.2
  **** Build date : Nov 18 2020 at 10:01:48
    ** Copyright 1986-2020 Xilinx, Inc. All Rights Reserved.


INFO: [Labtools 27-3415] Connecting to cs_server url TCP:localhost:3042
INFO: [Labtools 27-3417] Launching cs_server...
INFO: [Labtools 27-2221] Launch Output:


******** Xilinx cs_server v2020.2
  ****** Build date   : Nov 03 2020-22:02:56
    **** Build number : 2020.2.1604437376
      ** Copyright 2017-2020 Xilinx, Inc. All Rights Reserved.



connect_hw_server: Time (s): cpu = 00:00:01 ; elapsed = 00:00:15 . Memory (MB): peak = 3029.418 ; gain = 0.250
open_hw_target
INFO: [Labtoolstcl 44-466] Opening hw_target localhost:3121/xilinx_tcf/Digilent/210183ACACB0A
set_property PROGRAM.FILE {C:/DESD/audio_project/audio_project.runs/impl_1/audio_bd_wrapper.bit} [get_hw_devices xc7a35t_0]
current_hw_device [get_hw_devices xc7a35t_0]
refresh_hw_device -update_hw_probes false [lindex [get_hw_devices xc7a35t_0] 0]
INFO: [Labtools 27-1434] Device xc7a35t (JTAG device index = 0) is programmed with a design that has no supported debug core(s) in it.
set_property PROBES.FILE {} [get_hw_devices xc7a35t_0]
set_property FULL_PROBES.FILE {} [get_hw_devices xc7a35t_0]
set_property PROGRAM.FILE {C:/DESD/audio_project/audio_project.runs/impl_1/audio_bd_wrapper.bit} [get_hw_devices xc7a35t_0]
program_hw_devices [get_hw_devices xc7a35t_0]
INFO: [Labtools 27-3164] End of startup status: HIGH
refresh_hw_device [lindex [get_hw_devices xc7a35t_0] 0]
INFO: [Labtools 27-1434] Device xc7a35t (JTAG device index = 0) is programmed with a design that has no supported debug core(s) in it.
exit
INFO: [Common 17-206] Exiting Vivado at Thu Sep 16 10:35:36 2021...
