#-----------------------------------------------------------
# Vivado v2019.2 (64-bit)
# SW Build 2708876 on Wed Nov  6 21:40:23 MST 2019
# IP Build 2700528 on Thu Nov  7 00:09:20 MST 2019
# Start of session at: Sat Aug 22 17:49:26 2020
# Process ID: 9448
# Current directory: C:/DESD/Projects/VIVADO_03_HardwareDebug_project.xpr/VIVADO_03_HardwareDebug_project
# Command line: vivado.exe -gui_launcher_event rodinguilauncherevent8360 C:\DESD\Projects\VIVADO_03_HardwareDebug_project.xpr\VIVADO_03_HardwareDebug_project\VIVADO_03_HardwareDebug_project.xpr
# Log file: C:/DESD/Projects/VIVADO_03_HardwareDebug_project.xpr/VIVADO_03_HardwareDebug_project/vivado.log
# Journal file: C:/DESD/Projects/VIVADO_03_HardwareDebug_project.xpr/VIVADO_03_HardwareDebug_project\vivado.jou
#-----------------------------------------------------------
start_gui
open_project C:/DESD/Projects/VIVADO_03_HardwareDebug_project.xpr/VIVADO_03_HardwareDebug_project/VIVADO_03_HardwareDebug_project.xpr
INFO: [ProjectBase 1-489] The host OS only allows 260 characters in a normal path. The project is stored in a path with more than 80 characters. If you experience issues with IP, Block Designs, or files not being found, please consider moving the project to a location with a shorter path. Alternately consider using the OS subst command to map part of the path to a drive letter.
Current project path is 'C:/DESD/Projects/VIVADO_03_HardwareDebug_project.xpr/VIVADO_03_HardwareDebug_project'
INFO: [Project 1-313] Project file moved from 'C:/temp/PrjAr/_X_' since last save.
Scanning sources...
Finished scanning sources
INFO: [IP_Flow 19-234] Refreshing IP repositories
INFO: [IP_Flow 19-1704] No user IP repositories specified
INFO: [IP_Flow 19-2313] Loaded Vivado IP repository 'C:/Xilinx/Vivado/2019.2/data/ip'.
open_project: Time (s): cpu = 00:00:15 ; elapsed = 00:00:08 . Memory (MB): peak = 819.078 ; gain = 145.324
update_compile_order -fileset sources_1
open_hw_manager
connect_hw_server -allow_non_jtag
INFO: [Labtools 27-2285] Connecting to hw_server url TCP:localhost:3121
INFO: [Labtools 27-2222] Launching hw_server...
INFO: [Labtools 27-2221] Launch Output:

****** Xilinx hw_server v2019.2
  **** Build date : Nov  6 2019 at 22:12:23
    ** Copyright 1986-2019 Xilinx, Inc. All Rights Reserved.


INFO: [Labtools 27-3415] Connecting to cs_server url TCP:localhost:3042
INFO: [Labtools 27-3417] Launching cs_server...
INFO: [Labtools 27-2221] Launch Output:


****** Xilinx cs_server v2019.2.0
  **** Build date : Nov 07 2019-06:28:22
    ** Copyright 2017-2019 Xilinx, Inc. All Rights Reserved.



connect_hw_server: Time (s): cpu = 00:00:01 ; elapsed = 00:00:15 . Memory (MB): peak = 884.594 ; gain = 0.000
open_hw_target
INFO: [Labtoolstcl 44-466] Opening hw_target localhost:3121/xilinx_tcf/Digilent/210183ACACB0A
set_property PROGRAM.FILE {C:/DESD/Projects/VIVADO_03_HardwareDebug_project.xpr/VIVADO_03_HardwareDebug_project/VIVADO_03_HardwareDebug_project.runs/impl_1/counter.bit} [get_hw_devices xc7a35t_0]
set_property PROBES.FILE {C:/DESD/Projects/VIVADO_03_HardwareDebug_project.xpr/VIVADO_03_HardwareDebug_project/VIVADO_03_HardwareDebug_project.runs/impl_1/counter.ltx} [get_hw_devices xc7a35t_0]
set_property FULL_PROBES.FILE {C:/DESD/Projects/VIVADO_03_HardwareDebug_project.xpr/VIVADO_03_HardwareDebug_project/VIVADO_03_HardwareDebug_project.runs/impl_1/counter.ltx} [get_hw_devices xc7a35t_0]
current_hw_device [get_hw_devices xc7a35t_0]
refresh_hw_device [lindex [get_hw_devices xc7a35t_0] 0]
INFO: [Labtools 27-1434] Device xc7a35t (JTAG device index = 0) is programmed with a design that has no supported debug core(s) in it.
WARNING: [Labtools 27-3361] The debug hub core was not detected.
Resolution: 
1. Make sure the clock connected to the debug hub (dbg_hub) core is a free running clock and is active.
2. Make sure the BSCAN_SWITCH_USER_MASK device property in Vivado Hardware Manager reflects the user scan chain setting in the design and refresh the device.  To determine the user scan chain setting in the design, open the implemented design and use 'get_property C_USER_SCAN_CHAIN [get_debug_cores dbg_hub]'.
For more details on setting the scan chain property, consult the Vivado Debug and Programming User Guide (UG908).
WARNING: [Labtools 27-3413] Dropping logic core with cellname:'u_ila_0' at location 'uuid_23E7D65A79BC59F7BC47406C1714DFAE' from probes file, since it cannot be found on the programmed device.
set_property PROBES.FILE {C:/DESD/Projects/VIVADO_03_HardwareDebug_project.xpr/VIVADO_03_HardwareDebug_project/VIVADO_03_HardwareDebug_project.runs/impl_1/counter.ltx} [get_hw_devices xc7a35t_0]
set_property FULL_PROBES.FILE {C:/DESD/Projects/VIVADO_03_HardwareDebug_project.xpr/VIVADO_03_HardwareDebug_project/VIVADO_03_HardwareDebug_project.runs/impl_1/counter.ltx} [get_hw_devices xc7a35t_0]
set_property PROGRAM.FILE {C:/DESD/Projects/VIVADO_03_HardwareDebug_project.xpr/VIVADO_03_HardwareDebug_project/VIVADO_03_HardwareDebug_project.runs/impl_1/counter.bit} [get_hw_devices xc7a35t_0]
program_hw_devices [get_hw_devices xc7a35t_0]
INFO: [Labtools 27-3164] End of startup status: HIGH
refresh_hw_device [lindex [get_hw_devices xc7a35t_0] 0]
INFO: [Labtools 27-2302] Device xc7a35t (JTAG device index = 0) is programmed with a design that has 1 ILA core(s).
display_hw_ila_data [ get_hw_ila_data hw_ila_data_1 -of_objects [get_hw_ilas -of_objects [get_hw_devices xc7a35t_0] -filter {CELL_NAME=~"u_ila_0"}]]
run_hw_ila [get_hw_ilas -of_objects [get_hw_devices xc7a35t_0] -filter {CELL_NAME=~"u_ila_0"}]
INFO: [Labtools 27-1964] The ILA core 'hw_ila_1' trigger was armed at 2020-Aug-22 17:51:26
wait_on_hw_ila [get_hw_ilas -of_objects [get_hw_devices xc7a35t_0] -filter {CELL_NAME=~"u_ila_0"}]
display_hw_ila_data [upload_hw_ila_data [get_hw_ilas -of_objects [get_hw_devices xc7a35t_0] -filter {CELL_NAME=~"u_ila_0"}]]
INFO: [Labtools 27-1966] The ILA core 'hw_ila_1' triggered at 2020-Aug-22 17:51:26
INFO: [Labtools 27-3304] ILA Waveform data saved to file C:/DESD/Projects/VIVADO_03_HardwareDebug_project.xpr/VIVADO_03_HardwareDebug_project/VIVADO_03_HardwareDebug_project.hw/backup/hw_ila_data_1.ila. Use Tcl command 'read_hw_ila_data' or Vivado File->Import->Import ILA Data menu item to import the previously saved data.
save_wave_config {C:/DESD/Projects/VIVADO_03_HardwareDebug_project.xpr/VIVADO_03_HardwareDebug_project/VIVADO_03_HardwareDebug_project.hw/hw_1/wave/hw_ila_data_1/hw_ila_data_1.wcfg}
exit
INFO: [Common 17-206] Exiting Vivado at Sat Aug 22 17:51:48 2020...
