Copyright 1986-2019 Xilinx, Inc. All Rights Reserved.
----------------------------------------------------------------------------------------------------------------------------------------------------------------
| Tool Version     : Vivado v.2019.2 (win64) Build 2708876 Wed Nov  6 21:40:23 MST 2019
| Date             : Tue Jun 30 19:28:35 2020
| Host             : DESKTOP-0BA32RO running 64-bit major release  (build 9200)
| Command          : report_power -file top_bd_wrapper_power_routed.rpt -pb top_bd_wrapper_power_summary_routed.pb -rpx top_bd_wrapper_power_routed.rpx
| Design           : top_bd_wrapper
| Device           : xc7a35tcpg236-1
| Design State     : routed
| Grade            : commercial
| Process          : typical
| Characterization : Production
----------------------------------------------------------------------------------------------------------------------------------------------------------------

Power Report

Table of Contents
-----------------
1. Summary
1.1 On-Chip Components
1.2 Power Supply Summary
1.3 Confidence Level
2. Settings
2.1 Environment
2.2 Clock Constraints
3. Detailed Reports
3.1 By Hierarchy

1. Summary
----------

+--------------------------+--------------+
| Total On-Chip Power (W)  | 0.180        |
| Design Power Budget (W)  | Unspecified* |
| Power Budget Margin (W)  | NA           |
| Dynamic (W)              | 0.108        |
| Device Static (W)        | 0.072        |
| Effective TJA (C/W)      | 5.0          |
| Max Ambient (C)          | 84.1         |
| Junction Temperature (C) | 25.9         |
| Confidence Level         | Medium       |
| Setting File             | ---          |
| Simulation Activity File | ---          |
| Design Nets Matched      | NA           |
+--------------------------+--------------+
* Specify Design Power Budget using, set_operating_conditions -design_power_budget <value in Watts>


1.1 On-Chip Components
----------------------

+-------------------------+-----------+----------+-----------+-----------------+
| On-Chip                 | Power (W) | Used     | Available | Utilization (%) |
+-------------------------+-----------+----------+-----------+-----------------+
| Clocks                  |     0.006 |        6 |       --- |             --- |
| Slice Logic             |     0.002 |      940 |       --- |             --- |
|   LUT as Logic          |     0.002 |      257 |     20800 |            1.24 |
|   Register              |    <0.001 |      501 |     41600 |            1.20 |
|   CARRY4                |    <0.001 |       42 |      8150 |            0.52 |
|   LUT as Shift Register |    <0.001 |       16 |      9600 |            0.17 |
|   Others                |     0.000 |       60 |       --- |             --- |
| Signals                 |     0.003 |      637 |       --- |             --- |
| Block RAM               |     0.002 |        1 |        50 |            2.00 |
| MMCM                    |     0.095 |        1 |         5 |           20.00 |
| I/O                     |    <0.001 |        4 |       106 |            3.77 |
| Static Power            |     0.072 |          |           |                 |
| Total                   |     0.180 |          |           |                 |
+-------------------------+-----------+----------+-----------+-----------------+


1.2 Power Supply Summary
------------------------

+-----------+-------------+-----------+-------------+------------+
| Source    | Voltage (V) | Total (A) | Dynamic (A) | Static (A) |
+-----------+-------------+-----------+-------------+------------+
| Vccint    |       1.000 |     0.023 |       0.013 |      0.010 |
| Vccaux    |       1.800 |     0.065 |       0.053 |      0.013 |
| Vcco33    |       3.300 |     0.001 |       0.000 |      0.001 |
| Vcco25    |       2.500 |     0.000 |       0.000 |      0.000 |
| Vcco18    |       1.800 |     0.000 |       0.000 |      0.000 |
| Vcco15    |       1.500 |     0.000 |       0.000 |      0.000 |
| Vcco135   |       1.350 |     0.000 |       0.000 |      0.000 |
| Vcco12    |       1.200 |     0.000 |       0.000 |      0.000 |
| Vccaux_io |       1.800 |     0.000 |       0.000 |      0.000 |
| Vccbram   |       1.000 |     0.000 |       0.000 |      0.000 |
| MGTAVcc   |       1.000 |     0.000 |       0.000 |      0.000 |
| MGTAVtt   |       1.200 |     0.000 |       0.000 |      0.000 |
| Vccadc    |       1.800 |     0.020 |       0.000 |      0.020 |
+-----------+-------------+-----------+-------------+------------+


1.3 Confidence Level
--------------------

+-----------------------------+------------+-------------------------------------------------------+------------------------------------------------------------------------------------------------------------+
| User Input Data             | Confidence | Details                                               | Action                                                                                                     |
+-----------------------------+------------+-------------------------------------------------------+------------------------------------------------------------------------------------------------------------+
| Design implementation state | High       | Design is routed                                      |                                                                                                            |
| Clock nodes activity        | High       | User specified more than 95% of clocks                |                                                                                                            |
| I/O nodes activity          | Medium     | More than 5% of inputs are missing user specification | Provide missing input activity with simulation results or by editing the "By Resource Type -> I/Os" view   |
| Internal nodes activity     | Medium     | User specified less than 25% of internal nodes        | Provide missing internal nodes activity with simulation results or by editing the "By Resource Type" views |
| Device models               | High       | Device models are Production                          |                                                                                                            |
|                             |            |                                                       |                                                                                                            |
| Overall confidence level    | Medium     |                                                       |                                                                                                            |
+-----------------------------+------------+-------------------------------------------------------+------------------------------------------------------------------------------------------------------------+


2. Settings
-----------

2.1 Environment
---------------

+-----------------------+--------------------------+
| Ambient Temp (C)      | 25.0                     |
| ThetaJA (C/W)         | 5.0                      |
| Airflow (LFM)         | 250                      |
| Heat Sink             | medium (Medium Profile)  |
| ThetaSA (C/W)         | 4.6                      |
| Board Selection       | medium (10"x10")         |
| # of Board Layers     | 12to15 (12 to 15 Layers) |
| Board Temperature (C) | 25.0                     |
+-----------------------+--------------------------+


2.2 Clock Constraints
---------------------

+-----------------------------+-----------------------------------------------------+-----------------+
| Clock                       | Domain                                              | Constraint (ns) |
+-----------------------------+-----------------------------------------------------+-----------------+
| clk_out1_top_bd_clk_wiz_0_0 | top_bd_i/clk_wiz_0/inst/clk_out1_top_bd_clk_wiz_0_0 |            10.4 |
| clk_out2_top_bd_clk_wiz_0_0 | top_bd_i/clk_wiz_0/inst/clk_out2_top_bd_clk_wiz_0_0 |             5.0 |
| clkfbout_top_bd_clk_wiz_0_0 | top_bd_i/clk_wiz_0/inst/clkfbout_top_bd_clk_wiz_0_0 |            10.0 |
| sys_clock                   | sys_clock                                           |            10.0 |
+-----------------------------+-----------------------------------------------------+-----------------+


3. Detailed Reports
-------------------

3.1 By Hierarchy
----------------

+-----------------------+-----------+
| Name                  | Power (W) |
+-----------------------+-----------+
| top_bd_wrapper        |     0.108 |
|   top_bd_i            |     0.108 |
|     AXI4Stream_UART_0 |     0.010 |
|       U0              |     0.010 |
|     clk_wiz_0         |     0.096 |
|       inst            |     0.096 |
|     depacketizer_0    |     0.001 |
|       U0              |     0.001 |
+-----------------------+-----------+


