#-----------------------------------------------------------
# Vivado v2019.2 (64-bit)
# SW Build 2708876 on Wed Nov  6 21:40:23 MST 2019
# IP Build 2700528 on Thu Nov  7 00:09:20 MST 2019
# Start of session at: Mon Aug 24 19:46:52 2020
# Process ID: 8700
# Current directory: C:/DESD/Projects/AXIS_02_Adder_project.xpr/AXIS_02_Adder_project
# Command line: vivado.exe -gui_launcher_event rodinguilauncherevent13668 C:\DESD\Projects\AXIS_02_Adder_project.xpr\AXIS_02_Adder_project\AXIS_02_Adder_project.xpr
# Log file: C:/DESD/Projects/AXIS_02_Adder_project.xpr/AXIS_02_Adder_project/vivado.log
# Journal file: C:/DESD/Projects/AXIS_02_Adder_project.xpr/AXIS_02_Adder_project\vivado.jou
#-----------------------------------------------------------
start_gui
open_project C:/DESD/Projects/AXIS_02_Adder_project.xpr/AXIS_02_Adder_project/AXIS_02_Adder_project.xpr
Scanning sources...
Finished scanning sources
INFO: [IP_Flow 19-234] Refreshing IP repositories
INFO: [IP_Flow 19-1704] No user IP repositories specified
INFO: [IP_Flow 19-2313] Loaded Vivado IP repository 'C:/Xilinx/Vivado/2019.2/data/ip'.
open_project: Time (s): cpu = 00:00:21 ; elapsed = 00:00:13 . Memory (MB): peak = 759.617 ; gain = 126.598
update_compile_order -fileset sources_1
launch_simulation
Command: launch_simulation 
INFO: [Vivado 12-5682] Launching behavioral simulation in 'C:/DESD/Projects/AXIS_02_Adder_project.xpr/AXIS_02_Adder_project/AXIS_02_Adder_project.sim/sim_1/behav/xsim'
INFO: [SIM-utils-51] Simulation object is 'sim_1'
INFO: [SIM-utils-54] Inspecting design source files for 'top_sim' in fileset 'sim_1'...
INFO: [USF-XSim-97] Finding global include files...
INFO: [USF-XSim-98] Fetching design files from 'sim_1'...
INFO: [USF-XSim-2] XSim::Compile design
INFO: [USF-XSim-61] Executing 'COMPILE and ANALYZE' step in 'C:/DESD/Projects/AXIS_02_Adder_project.xpr/AXIS_02_Adder_project/AXIS_02_Adder_project.sim/sim_1/behav/xsim'
"xvhdl --incr --relax -prj top_sim_vhdl.prj"
INFO: [USF-XSim-69] 'compile' step finished in '3' seconds
INFO: [USF-XSim-3] XSim::Elaborate design
INFO: [USF-XSim-61] Executing 'ELABORATE' step in 'C:/DESD/Projects/AXIS_02_Adder_project.xpr/AXIS_02_Adder_project/AXIS_02_Adder_project.sim/sim_1/behav/xsim'
"xelab -wto babff0a215194b46b38cedb2ce91e8cc --incr --debug typical --relax --mt 2 -L xil_defaultlib -L secureip --snapshot top_sim_behav xil_defaultlib.top_sim -log elaborate.log"
Vivado Simulator 2019.2
Copyright 1986-1999, 2001-2019 Xilinx, Inc. All Rights Reserved.
Running: C:/Xilinx/Vivado/2019.2/bin/unwrapped/win64.o/xelab.exe -wto babff0a215194b46b38cedb2ce91e8cc --incr --debug typical --relax --mt 2 -L xil_defaultlib -L secureip --snapshot top_sim_behav xil_defaultlib.top_sim -log elaborate.log 
Using 2 slave threads.
Starting static elaboration
Completed static elaboration
INFO: [XSIM 43-4323] No Change in HDL. Linking previously generated obj files to create kernel
run_program: Time (s): cpu = 00:00:00 ; elapsed = 00:00:05 . Memory (MB): peak = 797.379 ; gain = 0.000
INFO: [USF-XSim-69] 'elaborate' step finished in '5' seconds
INFO: [USF-XSim-4] XSim::Simulate design
INFO: [USF-XSim-61] Executing 'SIMULATE' step in 'C:/DESD/Projects/AXIS_02_Adder_project.xpr/AXIS_02_Adder_project/AXIS_02_Adder_project.sim/sim_1/behav/xsim'
INFO: [USF-XSim-98] *** Running xsim
   with args "top_sim_behav -key {Behavioral:sim_1:Functional:top_sim} -tclbatch {top_sim.tcl} -log {simulate.log}"
INFO: [USF-XSim-8] Loading simulator feature
Vivado Simulator 2019.2
Time resolution is 1 ps
source top_sim.tcl
# set curr_wave [current_wave_config]
# if { [string length $curr_wave] == 0 } {
#   if { [llength [get_objects]] > 0} {
#     add_wave /
#     set_property needs_save false [current_wave_config]
#   } else {
#      send_msg_id Add_Wave-1 WARNING "No top level signals found. Simulator will start without a wave window. If you want to open a wave window go to 'File->New Waveform Configuration' or type 'create_wave_config' in the TCL console."
#   }
# }
# run 1000ns
xsim: Time (s): cpu = 00:00:12 ; elapsed = 00:00:05 . Memory (MB): peak = 841.891 ; gain = 31.578
INFO: [USF-XSim-96] XSim completed. Design snapshot 'top_sim_behav' loaded.
INFO: [USF-XSim-97] XSim simulation ran for 1000ns
launch_simulation: Time (s): cpu = 00:00:15 ; elapsed = 00:00:15 . Memory (MB): peak = 841.891 ; gain = 44.512
close_sim
INFO: [Simtcl 6-16] Simulation closed
close_sim: Time (s): cpu = 00:00:06 ; elapsed = 00:00:12 . Memory (MB): peak = 845.461 ; gain = 0.000
exit
INFO: [Common 17-206] Exiting Vivado at Mon Aug 24 19:54:37 2020...
