#-----------------------------------------------------------
# Vivado v2019.2 (64-bit)
# SW Build 2708876 on Wed Nov  6 21:40:23 MST 2019
# IP Build 2700528 on Thu Nov  7 00:09:20 MST 2019
# Start of session at: Sun Aug 23 16:26:14 2020
# Process ID: 1844
# Current directory: C:/DESD/Projects/MEMORY_01_RAM_project.xpr/MEMORY_01_RAM_project
# Command line: vivado.exe -gui_launcher_event rodinguilauncherevent9728 C:\DESD\Projects\MEMORY_01_RAM_project.xpr\MEMORY_01_RAM_project\MEMORY_01_RAM_project.xpr
# Log file: C:/DESD/Projects/MEMORY_01_RAM_project.xpr/MEMORY_01_RAM_project/vivado.log
# Journal file: C:/DESD/Projects/MEMORY_01_RAM_project.xpr/MEMORY_01_RAM_project\vivado.jou
#-----------------------------------------------------------
start_gui
open_project C:/DESD/Projects/MEMORY_01_RAM_project.xpr/MEMORY_01_RAM_project/MEMORY_01_RAM_project.xpr
INFO: [Project 1-313] Project file moved from 'C:/Users/nicol/Desktop/POLIMI/Didattica/RAM-FIFO/ram/.Xil/Vivado-12864-NicolaPC/PrjAr/_X_' since last save.
Scanning sources...
Finished scanning sources
INFO: [IP_Flow 19-234] Refreshing IP repositories
INFO: [IP_Flow 19-1704] No user IP repositories specified
INFO: [IP_Flow 19-2313] Loaded Vivado IP repository 'C:/Xilinx/Vivado/2019.2/data/ip'.
open_project: Time (s): cpu = 00:00:24 ; elapsed = 00:00:14 . Memory (MB): peak = 774.371 ; gain = 146.070
update_compile_order -fileset sources_1
launch_simulation
Command: launch_simulation 
INFO: [Vivado 12-5682] Launching behavioral simulation in 'C:/DESD/Projects/MEMORY_01_RAM_project.xpr/MEMORY_01_RAM_project/MEMORY_01_RAM_project.sim/sim_1/behav/xsim'
INFO: [SIM-utils-51] Simulation object is 'sim_1'
INFO: [SIM-utils-54] Inspecting design source files for 'tb_RAM' in fileset 'sim_1'...
INFO: [USF-XSim-97] Finding global include files...
INFO: [USF-XSim-98] Fetching design files from 'sim_1'...
INFO: [USF-XSim-2] XSim::Compile design
INFO: [USF-XSim-61] Executing 'COMPILE and ANALYZE' step in 'C:/DESD/Projects/MEMORY_01_RAM_project.xpr/MEMORY_01_RAM_project/MEMORY_01_RAM_project.sim/sim_1/behav/xsim'
"xvhdl --incr --relax -prj tb_RAM_vhdl.prj"
INFO: [VRFC 10-163] Analyzing VHDL file "C:/DESD/Projects/MEMORY_01_RAM_project.xpr/MEMORY_01_RAM_project/MEMORY_01_RAM_project.srcs/sources_1/imports/ram/ram.vhd" into library xil_defaultlib
INFO: [VRFC 10-3107] analyzing entity 'RAM'
INFO: [VRFC 10-163] Analyzing VHDL file "C:/DESD/Projects/MEMORY_01_RAM_project.xpr/MEMORY_01_RAM_project/MEMORY_01_RAM_project.srcs/sim_1/imports/ram/tb_ram.vhd" into library xil_defaultlib
INFO: [VRFC 10-3107] analyzing entity 'tb_RAM'
INFO: [USF-XSim-69] 'compile' step finished in '3' seconds
INFO: [USF-XSim-3] XSim::Elaborate design
INFO: [USF-XSim-61] Executing 'ELABORATE' step in 'C:/DESD/Projects/MEMORY_01_RAM_project.xpr/MEMORY_01_RAM_project/MEMORY_01_RAM_project.sim/sim_1/behav/xsim'
"xelab -wto 5610ce15c42143e09f12ddd1f63ab83d --incr --debug typical --relax --mt 2 -L xil_defaultlib -L secureip --snapshot tb_RAM_behav xil_defaultlib.tb_RAM -log elaborate.log"
Vivado Simulator 2019.2
Copyright 1986-1999, 2001-2019 Xilinx, Inc. All Rights Reserved.
Running: C:/Xilinx/Vivado/2019.2/bin/unwrapped/win64.o/xelab.exe -wto 5610ce15c42143e09f12ddd1f63ab83d --incr --debug typical --relax --mt 2 -L xil_defaultlib -L secureip --snapshot tb_RAM_behav xil_defaultlib.tb_RAM -log elaborate.log 
Using 2 slave threads.
Starting static elaboration
Completed static elaboration
Starting simulation data flow analysis
Completed simulation data flow analysis
Time Resolution for simulation is 1ps
Compiling package std.standard
Compiling package std.textio
Compiling package ieee.std_logic_1164
Compiling package ieee.numeric_std
Compiling architecture behavioral of entity xil_defaultlib.RAM [\RAM(ram_bit_addr=2,ram_bit_data...]
Compiling architecture behavioral of entity xil_defaultlib.tb_ram
Built simulation snapshot tb_RAM_behav

****** Webtalk v2019.2 (64-bit)
  **** SW Build 2708876 on Wed Nov  6 21:40:23 MST 2019
  **** IP Build 2700528 on Thu Nov  7 00:09:20 MST 2019
    ** Copyright 1986-2019 Xilinx, Inc. All Rights Reserved.

source C:/DESD/Projects/MEMORY_01_RAM_project.xpr/MEMORY_01_RAM_project/MEMORY_01_RAM_project.sim/sim_1/behav/xsim/xsim.dir/tb_RAM_behav/webtalk/xsim_webtalk.tcl -notrace
INFO: [Common 17-186] 'C:/DESD/Projects/MEMORY_01_RAM_project.xpr/MEMORY_01_RAM_project/MEMORY_01_RAM_project.sim/sim_1/behav/xsim/xsim.dir/tb_RAM_behav/webtalk/usage_statistics_ext_xsim.xml' has been successfully sent to Xilinx on Sun Aug 23 16:35:31 2020. For additional details about this file, please refer to the WebTalk help file at C:/Xilinx/Vivado/2019.2/doc/webtalk_introduction.html.
webtalk_transmit: Time (s): cpu = 00:00:00 ; elapsed = 00:00:06 . Memory (MB): peak = 92.363 ; gain = 0.000
INFO: [Common 17-206] Exiting Webtalk at Sun Aug 23 16:35:31 2020...
run_program: Time (s): cpu = 00:00:01 ; elapsed = 00:00:18 . Memory (MB): peak = 831.250 ; gain = 0.000
INFO: [USF-XSim-69] 'elaborate' step finished in '18' seconds
INFO: [USF-XSim-4] XSim::Simulate design
INFO: [USF-XSim-61] Executing 'SIMULATE' step in 'C:/DESD/Projects/MEMORY_01_RAM_project.xpr/MEMORY_01_RAM_project/MEMORY_01_RAM_project.sim/sim_1/behav/xsim'
INFO: [USF-XSim-98] *** Running xsim
   with args "tb_RAM_behav -key {Behavioral:sim_1:Functional:tb_RAM} -tclbatch {tb_RAM.tcl} -view {C:/DESD/Projects/MEMORY_01_RAM_project.xpr/MEMORY_01_RAM_project/MEMORY_01_RAM_project.srcs/sim_1/imports/ram/tb_RAM_behav.wcfg} -log {simulate.log}"
INFO: [USF-XSim-8] Loading simulator feature
Vivado Simulator 2019.2
Time resolution is 1 ps
open_wave_config C:/DESD/Projects/MEMORY_01_RAM_project.xpr/MEMORY_01_RAM_project/MEMORY_01_RAM_project.srcs/sim_1/imports/ram/tb_RAM_behav.wcfg
source tb_RAM.tcl
# set curr_wave [current_wave_config]
# if { [string length $curr_wave] == 0 } {
#   if { [llength [get_objects]] > 0} {
#     add_wave /
#     set_property needs_save false [current_wave_config]
#   } else {
#      send_msg_id Add_Wave-1 WARNING "No top level signals found. Simulator will start without a wave window. If you want to open a wave window go to 'File->New Waveform Configuration' or type 'create_wave_config' in the TCL console."
#   }
# }
# run 1000ns
xsim: Time (s): cpu = 00:00:12 ; elapsed = 00:00:06 . Memory (MB): peak = 858.313 ; gain = 9.348
INFO: [USF-XSim-96] XSim completed. Design snapshot 'tb_RAM_behav' loaded.
INFO: [USF-XSim-97] XSim simulation ran for 1000ns
launch_simulation: Time (s): cpu = 00:00:15 ; elapsed = 00:00:29 . Memory (MB): peak = 858.313 ; gain = 27.063
close_sim
INFO: [Simtcl 6-16] Simulation closed
close_sim: Time (s): cpu = 00:00:03 ; elapsed = 00:00:11 . Memory (MB): peak = 863.328 ; gain = 0.000
exit
INFO: [Common 17-206] Exiting Vivado at Sun Aug 23 16:38:43 2020...
