#-----------------------------------------------------------
# Vivado v2020.2 (64-bit)
# SW Build 3064766 on Wed Nov 18 09:12:45 MST 2020
# IP Build 3064653 on Wed Nov 18 14:17:31 MST 2020
# Start of session at: Sat Sep 11 12:33:43 2021
# Process ID: 11856
# Current directory: C:/DESD/Projects/MEMORY_01_RAM_project.xpr/MEMORY_01_RAM_project
# Command line: vivado.exe -gui_launcher_event rodinguilauncherevent8948 C:\DESD\Projects\MEMORY_01_RAM_project.xpr\MEMORY_01_RAM_project\MEMORY_01_RAM_project.xpr
# Log file: C:/DESD/Projects/MEMORY_01_RAM_project.xpr/MEMORY_01_RAM_project/vivado.log
# Journal file: C:/DESD/Projects/MEMORY_01_RAM_project.xpr/MEMORY_01_RAM_project\vivado.jou
#-----------------------------------------------------------
start_gui
open_project C:/DESD/Projects/MEMORY_01_RAM_project.xpr/MEMORY_01_RAM_project/MEMORY_01_RAM_project.xpr
Scanning sources...
Finished scanning sources
INFO: [IP_Flow 19-234] Refreshing IP repositories
INFO: [IP_Flow 19-1704] No user IP repositories specified
INFO: [IP_Flow 19-2313] Loaded Vivado IP repository 'C:/Xilinx2/Vivado/2020.2/data/ip'.
open_project: Time (s): cpu = 00:00:17 ; elapsed = 00:00:07 . Memory (MB): peak = 1126.562 ; gain = 0.000
update_compile_order -fileset sources_1
launch_simulation
Command: launch_simulation 
INFO: [Vivado 12-5682] Launching behavioral simulation in 'C:/DESD/Projects/MEMORY_01_RAM_project.xpr/MEMORY_01_RAM_project/MEMORY_01_RAM_project.sim/sim_1/behav/xsim'
INFO: [SIM-utils-51] Simulation object is 'sim_1'
INFO: [SIM-utils-54] Inspecting design source files for 'tb_RAM' in fileset 'sim_1'...
INFO: [USF-XSim-97] Finding global include files...
INFO: [USF-XSim-98] Fetching design files from 'sim_1'...
INFO: [USF-XSim-2] XSim::Compile design
INFO: [USF-XSim-61] Executing 'COMPILE and ANALYZE' step in 'C:/DESD/Projects/MEMORY_01_RAM_project.xpr/MEMORY_01_RAM_project/MEMORY_01_RAM_project.sim/sim_1/behav/xsim'
"xvhdl --incr --relax -prj tb_RAM_vhdl.prj"
INFO: [USF-XSim-69] 'compile' step finished in '1' seconds
INFO: [USF-XSim-3] XSim::Elaborate design
INFO: [USF-XSim-61] Executing 'ELABORATE' step in 'C:/DESD/Projects/MEMORY_01_RAM_project.xpr/MEMORY_01_RAM_project/MEMORY_01_RAM_project.sim/sim_1/behav/xsim'
"xelab -wto 5610ce15c42143e09f12ddd1f63ab83d --incr --debug typical --relax --mt 2 -L xil_defaultlib -L secureip --snapshot tb_RAM_behav xil_defaultlib.tb_RAM -log elaborate.log"
Vivado Simulator 2020.2
Copyright 1986-1999, 2001-2020 Xilinx, Inc. All Rights Reserved.
Running: C:/Xilinx2/Vivado/2020.2/bin/unwrapped/win64.o/xelab.exe -wto 5610ce15c42143e09f12ddd1f63ab83d --incr --debug typical --relax --mt 2 -L xil_defaultlib -L secureip --snapshot tb_RAM_behav xil_defaultlib.tb_RAM -log elaborate.log 
Using 2 slave threads.
Starting static elaboration
Completed static elaboration
INFO: [XSIM 43-4323] No Change in HDL. Linking previously generated obj files to create kernel
INFO: [USF-XSim-69] 'elaborate' step finished in '2' seconds
INFO: [USF-XSim-4] XSim::Simulate design
INFO: [USF-XSim-61] Executing 'SIMULATE' step in 'C:/DESD/Projects/MEMORY_01_RAM_project.xpr/MEMORY_01_RAM_project/MEMORY_01_RAM_project.sim/sim_1/behav/xsim'
INFO: [USF-XSim-98] *** Running xsim
   with args "tb_RAM_behav -key {Behavioral:sim_1:Functional:tb_RAM} -tclbatch {tb_RAM.tcl} -view {C:/DESD/Projects/MEMORY_01_RAM_project.xpr/MEMORY_01_RAM_project/MEMORY_01_RAM_project.srcs/sim_1/imports/ram/tb_RAM_behav.wcfg} -log {simulate.log}"
INFO: [USF-XSim-8] Loading simulator feature
Vivado Simulator 2020.2
Time resolution is 1 ps
open_wave_config C:/DESD/Projects/MEMORY_01_RAM_project.xpr/MEMORY_01_RAM_project/MEMORY_01_RAM_project.srcs/sim_1/imports/ram/tb_RAM_behav.wcfg
source tb_RAM.tcl
# set curr_wave [current_wave_config]
# if { [string length $curr_wave] == 0 } {
#   if { [llength [get_objects]] > 0} {
#     add_wave /
#     set_property needs_save false [current_wave_config]
#   } else {
#      send_msg_id Add_Wave-1 WARNING "No top level signals found. Simulator will start without a wave window. If you want to open a wave window go to 'File->New Waveform Configuration' or type 'create_wave_config' in the TCL console."
#   }
# }
# run 1000ns
INFO: [USF-XSim-96] XSim completed. Design snapshot 'tb_RAM_behav' loaded.
INFO: [USF-XSim-97] XSim simulation ran for 1000ns
launch_simulation: Time (s): cpu = 00:00:13 ; elapsed = 00:00:08 . Memory (MB): peak = 1170.359 ; gain = 43.797
close_sim
INFO: [Simtcl 6-16] Simulation closed
exit
INFO: [Common 17-206] Exiting Vivado at Sat Sep 11 12:35:43 2021...
