
*** Running vivado
    with args -log moving_average.vdi -applog -m64 -product Vivado -messageDb vivado.pb -mode batch -source moving_average.tcl -notrace


****** Vivado v2019.2_AR72614 (64-bit)
  **** SW Build 2708876 on Wed Nov  6 21:39:14 MST 2019
  **** IP Build 2700528 on Thu Nov  7 00:09:20 MST 2019
    ** Copyright 1986-2019 Xilinx, Inc. All Rights Reserved.

source moving_average.tcl -notrace
Command: link_design -top moving_average -part xc7a35tcpg236-1
Design is defaulting to srcset: sources_1
Design is defaulting to constrset: constrs_1
INFO: [Device 21-403] Loading part xc7a35tcpg236-1
Netlist sorting complete. Time (s): cpu = 00:00:00 ; elapsed = 00:00:00 . Memory (MB): peak = 1749.543 ; gain = 0.000 ; free physical = 607 ; free virtual = 17016
INFO: [Netlist 29-17] Analyzing 27 Unisim elements for replacement
INFO: [Netlist 29-28] Unisim Transformation completed in 0 CPU seconds
INFO: [Project 1-479] Netlist was created with Vivado 2019.2_AR72614
INFO: [Project 1-570] Preparing netlist for logic optimization
Parsing XDC File [/home/nicola/Documents/vivado/DESD/moving_average/moving_average.srcs/constrs_1/new/main.xdc]
Finished Parsing XDC File [/home/nicola/Documents/vivado/DESD/moving_average/moving_average.srcs/constrs_1/new/main.xdc]
INFO: [Opt 31-138] Pushed 0 inverter(s) to 0 load pin(s).
Netlist sorting complete. Time (s): cpu = 00:00:00 ; elapsed = 00:00:00 . Memory (MB): peak = 1842.883 ; gain = 0.000 ; free physical = 510 ; free virtual = 16921
INFO: [Project 1-111] Unisim Transformation Summary:
No Unisim elements were transformed.

7 Infos, 0 Warnings, 0 Critical Warnings and 0 Errors encountered.
link_design completed successfully
link_design: Time (s): cpu = 00:00:05 ; elapsed = 00:00:17 . Memory (MB): peak = 1848.820 ; gain = 347.445 ; free physical = 510 ; free virtual = 16920
Command: opt_design
Attempting to get a license for feature 'Implementation' and/or device 'xc7a35t'
INFO: [Common 17-349] Got license for feature 'Implementation' and/or device 'xc7a35t'
Running DRC as a precondition to command opt_design

Starting DRC Task
INFO: [DRC 23-27] Running DRC with 8 threads
INFO: [Project 1-461] DRC finished with 0 Errors
INFO: [Project 1-462] Please refer to the DRC report (report_drc) for more information.

Time (s): cpu = 00:00:02 ; elapsed = 00:00:02 . Memory (MB): peak = 1945.570 ; gain = 96.750 ; free physical = 504 ; free virtual = 16915

Starting Cache Timing Information Task
INFO: [Timing 38-35] Done setting XDC timing constraints.
Ending Cache Timing Information Task | Checksum: a87c639d

Time (s): cpu = 00:00:08 ; elapsed = 00:00:10 . Memory (MB): peak = 2381.391 ; gain = 435.820 ; free physical = 167 ; free virtual = 16560

Starting Logic Optimization Task

Phase 1 Retarget
INFO: [Opt 31-138] Pushed 0 inverter(s) to 0 load pin(s).
INFO: [Opt 31-49] Retargeted 0 cell(s).
Phase 1 Retarget | Checksum: a87c639d

Time (s): cpu = 00:00:00.04 ; elapsed = 00:00:00.03 . Memory (MB): peak = 2537.328 ; gain = 0.000 ; free physical = 185 ; free virtual = 16400
INFO: [Opt 31-389] Phase Retarget created 0 cells and removed 0 cells

Phase 2 Constant propagation
INFO: [Opt 31-138] Pushed 0 inverter(s) to 0 load pin(s).
Phase 2 Constant propagation | Checksum: a87c639d

Time (s): cpu = 00:00:00.04 ; elapsed = 00:00:00.03 . Memory (MB): peak = 2537.328 ; gain = 0.000 ; free physical = 185 ; free virtual = 16400
INFO: [Opt 31-389] Phase Constant propagation created 0 cells and removed 0 cells

Phase 3 Sweep
Phase 3 Sweep | Checksum: 13a7ae853

Time (s): cpu = 00:00:00.05 ; elapsed = 00:00:00.04 . Memory (MB): peak = 2537.328 ; gain = 0.000 ; free physical = 185 ; free virtual = 16400
INFO: [Opt 31-389] Phase Sweep created 0 cells and removed 0 cells

Phase 4 BUFG optimization
INFO: [Opt 31-1112] Starts optimizing BUFG(s) with a common MMCM/DPLL/XPLL driver.
INFO: [Opt 31-1112] Starts optimizing BUFG(s) with a common driver.
INFO: [Opt 31-1092] Phase BUFG optimization transformed 0 BUFG(s) to MBUFG(s).
Phase 4 BUFG optimization | Checksum: 13a7ae853

Time (s): cpu = 00:00:00.06 ; elapsed = 00:00:00.05 . Memory (MB): peak = 2537.328 ; gain = 0.000 ; free physical = 185 ; free virtual = 16400
INFO: [Opt 31-662] Phase BUFG optimization created 0 cells of which 0 are BUFGs and removed 0 cells.

Phase 5 Shift Register Optimization
INFO: [Opt 31-1064] SRL Remap converted 0 SRLs to 0 registers and converted 0 registers of register chains to 0 SRLs
Phase 5 Shift Register Optimization | Checksum: 13a7ae853

Time (s): cpu = 00:00:00.06 ; elapsed = 00:00:00.06 . Memory (MB): peak = 2537.328 ; gain = 0.000 ; free physical = 185 ; free virtual = 16400
INFO: [Opt 31-389] Phase Shift Register Optimization created 0 cells and removed 0 cells

Phase 6 Post Processing Netlist
Phase 6 Post Processing Netlist | Checksum: 13a7ae853

Time (s): cpu = 00:00:00.07 ; elapsed = 00:00:00.06 . Memory (MB): peak = 2537.328 ; gain = 0.000 ; free physical = 185 ; free virtual = 16400
INFO: [Opt 31-389] Phase Post Processing Netlist created 0 cells and removed 0 cells
Opt_design Change Summary
=========================


-------------------------------------------------------------------------------------------------------------------------
|  Phase                        |  #Cells created  |  #Cells Removed  |  #Constrained objects preventing optimizations  |
-------------------------------------------------------------------------------------------------------------------------
|  Retarget                     |               0  |               0  |                                              0  |
|  Constant propagation         |               0  |               0  |                                              0  |
|  Sweep                        |               0  |               0  |                                              0  |
|  BUFG optimization            |               0  |               0  |                                              0  |
|  Shift Register Optimization  |               0  |               0  |                                              0  |
|  Post Processing Netlist      |               0  |               0  |                                              0  |
-------------------------------------------------------------------------------------------------------------------------



Starting Connectivity Check Task

Time (s): cpu = 00:00:00 ; elapsed = 00:00:00 . Memory (MB): peak = 2537.328 ; gain = 0.000 ; free physical = 185 ; free virtual = 16400
Ending Logic Optimization Task | Checksum: 1df3ec1eb

Time (s): cpu = 00:00:00.08 ; elapsed = 00:00:00.08 . Memory (MB): peak = 2537.328 ; gain = 0.000 ; free physical = 185 ; free virtual = 16400

Starting Power Optimization Task
INFO: [Pwropt 34-132] Skipping clock gating for clocks with a period < 2.00 ns.
Ending Power Optimization Task | Checksum: 1df3ec1eb

Time (s): cpu = 00:00:00.02 ; elapsed = 00:00:00.02 . Memory (MB): peak = 2537.328 ; gain = 0.000 ; free physical = 185 ; free virtual = 16399

Starting Final Cleanup Task
Ending Final Cleanup Task | Checksum: 1df3ec1eb

Time (s): cpu = 00:00:00 ; elapsed = 00:00:00 . Memory (MB): peak = 2537.328 ; gain = 0.000 ; free physical = 185 ; free virtual = 16399

Starting Netlist Obfuscation Task
Netlist sorting complete. Time (s): cpu = 00:00:00 ; elapsed = 00:00:00 . Memory (MB): peak = 2537.328 ; gain = 0.000 ; free physical = 185 ; free virtual = 16399
Ending Netlist Obfuscation Task | Checksum: 1df3ec1eb

Time (s): cpu = 00:00:00 ; elapsed = 00:00:00 . Memory (MB): peak = 2537.328 ; gain = 0.000 ; free physical = 185 ; free virtual = 16399
INFO: [Common 17-83] Releasing license: Implementation
27 Infos, 0 Warnings, 0 Critical Warnings and 0 Errors encountered.
opt_design completed successfully
opt_design: Time (s): cpu = 00:00:11 ; elapsed = 00:00:14 . Memory (MB): peak = 2537.328 ; gain = 688.508 ; free physical = 185 ; free virtual = 16399
Netlist sorting complete. Time (s): cpu = 00:00:00 ; elapsed = 00:00:00 . Memory (MB): peak = 2537.328 ; gain = 0.000 ; free physical = 185 ; free virtual = 16399
INFO: [Timing 38-480] Writing timing data to binary archive.
INFO: [Common 17-1381] The checkpoint '/home/nicola/Documents/vivado/DESD/moving_average/moving_average.runs/impl_1/moving_average_opt.dcp' has been generated.
INFO: [runtcl-4] Executing : report_drc -file moving_average_drc_opted.rpt -pb moving_average_drc_opted.pb -rpx moving_average_drc_opted.rpx
Command: report_drc -file moving_average_drc_opted.rpt -pb moving_average_drc_opted.pb -rpx moving_average_drc_opted.rpx
INFO: [IP_Flow 19-234] Refreshing IP repositories
INFO: [IP_Flow 19-1704] No user IP repositories specified
INFO: [IP_Flow 19-2313] Loaded Vivado IP repository '/opt/Xilinx/Vivado/2019.2/data/ip'.
INFO: [DRC 23-27] Running DRC with 8 threads
INFO: [Coretcl 2-168] The results of DRC are in file /home/nicola/Documents/vivado/DESD/moving_average/moving_average.runs/impl_1/moving_average_drc_opted.rpt.
report_drc completed successfully
Command: place_design
Attempting to get a license for feature 'Implementation' and/or device 'xc7a35t'
INFO: [Common 17-349] Got license for feature 'Implementation' and/or device 'xc7a35t'
INFO: [DRC 23-27] Running DRC with 8 threads
INFO: [Vivado_Tcl 4-198] DRC finished with 0 Errors
INFO: [Vivado_Tcl 4-199] Please refer to the DRC report (report_drc) for more information.
Running DRC as a precondition to command place_design
INFO: [DRC 23-27] Running DRC with 8 threads
INFO: [Vivado_Tcl 4-198] DRC finished with 0 Errors
INFO: [Vivado_Tcl 4-199] Please refer to the DRC report (report_drc) for more information.

Starting Placer Task
INFO: [Place 30-611] Multithreading enabled for place_design using a maximum of 8 CPUs

Phase 1 Placer Initialization

Phase 1.1 Placer Initialization Netlist Sorting
Netlist sorting complete. Time (s): cpu = 00:00:00 ; elapsed = 00:00:00 . Memory (MB): peak = 2623.172 ; gain = 0.000 ; free physical = 198 ; free virtual = 16374
Phase 1.1 Placer Initialization Netlist Sorting | Checksum: f907cfdc

Time (s): cpu = 00:00:00.01 ; elapsed = 00:00:00.04 . Memory (MB): peak = 2623.172 ; gain = 0.000 ; free physical = 198 ; free virtual = 16374
Netlist sorting complete. Time (s): cpu = 00:00:00 ; elapsed = 00:00:00 . Memory (MB): peak = 2623.172 ; gain = 0.000 ; free physical = 198 ; free virtual = 16374

Phase 1.2 IO Placement/ Clock Placement/ Build Placer Device
INFO: [Timing 38-35] Done setting XDC timing constraints.
Phase 1.2 IO Placement/ Clock Placement/ Build Placer Device | Checksum: 1edc7c7e1

Time (s): cpu = 00:00:00.99 ; elapsed = 00:00:00.49 . Memory (MB): peak = 2647.184 ; gain = 24.012 ; free physical = 176 ; free virtual = 16354

Phase 1.3 Build Placer Netlist Model
Phase 1.3 Build Placer Netlist Model | Checksum: 21e602c3f

Time (s): cpu = 00:00:01 ; elapsed = 00:00:00.63 . Memory (MB): peak = 2686.227 ; gain = 63.055 ; free physical = 193 ; free virtual = 16370

Phase 1.4 Constrain Clocks/Macros
Phase 1.4 Constrain Clocks/Macros | Checksum: 21e602c3f

Time (s): cpu = 00:00:01 ; elapsed = 00:00:00.63 . Memory (MB): peak = 2686.227 ; gain = 63.055 ; free physical = 193 ; free virtual = 16370
Phase 1 Placer Initialization | Checksum: 21e602c3f

Time (s): cpu = 00:00:01 ; elapsed = 00:00:00.64 . Memory (MB): peak = 2686.227 ; gain = 63.055 ; free physical = 193 ; free virtual = 16370

Phase 2 Global Placement

Phase 2.1 Floorplanning
Phase 2.1 Floorplanning | Checksum: 228bff28d

Time (s): cpu = 00:00:01 ; elapsed = 00:00:00.66 . Memory (MB): peak = 2686.227 ; gain = 63.055 ; free physical = 195 ; free virtual = 16373

Phase 2.2 Global Placement Core

Phase 2.2.1 Physical Synthesis In Placer
INFO: [Physopt 32-1018] Found 2 candidate LUT instances to create LUTNM shape
INFO: [Physopt 32-775] End 1 Pass. Optimized 1 net or cell. Created 0 new cell, deleted 1 existing cell and moved 0 existing cell
INFO: [Physopt 32-65] No nets found for high-fanout optimization.
INFO: [Physopt 32-232] Optimized 0 net. Created 0 new instance.
INFO: [Physopt 32-775] End 1 Pass. Optimized 0 net or cell. Created 0 new cell, deleted 0 existing cell and moved 0 existing cell
INFO: [Physopt 32-670] No setup violation found.  DSP Register Optimization was not performed.
INFO: [Physopt 32-670] No setup violation found.  Shift Register to Pipeline Optimization was not performed.
INFO: [Physopt 32-670] No setup violation found.  Shift Register Optimization was not performed.
INFO: [Physopt 32-670] No setup violation found.  BRAM Register Optimization was not performed.
INFO: [Physopt 32-949] No candidate nets found for HD net replication
INFO: [Physopt 32-775] End 1 Pass. Optimized 0 net or cell. Created 0 new cell, deleted 0 existing cell and moved 0 existing cell
Netlist sorting complete. Time (s): cpu = 00:00:00 ; elapsed = 00:00:00 . Memory (MB): peak = 2686.227 ; gain = 0.000 ; free physical = 177 ; free virtual = 16363

Summary of Physical Synthesis Optimizations
============================================


-----------------------------------------------------------------------------------------------------------------------------------------------------------
|  Optimization                                     |  Added Cells  |  Removed Cells  |  Optimized Cells/Nets  |  Dont Touch  |  Iterations  |  Elapsed   |
-----------------------------------------------------------------------------------------------------------------------------------------------------------
|  LUT Combining                                    |            0  |              1  |                     1  |           0  |           1  |  00:00:00  |
|  Very High Fanout                                 |            0  |              0  |                     0  |           0  |           1  |  00:00:00  |
|  DSP Register                                     |            0  |              0  |                     0  |           0  |           0  |  00:00:00  |
|  Shift Register to Pipeline                       |            0  |              0  |                     0  |           0  |           0  |  00:00:00  |
|  Shift Register                                   |            0  |              0  |                     0  |           0  |           0  |  00:00:00  |
|  BRAM Register                                    |            0  |              0  |                     0  |           0  |           0  |  00:00:00  |
|  Dynamic/Static Region Interface Net Replication  |            0  |              0  |                     0  |           0  |           1  |  00:00:00  |
|  Total                                            |            0  |              1  |                     1  |           0  |           3  |  00:00:00  |
-----------------------------------------------------------------------------------------------------------------------------------------------------------


Phase 2.2.1 Physical Synthesis In Placer | Checksum: 1f442b652

Time (s): cpu = 00:00:03 ; elapsed = 00:00:01 . Memory (MB): peak = 2686.227 ; gain = 63.055 ; free physical = 177 ; free virtual = 16363
Phase 2.2 Global Placement Core | Checksum: 2915ebca4

Time (s): cpu = 00:00:03 ; elapsed = 00:00:01 . Memory (MB): peak = 2686.227 ; gain = 63.055 ; free physical = 177 ; free virtual = 16362
Phase 2 Global Placement | Checksum: 2915ebca4

Time (s): cpu = 00:00:03 ; elapsed = 00:00:01 . Memory (MB): peak = 2686.227 ; gain = 63.055 ; free physical = 177 ; free virtual = 16362

Phase 3 Detail Placement

Phase 3.1 Commit Multi Column Macros
Phase 3.1 Commit Multi Column Macros | Checksum: 23a39fecd

Time (s): cpu = 00:00:03 ; elapsed = 00:00:01 . Memory (MB): peak = 2686.227 ; gain = 63.055 ; free physical = 176 ; free virtual = 16362

Phase 3.2 Commit Most Macros & LUTRAMs
Phase 3.2 Commit Most Macros & LUTRAMs | Checksum: 1f340f695

Time (s): cpu = 00:00:03 ; elapsed = 00:00:01 . Memory (MB): peak = 2686.227 ; gain = 63.055 ; free physical = 175 ; free virtual = 16361

Phase 3.3 Area Swap Optimization
Phase 3.3 Area Swap Optimization | Checksum: 2ac690e71

Time (s): cpu = 00:00:03 ; elapsed = 00:00:01 . Memory (MB): peak = 2686.227 ; gain = 63.055 ; free physical = 175 ; free virtual = 16361

Phase 3.4 Pipeline Register Optimization
Phase 3.4 Pipeline Register Optimization | Checksum: 24e41cf75

Time (s): cpu = 00:00:03 ; elapsed = 00:00:01 . Memory (MB): peak = 2686.227 ; gain = 63.055 ; free physical = 175 ; free virtual = 16361

Phase 3.5 Small Shape Detail Placement
Phase 3.5 Small Shape Detail Placement | Checksum: 199a64a55

Time (s): cpu = 00:00:03 ; elapsed = 00:00:01 . Memory (MB): peak = 2686.227 ; gain = 63.055 ; free physical = 173 ; free virtual = 16359

Phase 3.6 Re-assign LUT pins
Phase 3.6 Re-assign LUT pins | Checksum: 199a64a55

Time (s): cpu = 00:00:03 ; elapsed = 00:00:01 . Memory (MB): peak = 2686.227 ; gain = 63.055 ; free physical = 173 ; free virtual = 16359

Phase 3.7 Pipeline Register Optimization
Phase 3.7 Pipeline Register Optimization | Checksum: 16f7f8b59

Time (s): cpu = 00:00:03 ; elapsed = 00:00:01 . Memory (MB): peak = 2686.227 ; gain = 63.055 ; free physical = 173 ; free virtual = 16359
Phase 3 Detail Placement | Checksum: 16f7f8b59

Time (s): cpu = 00:00:03 ; elapsed = 00:00:01 . Memory (MB): peak = 2686.227 ; gain = 63.055 ; free physical = 173 ; free virtual = 16359

Phase 4 Post Placement Optimization and Clean-Up

Phase 4.1 Post Commit Optimization
INFO: [Timing 38-35] Done setting XDC timing constraints.

Phase 4.1.1 Post Placement Optimization
Post Placement Optimization Initialization | Checksum: 137deeae6

Phase 4.1.1.1 BUFG Insertion
INFO: [Place 46-56] BUFG insertion identified 0 candidate nets. Inserted BUFG: 0, Replicated BUFG Driver: 0, Skipped due to Placement/Routing Conflicts: 0, Skipped due to Timing Degradation: 0, Skipped due to Illegal Netlist: 0.
Phase 4.1.1.1 BUFG Insertion | Checksum: 137deeae6

Time (s): cpu = 00:00:04 ; elapsed = 00:00:02 . Memory (MB): peak = 2686.227 ; gain = 63.055 ; free physical = 174 ; free virtual = 16360
INFO: [Place 30-746] Post Placement Timing Summary WNS=0.815. For the most accurate timing information please run report_timing.
Phase 4.1.1 Post Placement Optimization | Checksum: 160de2808

Time (s): cpu = 00:00:04 ; elapsed = 00:00:02 . Memory (MB): peak = 2686.227 ; gain = 63.055 ; free physical = 174 ; free virtual = 16360
Phase 4.1 Post Commit Optimization | Checksum: 160de2808

Time (s): cpu = 00:00:04 ; elapsed = 00:00:02 . Memory (MB): peak = 2686.227 ; gain = 63.055 ; free physical = 174 ; free virtual = 16360

Phase 4.2 Post Placement Cleanup
Phase 4.2 Post Placement Cleanup | Checksum: 160de2808

Time (s): cpu = 00:00:04 ; elapsed = 00:00:02 . Memory (MB): peak = 2686.227 ; gain = 63.055 ; free physical = 174 ; free virtual = 16360

Phase 4.3 Placer Reporting
Phase 4.3 Placer Reporting | Checksum: 160de2808

Time (s): cpu = 00:00:04 ; elapsed = 00:00:02 . Memory (MB): peak = 2686.227 ; gain = 63.055 ; free physical = 174 ; free virtual = 16360

Phase 4.4 Final Placement Cleanup
Netlist sorting complete. Time (s): cpu = 00:00:00 ; elapsed = 00:00:00 . Memory (MB): peak = 2686.227 ; gain = 0.000 ; free physical = 174 ; free virtual = 16360
Phase 4.4 Final Placement Cleanup | Checksum: 19641a8d0

Time (s): cpu = 00:00:04 ; elapsed = 00:00:02 . Memory (MB): peak = 2686.227 ; gain = 63.055 ; free physical = 174 ; free virtual = 16360
Phase 4 Post Placement Optimization and Clean-Up | Checksum: 19641a8d0

Time (s): cpu = 00:00:04 ; elapsed = 00:00:02 . Memory (MB): peak = 2686.227 ; gain = 63.055 ; free physical = 174 ; free virtual = 16360
Ending Placer Task | Checksum: facc2544

Time (s): cpu = 00:00:04 ; elapsed = 00:00:02 . Memory (MB): peak = 2686.227 ; gain = 63.055 ; free physical = 174 ; free virtual = 16360
INFO: [Common 17-83] Releasing license: Implementation
59 Infos, 0 Warnings, 0 Critical Warnings and 0 Errors encountered.
place_design completed successfully
Netlist sorting complete. Time (s): cpu = 00:00:00 ; elapsed = 00:00:00 . Memory (MB): peak = 2686.227 ; gain = 0.000 ; free physical = 183 ; free virtual = 16369
INFO: [Timing 38-480] Writing timing data to binary archive.
Writing placer database...
Writing XDEF routing.
Writing XDEF routing logical nets.
Writing XDEF routing special nets.
Write XDEF Complete: Time (s): cpu = 00:00:00.09 ; elapsed = 00:00:00.02 . Memory (MB): peak = 2686.227 ; gain = 0.000 ; free physical = 178 ; free virtual = 16366
INFO: [Common 17-1381] The checkpoint '/home/nicola/Documents/vivado/DESD/moving_average/moving_average.runs/impl_1/moving_average_placed.dcp' has been generated.
INFO: [runtcl-4] Executing : report_io -file moving_average_io_placed.rpt
report_io: Time (s): cpu = 00:00:00.12 ; elapsed = 00:00:00.14 . Memory (MB): peak = 2686.227 ; gain = 0.000 ; free physical = 175 ; free virtual = 16362
INFO: [runtcl-4] Executing : report_utilization -file moving_average_utilization_placed.rpt -pb moving_average_utilization_placed.pb
INFO: [runtcl-4] Executing : report_control_sets -verbose -file moving_average_control_sets_placed.rpt
report_control_sets: Time (s): cpu = 00:00:00.05 ; elapsed = 00:00:00.08 . Memory (MB): peak = 2686.227 ; gain = 0.000 ; free physical = 178 ; free virtual = 16365
Command: phys_opt_design
Attempting to get a license for feature 'Implementation' and/or device 'xc7a35t'
INFO: [Common 17-349] Got license for feature 'Implementation' and/or device 'xc7a35t'
INFO: [Vivado_Tcl 4-383] Design worst setup slack (WNS) is greater than or equal to 0.250 ns. Skipping all physical synthesis optimizations.
INFO: [Vivado_Tcl 4-232] No setup violation found. The netlist was not modified.
INFO: [Common 17-83] Releasing license: Implementation
68 Infos, 0 Warnings, 0 Critical Warnings and 0 Errors encountered.
phys_opt_design completed successfully
Netlist sorting complete. Time (s): cpu = 00:00:00 ; elapsed = 00:00:00 . Memory (MB): peak = 2686.227 ; gain = 0.000 ; free physical = 182 ; free virtual = 16329
INFO: [Timing 38-480] Writing timing data to binary archive.
Writing placer database...
Writing XDEF routing.
Writing XDEF routing logical nets.
Writing XDEF routing special nets.
Write XDEF Complete: Time (s): cpu = 00:00:00.14 ; elapsed = 00:00:00.05 . Memory (MB): peak = 2686.227 ; gain = 0.000 ; free physical = 179 ; free virtual = 16326
INFO: [Common 17-1381] The checkpoint '/home/nicola/Documents/vivado/DESD/moving_average/moving_average.runs/impl_1/moving_average_physopt.dcp' has been generated.
Command: route_design
Attempting to get a license for feature 'Implementation' and/or device 'xc7a35t'
INFO: [Common 17-349] Got license for feature 'Implementation' and/or device 'xc7a35t'
Running DRC as a precondition to command route_design
INFO: [DRC 23-27] Running DRC with 8 threads
INFO: [Vivado_Tcl 4-198] DRC finished with 0 Errors
INFO: [Vivado_Tcl 4-199] Please refer to the DRC report (report_drc) for more information.


Starting Routing Task
INFO: [Route 35-254] Multithreading enabled for route_design using a maximum of 8 CPUs
Checksum: PlaceDB: 1c45568 ConstDB: 0 ShapeSum: f907cfdc RouteDB: 0

Phase 1 Build RT Design
Phase 1 Build RT Design | Checksum: 1352f5934

Time (s): cpu = 00:00:14 ; elapsed = 00:00:12 . Memory (MB): peak = 2790.324 ; gain = 0.000 ; free physical = 168 ; free virtual = 16228
Post Restoration Checksum: NetGraph: 95eb677c NumContArr: 9f43f1b8 Constraints: 0 Timing: 0

Phase 2 Router Initialization

Phase 2.1 Create Timer
Phase 2.1 Create Timer | Checksum: 1352f5934

Time (s): cpu = 00:00:14 ; elapsed = 00:00:12 . Memory (MB): peak = 2790.324 ; gain = 0.000 ; free physical = 167 ; free virtual = 16228

Phase 2.2 Fix Topology Constraints
Phase 2.2 Fix Topology Constraints | Checksum: 1352f5934

Time (s): cpu = 00:00:14 ; elapsed = 00:00:12 . Memory (MB): peak = 2790.324 ; gain = 0.000 ; free physical = 146 ; free virtual = 16191

Phase 2.3 Pre Route Cleanup
Phase 2.3 Pre Route Cleanup | Checksum: 1352f5934

Time (s): cpu = 00:00:14 ; elapsed = 00:00:12 . Memory (MB): peak = 2790.324 ; gain = 0.000 ; free physical = 146 ; free virtual = 16191
 Number of Nodes with overlaps = 0

Phase 2.4 Update Timing
Phase 2.4 Update Timing | Checksum: 23f901b13

Time (s): cpu = 00:00:14 ; elapsed = 00:00:12 . Memory (MB): peak = 2790.324 ; gain = 0.000 ; free physical = 157 ; free virtual = 16183
INFO: [Route 35-416] Intermediate Timing Summary | WNS=0.753  | TNS=0.000  | WHS=-0.062 | THS=-1.773 |

Phase 2 Router Initialization | Checksum: 1ebfc62c9

Time (s): cpu = 00:00:14 ; elapsed = 00:00:12 . Memory (MB): peak = 2790.324 ; gain = 0.000 ; free physical = 157 ; free virtual = 16183

Router Utilization Summary
  Global Vertical Routing Utilization    = 0 %
  Global Horizontal Routing Utilization  = 0 %
  Routable Net Status*
  *Does not include unroutable nets such as driverless and loadless.
  Run report_route_status for detailed report.
  Number of Failed Nets               = 288
    (Failed Nets is the sum of unrouted and partially routed nets)
  Number of Unrouted Nets             = 288
  Number of Partially Routed Nets     = 0
  Number of Node Overlaps             = 0


Phase 3 Initial Routing
Phase 3 Initial Routing | Checksum: 1e29c8bcf

Time (s): cpu = 00:00:15 ; elapsed = 00:00:13 . Memory (MB): peak = 2790.324 ; gain = 0.000 ; free physical = 157 ; free virtual = 16184

Phase 4 Rip-up And Reroute

Phase 4.1 Global Iteration 0
 Number of Nodes with overlaps = 0
INFO: [Route 35-416] Intermediate Timing Summary | WNS=0.750  | TNS=0.000  | WHS=N/A    | THS=N/A    |

Phase 4.1 Global Iteration 0 | Checksum: 1b956414e

Time (s): cpu = 00:00:15 ; elapsed = 00:00:13 . Memory (MB): peak = 2790.324 ; gain = 0.000 ; free physical = 157 ; free virtual = 16184
Phase 4 Rip-up And Reroute | Checksum: 1b956414e

Time (s): cpu = 00:00:15 ; elapsed = 00:00:13 . Memory (MB): peak = 2790.324 ; gain = 0.000 ; free physical = 157 ; free virtual = 16184

Phase 5 Delay and Skew Optimization

Phase 5.1 Delay CleanUp
Phase 5.1 Delay CleanUp | Checksum: 1b956414e

Time (s): cpu = 00:00:15 ; elapsed = 00:00:13 . Memory (MB): peak = 2790.324 ; gain = 0.000 ; free physical = 157 ; free virtual = 16184

Phase 5.2 Clock Skew Optimization
Phase 5.2 Clock Skew Optimization | Checksum: 1b956414e

Time (s): cpu = 00:00:15 ; elapsed = 00:00:13 . Memory (MB): peak = 2790.324 ; gain = 0.000 ; free physical = 157 ; free virtual = 16184
Phase 5 Delay and Skew Optimization | Checksum: 1b956414e

Time (s): cpu = 00:00:15 ; elapsed = 00:00:13 . Memory (MB): peak = 2790.324 ; gain = 0.000 ; free physical = 157 ; free virtual = 16184

Phase 6 Post Hold Fix

Phase 6.1 Hold Fix Iter

Phase 6.1.1 Update Timing
Phase 6.1.1 Update Timing | Checksum: 186a78473

Time (s): cpu = 00:00:15 ; elapsed = 00:00:13 . Memory (MB): peak = 2790.324 ; gain = 0.000 ; free physical = 157 ; free virtual = 16185
INFO: [Route 35-416] Intermediate Timing Summary | WNS=0.829  | TNS=0.000  | WHS=0.173  | THS=0.000  |

Phase 6.1 Hold Fix Iter | Checksum: 186a78473

Time (s): cpu = 00:00:15 ; elapsed = 00:00:13 . Memory (MB): peak = 2790.324 ; gain = 0.000 ; free physical = 157 ; free virtual = 16185
Phase 6 Post Hold Fix | Checksum: 186a78473

Time (s): cpu = 00:00:15 ; elapsed = 00:00:13 . Memory (MB): peak = 2790.324 ; gain = 0.000 ; free physical = 157 ; free virtual = 16185

Phase 7 Route finalize

Router Utilization Summary
  Global Vertical Routing Utilization    = 0.101331 %
  Global Horizontal Routing Utilization  = 0.198464 %
  Routable Net Status*
  *Does not include unroutable nets such as driverless and loadless.
  Run report_route_status for detailed report.
  Number of Failed Nets               = 0
    (Failed Nets is the sum of unrouted and partially routed nets)
  Number of Unrouted Nets             = 0
  Number of Partially Routed Nets     = 0
  Number of Node Overlaps             = 0

Phase 7 Route finalize | Checksum: 186a78473

Time (s): cpu = 00:00:15 ; elapsed = 00:00:13 . Memory (MB): peak = 2790.324 ; gain = 0.000 ; free physical = 157 ; free virtual = 16185

Phase 8 Verifying routed nets

 Verification completed successfully
Phase 8 Verifying routed nets | Checksum: 186a78473

Time (s): cpu = 00:00:15 ; elapsed = 00:00:13 . Memory (MB): peak = 2790.324 ; gain = 0.000 ; free physical = 154 ; free virtual = 16182

Phase 9 Depositing Routes
Phase 9 Depositing Routes | Checksum: c9937cf5

Time (s): cpu = 00:00:15 ; elapsed = 00:00:13 . Memory (MB): peak = 2790.324 ; gain = 0.000 ; free physical = 154 ; free virtual = 16182

Phase 10 Post Router Timing
INFO: [Route 35-57] Estimated Timing Summary | WNS=0.829  | TNS=0.000  | WHS=0.173  | THS=0.000  |

INFO: [Route 35-327] The final timing numbers are based on the router estimated timing analysis. For a complete and accurate timing signoff, please run report_timing_summary.
Phase 10 Post Router Timing | Checksum: c9937cf5

Time (s): cpu = 00:00:15 ; elapsed = 00:00:13 . Memory (MB): peak = 2790.324 ; gain = 0.000 ; free physical = 154 ; free virtual = 16182
INFO: [Route 35-16] Router Completed Successfully

Time (s): cpu = 00:00:15 ; elapsed = 00:00:13 . Memory (MB): peak = 2790.324 ; gain = 0.000 ; free physical = 187 ; free virtual = 16215

Routing Is Done.
INFO: [Common 17-83] Releasing license: Implementation
82 Infos, 0 Warnings, 0 Critical Warnings and 0 Errors encountered.
route_design completed successfully
route_design: Time (s): cpu = 00:00:17 ; elapsed = 00:00:15 . Memory (MB): peak = 2790.324 ; gain = 104.098 ; free physical = 187 ; free virtual = 16215
Netlist sorting complete. Time (s): cpu = 00:00:00 ; elapsed = 00:00:00 . Memory (MB): peak = 2790.324 ; gain = 0.000 ; free physical = 187 ; free virtual = 16215
INFO: [Timing 38-480] Writing timing data to binary archive.
Writing placer database...
Writing XDEF routing.
Writing XDEF routing logical nets.
Writing XDEF routing special nets.
Write XDEF Complete: Time (s): cpu = 00:00:00.09 ; elapsed = 00:00:00.02 . Memory (MB): peak = 2790.324 ; gain = 0.000 ; free physical = 184 ; free virtual = 16213
INFO: [Common 17-1381] The checkpoint '/home/nicola/Documents/vivado/DESD/moving_average/moving_average.runs/impl_1/moving_average_routed.dcp' has been generated.
INFO: [runtcl-4] Executing : report_drc -file moving_average_drc_routed.rpt -pb moving_average_drc_routed.pb -rpx moving_average_drc_routed.rpx
Command: report_drc -file moving_average_drc_routed.rpt -pb moving_average_drc_routed.pb -rpx moving_average_drc_routed.rpx
INFO: [IP_Flow 19-1839] IP Catalog is up to date.
INFO: [DRC 23-27] Running DRC with 8 threads
INFO: [Coretcl 2-168] The results of DRC are in file /home/nicola/Documents/vivado/DESD/moving_average/moving_average.runs/impl_1/moving_average_drc_routed.rpt.
report_drc completed successfully
INFO: [runtcl-4] Executing : report_methodology -file moving_average_methodology_drc_routed.rpt -pb moving_average_methodology_drc_routed.pb -rpx moving_average_methodology_drc_routed.rpx
Command: report_methodology -file moving_average_methodology_drc_routed.rpt -pb moving_average_methodology_drc_routed.pb -rpx moving_average_methodology_drc_routed.rpx
INFO: [Timing 38-35] Done setting XDC timing constraints.
INFO: [DRC 23-133] Running Methodology with 8 threads
INFO: [Coretcl 2-1520] The results of Report Methodology are in file /home/nicola/Documents/vivado/DESD/moving_average/moving_average.runs/impl_1/moving_average_methodology_drc_routed.rpt.
report_methodology completed successfully
INFO: [runtcl-4] Executing : report_power -file moving_average_power_routed.rpt -pb moving_average_power_summary_routed.pb -rpx moving_average_power_routed.rpx
Command: report_power -file moving_average_power_routed.rpt -pb moving_average_power_summary_routed.pb -rpx moving_average_power_routed.rpx
INFO: [Timing 38-35] Done setting XDC timing constraints.
Running Vector-less Activity Propagation...

Finished Running Vector-less Activity Propagation
94 Infos, 0 Warnings, 0 Critical Warnings and 0 Errors encountered.
report_power completed successfully
INFO: [runtcl-4] Executing : report_route_status -file moving_average_route_status.rpt -pb moving_average_route_status.pb
INFO: [runtcl-4] Executing : report_timing_summary -max_paths 10 -file moving_average_timing_summary_routed.rpt -pb moving_average_timing_summary_routed.pb -rpx moving_average_timing_summary_routed.rpx -warn_on_violation 
INFO: [Timing 38-91] UpdateTimingParams: Speed grade: -1, Delay Type: min_max.
INFO: [Timing 38-191] Multithreading enabled for timing update using a maximum of 8 CPUs
INFO: [runtcl-4] Executing : report_incremental_reuse -file moving_average_incremental_reuse_routed.rpt
INFO: [Vivado_Tcl 4-1062] Incremental flow is disabled. No incremental reuse Info to report.
INFO: [runtcl-4] Executing : report_clock_utilization -file moving_average_clock_utilization_routed.rpt
INFO: [runtcl-4] Executing : report_bus_skew -warn_on_violation -file moving_average_bus_skew_routed.rpt -pb moving_average_bus_skew_routed.pb -rpx moving_average_bus_skew_routed.rpx
INFO: [Timing 38-91] UpdateTimingParams: Speed grade: -1, Delay Type: min_max.
INFO: [Timing 38-191] Multithreading enabled for timing update using a maximum of 8 CPUs
INFO: [Common 17-206] Exiting Vivado at Sun May  3 21:38:35 2020...
