#-----------------------------------------------------------
# Vivado v2020.2 (64-bit)
# SW Build 3064766 on Wed Nov 18 09:12:45 MST 2020
# IP Build 3064653 on Wed Nov 18 14:17:31 MST 2020
# Start of session at: Sat Sep 11 18:11:31 2021
# Process ID: 5932
# Current directory: C:/DESD/Projects/MEMORY_02_FIFO_project.xpr/MEMORY_02_FIFO_project
# Command line: vivado.exe -gui_launcher_event rodinguilauncherevent1140 C:\DESD\Projects\MEMORY_02_FIFO_project.xpr\MEMORY_02_FIFO_project\MEMORY_02_FIFO_project.xpr
# Log file: C:/DESD/Projects/MEMORY_02_FIFO_project.xpr/MEMORY_02_FIFO_project/vivado.log
# Journal file: C:/DESD/Projects/MEMORY_02_FIFO_project.xpr/MEMORY_02_FIFO_project\vivado.jou
#-----------------------------------------------------------
start_gui
open_project C:/DESD/Projects/MEMORY_02_FIFO_project.xpr/MEMORY_02_FIFO_project/MEMORY_02_FIFO_project.xpr
Scanning sources...
Finished scanning sources
INFO: [Project 1-230] Project 'MEMORY_02_FIFO_project.xpr' upgraded for this version of Vivado.
INFO: [IP_Flow 19-234] Refreshing IP repositories
INFO: [IP_Flow 19-1704] No user IP repositories specified
INFO: [IP_Flow 19-2313] Loaded Vivado IP repository 'C:/Xilinx2/Vivado/2020.2/data/ip'.
open_project: Time (s): cpu = 00:00:15 ; elapsed = 00:00:07 . Memory (MB): peak = 1126.359 ; gain = 0.000
update_compile_order -fileset sources_1
launch_simulation
Command: launch_simulation 
INFO: [Vivado 12-5682] Launching behavioral simulation in 'C:/DESD/Projects/MEMORY_02_FIFO_project.xpr/MEMORY_02_FIFO_project/MEMORY_02_FIFO_project.sim/sim_1/behav/xsim'
INFO: [SIM-utils-51] Simulation object is 'sim_1'
INFO: [SIM-utils-54] Inspecting design source files for 'tb_FIFO' in fileset 'sim_1'...
INFO: [USF-XSim-97] Finding global include files...
INFO: [USF-XSim-98] Fetching design files from 'sim_1'...
INFO: [USF-XSim-2] XSim::Compile design
INFO: [USF-XSim-61] Executing 'COMPILE and ANALYZE' step in 'C:/DESD/Projects/MEMORY_02_FIFO_project.xpr/MEMORY_02_FIFO_project/MEMORY_02_FIFO_project.sim/sim_1/behav/xsim'
"xvhdl --incr --relax -prj tb_FIFO_vhdl.prj"
INFO: [VRFC 10-163] Analyzing VHDL file "C:/DESD/Projects/MEMORY_02_FIFO_project.xpr/MEMORY_02_FIFO_project/MEMORY_02_FIFO_project.srcs/sources_1/imports/fifo/fifo.vhd" into library xil_defaultlib
INFO: [VRFC 10-3107] analyzing entity 'fifo'
INFO: [VRFC 10-163] Analyzing VHDL file "C:/DESD/Projects/MEMORY_02_FIFO_project.xpr/MEMORY_02_FIFO_project/MEMORY_02_FIFO_project.srcs/sim_1/imports/fifo/fifo_tb.vhd" into library xil_defaultlib
INFO: [VRFC 10-3107] analyzing entity 'tb_FIFO'
INFO: [USF-XSim-69] 'compile' step finished in '1' seconds
INFO: [USF-XSim-3] XSim::Elaborate design
INFO: [USF-XSim-61] Executing 'ELABORATE' step in 'C:/DESD/Projects/MEMORY_02_FIFO_project.xpr/MEMORY_02_FIFO_project/MEMORY_02_FIFO_project.sim/sim_1/behav/xsim'
"xelab -wto d79a9f4b6a2b474f8d4abba64a4f4880 --incr --debug typical --relax --mt 2 -L xil_defaultlib -L secureip --snapshot tb_FIFO_behav xil_defaultlib.tb_FIFO -log elaborate.log"
Vivado Simulator 2020.2
Copyright 1986-1999, 2001-2020 Xilinx, Inc. All Rights Reserved.
Running: C:/Xilinx2/Vivado/2020.2/bin/unwrapped/win64.o/xelab.exe -wto d79a9f4b6a2b474f8d4abba64a4f4880 --incr --debug typical --relax --mt 2 -L xil_defaultlib -L secureip --snapshot tb_FIFO_behav xil_defaultlib.tb_FIFO -log elaborate.log 
Using 2 slave threads.
Starting static elaboration
Completed static elaboration
Starting simulation data flow analysis
Completed simulation data flow analysis
Time Resolution for simulation is 1ps
Compiling package std.standard
Compiling package std.textio
Compiling package ieee.std_logic_1164
Compiling package ieee.numeric_std
Compiling architecture behavioral of entity xil_defaultlib.fifo [\fifo(fifo_depth=8)\]
Compiling architecture behavioral of entity xil_defaultlib.tb_fifo
Built simulation snapshot tb_FIFO_behav

****** Webtalk v2020.2 (64-bit)
  **** SW Build 3064766 on Wed Nov 18 09:12:45 MST 2020
  **** IP Build 3064653 on Wed Nov 18 14:17:31 MST 2020
    ** Copyright 1986-2020 Xilinx, Inc. All Rights Reserved.

source C:/DESD/Projects/MEMORY_02_FIFO_project.xpr/MEMORY_02_FIFO_project/MEMORY_02_FIFO_project.sim/sim_1/behav/xsim/xsim.dir/tb_FIFO_behav/webtalk/xsim_webtalk.tcl -notrace
INFO: [Common 17-206] Exiting Webtalk at Sat Sep 11 18:23:33 2021...
INFO: [USF-XSim-69] 'elaborate' step finished in '3' seconds
INFO: [USF-XSim-4] XSim::Simulate design
INFO: [USF-XSim-61] Executing 'SIMULATE' step in 'C:/DESD/Projects/MEMORY_02_FIFO_project.xpr/MEMORY_02_FIFO_project/MEMORY_02_FIFO_project.sim/sim_1/behav/xsim'
INFO: [USF-XSim-98] *** Running xsim
   with args "tb_FIFO_behav -key {Behavioral:sim_1:Functional:tb_FIFO} -tclbatch {tb_FIFO.tcl} -log {simulate.log}"
INFO: [USF-XSim-8] Loading simulator feature
Vivado Simulator 2020.2
Time resolution is 1 ps
source tb_FIFO.tcl
# set curr_wave [current_wave_config]
# if { [string length $curr_wave] == 0 } {
#   if { [llength [get_objects]] > 0} {
#     add_wave /
#     set_property needs_save false [current_wave_config]
#   } else {
#      send_msg_id Add_Wave-1 WARNING "No top level signals found. Simulator will start without a wave window. If you want to open a wave window go to 'File->New Waveform Configuration' or type 'create_wave_config' in the TCL console."
#   }
# }
# run 1000ns
INFO: [USF-XSim-96] XSim completed. Design snapshot 'tb_FIFO_behav' loaded.
INFO: [USF-XSim-97] XSim simulation ran for 1000ns
launch_simulation: Time (s): cpu = 00:00:07 ; elapsed = 00:00:09 . Memory (MB): peak = 1126.359 ; gain = 0.000
close_sim
INFO: [Simtcl 6-16] Simulation closed
exit
INFO: [Common 17-206] Exiting Vivado at Sat Sep 11 18:30:53 2021...
