
*** Running vivado
    with args -log audio_bd_volume_controller_0_0.vds -m64 -product Vivado -mode batch -messageDb vivado.pb -notrace -source audio_bd_volume_controller_0_0.tcl



****** Vivado v2020.2 (64-bit)
  **** SW Build 3064766 on Wed Nov 18 09:12:45 MST 2020
  **** IP Build 3064653 on Wed Nov 18 14:17:31 MST 2020
    ** Copyright 1986-2020 Xilinx, Inc. All Rights Reserved.

source audio_bd_volume_controller_0_0.tcl -notrace
INFO: [IP_Flow 19-234] Refreshing IP repositories
INFO: [IP_Flow 19-1700] Loaded user IP repository 'c:/DESD/Repository'.
INFO: [IP_Flow 19-2313] Loaded Vivado IP repository 'C:/Xilinx2/Vivado/2020.2/data/ip'.
Command: synth_design -top audio_bd_volume_controller_0_0 -part xc7a35tcpg236-1 -mode out_of_context
Starting synth_design
WARNING: [IP_Flow 19-3571] IP 'audio_bd_volume_controller_0_0' is restricted:
* Module reference is stale and needs refreshing.
Attempting to get a license for feature 'Synthesis' and/or device 'xc7a35t'
INFO: [Common 17-349] Got license for feature 'Synthesis' and/or device 'xc7a35t'
INFO: [Device 21-403] Loading part xc7a35tcpg236-1
INFO: [Synth 8-7079] Multithreading enabled for synth_design using a maximum of 2 processes.
INFO: [Synth 8-7078] Launching helper process for spawning children vivado processes
INFO: [Synth 8-7075] Helper process launched with PID 4040
---------------------------------------------------------------------------------
Starting RTL Elaboration : Time (s): cpu = 00:00:07 ; elapsed = 00:00:08 . Memory (MB): peak = 1147.953 ; gain = 21.285
---------------------------------------------------------------------------------
INFO: [Synth 8-638] synthesizing module 'audio_bd_volume_controller_0_0' [c:/DESD/audio_project/audio_project.gen/sources_1/bd/audio_bd/ip/audio_bd_volume_controller_0_0/synth/audio_bd_volume_controller_0_0.vhd:72]
	Parameter DATA_WIDTH bound to: 24 - type: integer 
	Parameter VOLUME_0DB bound to: 7 - type: integer 
	Parameter VOLUME_MIN bound to: 0 - type: integer 
	Parameter VOLUME_MAX bound to: 15 - type: integer 
	Parameter HIGHER_BOUND bound to: 8388607 - type: integer 
	Parameter LOWER_BOUND bound to: -21 - type: integer 
INFO: [Synth 8-3491] module 'volume_controller' declared at 'C:/DESD/audio_project/audio_project.srcs/sources_1/new/volume_controller.vhd:34' bound to instance 'U0' of component 'volume_controller' [c:/DESD/audio_project/audio_project.gen/sources_1/bd/audio_bd/ip/audio_bd_volume_controller_0_0/synth/audio_bd_volume_controller_0_0.vhd:123]
INFO: [Synth 8-638] synthesizing module 'volume_controller' [C:/DESD/audio_project/audio_project.srcs/sources_1/new/volume_controller.vhd:61]
	Parameter DATA_WIDTH bound to: 24 - type: integer 
	Parameter VOLUME_0DB bound to: 7 - type: integer 
	Parameter VOLUME_MIN bound to: 0 - type: integer 
	Parameter VOLUME_MAX bound to: 15 - type: integer 
	Parameter HIGHER_BOUND bound to: 8388607 - type: integer 
	Parameter LOWER_BOUND bound to: -21 - type: integer 
	Parameter DATA_WIDTH bound to: 24 - type: integer 
	Parameter VOLUME_0DB bound to: 7 - type: integer 
	Parameter VOLUME_MAX bound to: 15 - type: integer 
	Parameter VOLUME_MIN bound to: 0 - type: integer 
INFO: [Synth 8-3491] module 'volume_multiplier' declared at 'C:/DESD/audio_project/audio_project.srcs/sources_1/new/volume_multiplier.vhd:34' bound to instance 'multiplier_inst' of component 'volume_multiplier' [C:/DESD/audio_project/audio_project.srcs/sources_1/new/volume_controller.vhd:93]
INFO: [Synth 8-638] synthesizing module 'volume_multiplier' [C:/DESD/audio_project/audio_project.srcs/sources_1/new/volume_multiplier.vhd:61]
	Parameter DATA_WIDTH bound to: 24 - type: integer 
	Parameter VOLUME_0DB bound to: 7 - type: integer 
	Parameter VOLUME_MAX bound to: 15 - type: integer 
	Parameter VOLUME_MIN bound to: 0 - type: integer 
INFO: [Synth 8-3491] module 'joystick_lut' declared at 'C:/DESD/audio_project/audio_project.srcs/sources_1/new/joystick_lut.vhd:34' bound to instance 'lut_inst' of component 'joystick_lut' [C:/DESD/audio_project/audio_project.srcs/sources_1/new/volume_multiplier.vhd:84]
INFO: [Synth 8-638] synthesizing module 'joystick_lut' [C:/DESD/audio_project/audio_project.srcs/sources_1/new/joystick_lut.vhd:43]
INFO: [Synth 8-256] done synthesizing module 'joystick_lut' (1#1) [C:/DESD/audio_project/audio_project.srcs/sources_1/new/joystick_lut.vhd:43]
WARNING: [Synth 8-7043] port width mismatch for port 'result': port width = 32, actual width = 4 (integer) [C:/DESD/audio_project/audio_project.srcs/sources_1/new/volume_multiplier.vhd:88]
INFO: [Synth 8-256] done synthesizing module 'volume_multiplier' (2#1) [C:/DESD/audio_project/audio_project.srcs/sources_1/new/volume_multiplier.vhd:61]
INFO: [Synth 8-256] done synthesizing module 'volume_controller' (3#1) [C:/DESD/audio_project/audio_project.srcs/sources_1/new/volume_controller.vhd:61]
INFO: [Synth 8-256] done synthesizing module 'audio_bd_volume_controller_0_0' (4#1) [c:/DESD/audio_project/audio_project.gen/sources_1/bd/audio_bd/ip/audio_bd_volume_controller_0_0/synth/audio_bd_volume_controller_0_0.vhd:72]
---------------------------------------------------------------------------------
Finished RTL Elaboration : Time (s): cpu = 00:00:09 ; elapsed = 00:00:09 . Memory (MB): peak = 1206.703 ; gain = 80.035
---------------------------------------------------------------------------------
---------------------------------------------------------------------------------
Start Handling Custom Attributes
---------------------------------------------------------------------------------
---------------------------------------------------------------------------------
Finished Handling Custom Attributes : Time (s): cpu = 00:00:09 ; elapsed = 00:00:10 . Memory (MB): peak = 1206.703 ; gain = 80.035
---------------------------------------------------------------------------------
---------------------------------------------------------------------------------
Finished RTL Optimization Phase 1 : Time (s): cpu = 00:00:09 ; elapsed = 00:00:10 . Memory (MB): peak = 1206.703 ; gain = 80.035
---------------------------------------------------------------------------------
Netlist sorting complete. Time (s): cpu = 00:00:00 ; elapsed = 00:00:00.003 . Memory (MB): peak = 1206.703 ; gain = 0.000
INFO: [Project 1-570] Preparing netlist for logic optimization

Processing XDC Constraints
Initializing timing engine
Completed Processing XDC Constraints

Netlist sorting complete. Time (s): cpu = 00:00:00 ; elapsed = 00:00:00 . Memory (MB): peak = 1297.641 ; gain = 0.000
INFO: [Project 1-111] Unisim Transformation Summary:
No Unisim elements were transformed.

Constraint Validation Runtime : Time (s): cpu = 00:00:00 ; elapsed = 00:00:00.033 . Memory (MB): peak = 1297.664 ; gain = 0.023
---------------------------------------------------------------------------------
Finished Constraint Validation : Time (s): cpu = 00:00:17 ; elapsed = 00:00:18 . Memory (MB): peak = 1297.664 ; gain = 170.996
---------------------------------------------------------------------------------
---------------------------------------------------------------------------------
Start Loading Part and Timing Information
---------------------------------------------------------------------------------
Loading part: xc7a35tcpg236-1
---------------------------------------------------------------------------------
Finished Loading Part and Timing Information : Time (s): cpu = 00:00:17 ; elapsed = 00:00:18 . Memory (MB): peak = 1297.664 ; gain = 170.996
---------------------------------------------------------------------------------
---------------------------------------------------------------------------------
Start Applying 'set_property' XDC Constraints
---------------------------------------------------------------------------------
---------------------------------------------------------------------------------
Finished applying 'set_property' XDC Constraints : Time (s): cpu = 00:00:17 ; elapsed = 00:00:18 . Memory (MB): peak = 1297.664 ; gain = 170.996
---------------------------------------------------------------------------------
---------------------------------------------------------------------------------
Finished RTL Optimization Phase 2 : Time (s): cpu = 00:00:18 ; elapsed = 00:00:19 . Memory (MB): peak = 1297.664 ; gain = 170.996
---------------------------------------------------------------------------------
---------------------------------------------------------------------------------
Start RTL Component Statistics 
---------------------------------------------------------------------------------
Detailed RTL Component Info : 
+---Adders : 
	   2 Input    4 Bit       Adders := 1     
+---Registers : 
	               24 Bit    Registers := 1     
	                6 Bit    Registers := 1     
	                4 Bit    Registers := 1     
	                3 Bit    Registers := 1     
	                1 Bit    Registers := 3     
+---ROMs : 
	                    ROMs := 1     
+---Muxes : 
	   2 Input   24 Bit        Muxes := 1     
	   2 Input    1 Bit        Muxes := 1     
---------------------------------------------------------------------------------
Finished RTL Component Statistics 
---------------------------------------------------------------------------------
---------------------------------------------------------------------------------
Start Part Resource Summary
---------------------------------------------------------------------------------
Part Resources:
DSPs: 90 (col length:60)
BRAMs: 100 (col length: RAMB18 60 RAMB36 30)
---------------------------------------------------------------------------------
Finished Part Resource Summary
---------------------------------------------------------------------------------
---------------------------------------------------------------------------------
Start Cross Boundary and Area Optimization
---------------------------------------------------------------------------------
---------------------------------------------------------------------------------
Finished Cross Boundary and Area Optimization : Time (s): cpu = 00:00:20 ; elapsed = 00:00:21 . Memory (MB): peak = 1297.664 ; gain = 170.996
---------------------------------------------------------------------------------
---------------------------------------------------------------------------------
Start ROM, RAM, DSP, Shift Register and Retiming Reporting
---------------------------------------------------------------------------------

ROM: Preliminary Mapping	Report
+-------------------------------+----------------------------------------+---------------+----------------+
|Module Name                    | RTL Object                             | Depth x Width | Implemented As | 
+-------------------------------+----------------------------------------+---------------+----------------+
|audio_bd_volume_controller_0_0 | U0/multiplier_inst/lut_inst/result_reg | 1024x6        | Block RAM      | 
+-------------------------------+----------------------------------------+---------------+----------------+

---------------------------------------------------------------------------------
Finished ROM, RAM, DSP, Shift Register and Retiming Reporting
---------------------------------------------------------------------------------
---------------------------------------------------------------------------------
Start Applying XDC Timing Constraints
---------------------------------------------------------------------------------
---------------------------------------------------------------------------------
Finished Applying XDC Timing Constraints : Time (s): cpu = 00:00:28 ; elapsed = 00:00:29 . Memory (MB): peak = 1297.664 ; gain = 170.996
---------------------------------------------------------------------------------
---------------------------------------------------------------------------------
Start Timing Optimization
---------------------------------------------------------------------------------
---------------------------------------------------------------------------------
Finished Timing Optimization : Time (s): cpu = 00:00:28 ; elapsed = 00:00:29 . Memory (MB): peak = 1297.664 ; gain = 170.996
---------------------------------------------------------------------------------
---------------------------------------------------------------------------------
Start Technology Mapping
---------------------------------------------------------------------------------
INFO: [Synth 8-7052] The timing for the instance U0/multiplier_inst/lut_inst/result_reg (implemented as a Block RAM) might be sub-optimal as no optional output register could be merged into the ram block. Providing additional output register may help in improving timing.
---------------------------------------------------------------------------------
Finished Technology Mapping : Time (s): cpu = 00:00:28 ; elapsed = 00:00:29 . Memory (MB): peak = 1313.770 ; gain = 187.102
---------------------------------------------------------------------------------
---------------------------------------------------------------------------------
Start IO Insertion
---------------------------------------------------------------------------------
---------------------------------------------------------------------------------
Start Flattening Before IO Insertion
---------------------------------------------------------------------------------
---------------------------------------------------------------------------------
Finished Flattening Before IO Insertion
---------------------------------------------------------------------------------
---------------------------------------------------------------------------------
Start Final Netlist Cleanup
---------------------------------------------------------------------------------
---------------------------------------------------------------------------------
Finished Final Netlist Cleanup
---------------------------------------------------------------------------------
---------------------------------------------------------------------------------
Finished IO Insertion : Time (s): cpu = 00:00:33 ; elapsed = 00:00:34 . Memory (MB): peak = 1321.930 ; gain = 195.262
---------------------------------------------------------------------------------
---------------------------------------------------------------------------------
Start Renaming Generated Instances
---------------------------------------------------------------------------------
---------------------------------------------------------------------------------
Finished Renaming Generated Instances : Time (s): cpu = 00:00:33 ; elapsed = 00:00:34 . Memory (MB): peak = 1321.930 ; gain = 195.262
---------------------------------------------------------------------------------
---------------------------------------------------------------------------------
Start Rebuilding User Hierarchy
---------------------------------------------------------------------------------
---------------------------------------------------------------------------------
Finished Rebuilding User Hierarchy : Time (s): cpu = 00:00:33 ; elapsed = 00:00:34 . Memory (MB): peak = 1321.930 ; gain = 195.262
---------------------------------------------------------------------------------
---------------------------------------------------------------------------------
Start Renaming Generated Ports
---------------------------------------------------------------------------------
---------------------------------------------------------------------------------
Finished Renaming Generated Ports : Time (s): cpu = 00:00:33 ; elapsed = 00:00:34 . Memory (MB): peak = 1321.930 ; gain = 195.262
---------------------------------------------------------------------------------
---------------------------------------------------------------------------------
Start Handling Custom Attributes
---------------------------------------------------------------------------------
---------------------------------------------------------------------------------
Finished Handling Custom Attributes : Time (s): cpu = 00:00:33 ; elapsed = 00:00:34 . Memory (MB): peak = 1321.930 ; gain = 195.262
---------------------------------------------------------------------------------
---------------------------------------------------------------------------------
Start Renaming Generated Nets
---------------------------------------------------------------------------------
---------------------------------------------------------------------------------
Finished Renaming Generated Nets : Time (s): cpu = 00:00:33 ; elapsed = 00:00:34 . Memory (MB): peak = 1321.930 ; gain = 195.262
---------------------------------------------------------------------------------
---------------------------------------------------------------------------------
Start Writing Synthesis Report
---------------------------------------------------------------------------------

Report BlackBoxes: 
+-+--------------+----------+
| |BlackBox name |Instances |
+-+--------------+----------+
+-+--------------+----------+

Report Cell Usage: 
+------+---------+------+
|      |Cell     |Count |
+------+---------+------+
|1     |LUT1     |     4|
|2     |LUT2     |     2|
|3     |LUT3     |    16|
|4     |LUT4     |     7|
|5     |LUT5     |    10|
|6     |LUT6     |    61|
|7     |RAMB18E1 |     1|
|8     |FDCE     |     8|
|9     |FDRE     |    25|
+------+---------+------+
---------------------------------------------------------------------------------
Finished Writing Synthesis Report : Time (s): cpu = 00:00:33 ; elapsed = 00:00:34 . Memory (MB): peak = 1321.930 ; gain = 195.262
---------------------------------------------------------------------------------
Synthesis finished with 0 errors, 0 critical warnings and 0 warnings.
Synthesis Optimization Runtime : Time (s): cpu = 00:00:21 ; elapsed = 00:00:31 . Memory (MB): peak = 1321.930 ; gain = 104.301
Synthesis Optimization Complete : Time (s): cpu = 00:00:33 ; elapsed = 00:00:34 . Memory (MB): peak = 1321.930 ; gain = 195.262
INFO: [Project 1-571] Translating synthesized netlist
Netlist sorting complete. Time (s): cpu = 00:00:00 ; elapsed = 00:00:00.004 . Memory (MB): peak = 1333.949 ; gain = 0.000
INFO: [Netlist 29-17] Analyzing 1 Unisim elements for replacement
INFO: [Netlist 29-28] Unisim Transformation completed in 0 CPU seconds
INFO: [Project 1-570] Preparing netlist for logic optimization
INFO: [Opt 31-138] Pushed 0 inverter(s) to 0 load pin(s).
Netlist sorting complete. Time (s): cpu = 00:00:00 ; elapsed = 00:00:00 . Memory (MB): peak = 1334.992 ; gain = 0.000
INFO: [Project 1-111] Unisim Transformation Summary:
No Unisim elements were transformed.

INFO: [Common 17-83] Releasing license: Synthesis
29 Infos, 2 Warnings, 0 Critical Warnings and 0 Errors encountered.
synth_design completed successfully
synth_design: Time (s): cpu = 00:00:40 ; elapsed = 00:00:43 . Memory (MB): peak = 1334.992 ; gain = 208.324
INFO: [Common 17-1381] The checkpoint 'C:/DESD/audio_project/audio_project.runs/audio_bd_volume_controller_0_0_synth_1/audio_bd_volume_controller_0_0.dcp' has been generated.
WARNING: [Common 17-576] 'use_project_ipc' is deprecated. This option is deprecated and no longer used.
INFO: [Coretcl 2-1174] Renamed 3 cell refs.
INFO: [Common 17-1381] The checkpoint 'C:/DESD/audio_project/audio_project.runs/audio_bd_volume_controller_0_0_synth_1/audio_bd_volume_controller_0_0.dcp' has been generated.
INFO: [runtcl-4] Executing : report_utilization -file audio_bd_volume_controller_0_0_utilization_synth.rpt -pb audio_bd_volume_controller_0_0_utilization_synth.pb
INFO: [Common 17-206] Exiting Vivado at Thu Sep 16 21:37:02 2021...
